2016-09-18T08:21:54.966634Z 0 [Warning] Changed limits: max_open_files: 1024 (requested 5000)
2016-09-18T08:21:54.966669Z 0 [Warning] Changed limits: table_open_cache: 431 (requested 2000)
2016-09-18T08:21:55.125241Z 0 [Warning] TIMESTAMP with implicit DEFAULT value is deprecated. Please use --explicit_defaults_for_timestamp server option (see documentation for more details).
2016-09-18T08:21:55.126897Z 0 [Note] /usr/sbin/mysqld (mysqld 5.7.15-0ubuntu0.16.04.1-log) starting as process 38159 ...
2016-09-18T08:21:55.130155Z 0 [Note] InnoDB: PUNCH HOLE support available
2016-09-18T08:21:55.130172Z 0 [Note] InnoDB: Mutexes and rw_locks use GCC atomic builtins
2016-09-18T08:21:55.130176Z 0 [Note] InnoDB: Uses event mutexes
2016-09-18T08:21:55.130181Z 0 [Note] InnoDB: GCC builtin __atomic_thread_fence() is used for memory barrier
2016-09-18T08:21:55.130184Z 0 [Note] InnoDB: Compressed tables use zlib 1.2.8
2016-09-18T08:21:55.130187Z 0 [Note] InnoDB: Using Linux native AIO
2016-09-18T08:21:55.130459Z 0 [Note] InnoDB: Number of pools: 1
2016-09-18T08:21:55.130596Z 0 [Note] InnoDB: Using CPU crc32 instructions
2016-09-18T08:21:55.135476Z 0 [Note] InnoDB: Initializing buffer pool, total size = 3G, instances = 8, chunk size = 128M
2016-09-18T08:21:55.315769Z 0 [Note] InnoDB: Completed initialization of buffer pool
2016-09-18T08:21:55.338271Z 0 [Note] InnoDB: If the mysqld execution user is authorized, page cleaner thread priority can be changed. See the man page of setpriority().
2016-09-18T08:21:55.356358Z 0 [Note] InnoDB: Highest supported file format is Barracuda.
2016-09-18T08:21:55.608855Z 0 [Note] InnoDB: Creating shared tablespace for temporary tables
2016-09-18T08:21:55.608917Z 0 [Note] InnoDB: Setting file './ibtmp1' size to 12 MB. Physically writing the file full; Please wait ...
2016-09-18T08:21:55.803150Z 0 [Note] InnoDB: File './ibtmp1' size is now 12 MB.
2016-09-18T08:21:55.803792Z 0 [Note] InnoDB: 96 redo rollback segment(s) found. 96 redo rollback segment(s) are active.
2016-09-18T08:21:55.803800Z 0 [Note] InnoDB: 32 non-redo rollback segment(s) are active.
2016-09-18T08:21:55.804138Z 0 [Note] InnoDB: Waiting for purge to start
2016-09-18T08:21:55.854712Z 0 [Note] InnoDB: 5.7.15 started; log sequence number 93896553
2016-09-18T08:21:55.854909Z 0 [Note] Plugin 'FEDERATED' is disabled.
2016-09-18T08:21:55.857639Z 0 [Note] InnoDB: Loading buffer pool(s) from /var/lib/mysql/ib_buffer_pool
2016-09-18T08:21:55.861025Z 0 [Warning] Failed to set up SSL because of the following SSL library error: SSL context is not usable without certificate and private key
2016-09-18T08:21:55.861041Z 0 [Note] Server hostname (bind-address): '127.0.0.1'; port: 3306
2016-09-18T08:21:55.861054Z 0 [Note]   - '127.0.0.1' resolves to '127.0.0.1';
2016-09-18T08:21:55.861096Z 0 [Note] Server socket created on IP: '127.0.0.1'.
2016-09-18T08:21:55.880596Z 0 [Note] Event Scheduler: Loaded 0 events
2016-09-18T08:21:55.880787Z 0 [Note] /usr/sbin/mysqld: ready for connections.
Version: '5.7.15-0ubuntu0.16.04.1-log'  socket: '/var/run/mysqld/mysqld.sock'  port: 3306  (Ubuntu)
2016-09-18T08:21:55.971038Z 2 [Note] Access denied for user 'root'@'localhost' (using password: NO)
2016-09-18T08:21:56.248550Z 0 [Note] InnoDB: Buffer pool(s) load completed at 160918 17:21:56
2016-09-18T08:26:34.774098Z 0 [Note] Giving 11 client threads a chance to die gracefully
2016-09-18T08:26:34.774151Z 0 [Note] Shutting down slave threads
2016-09-18T08:26:36.774257Z 0 [Note] Forcefully disconnecting 10 remaining clients
2016-09-18T08:26:36.774284Z 0 [Warning] /usr/sbin/mysqld: Forcing close of thread 9  user: 'isucon'

2016-09-18T08:26:36.774301Z 0 [Warning] /usr/sbin/mysqld: Forcing close of thread 8  user: 'isucon'

2016-09-18T08:26:36.774308Z 0 [Warning] /usr/sbin/mysqld: Forcing close of thread 10  user: 'isucon'

2016-09-18T08:26:36.774314Z 0 [Warning] /usr/sbin/mysqld: Forcing close of thread 6  user: 'isucon'

2016-09-18T08:26:36.774327Z 0 [Warning] /usr/sbin/mysqld: Forcing close of thread 12  user: 'isucon'

2016-09-18T08:26:36.774339Z 0 [Warning] /usr/sbin/mysqld: Forcing close of thread 7  user: 'isucon'

2016-09-18T08:26:36.774357Z 0 [Warning] /usr/sbin/mysqld: Forcing close of thread 11  user: 'isucon'

2016-09-18T08:26:36.774367Z 0 [Warning] /usr/sbin/mysqld: Forcing close of thread 4  user: 'isucon'

2016-09-18T08:26:36.774376Z 0 [Warning] /usr/sbin/mysqld: Forcing close of thread 5  user: 'isucon'

2016-09-18T08:26:36.774382Z 0 [Warning] /usr/sbin/mysqld: Forcing close of thread 13  user: 'isucon'

2016-09-18T08:26:36.774395Z 0 [Note] Event Scheduler: Purging the queue. 0 events
2016-09-18T08:26:36.774799Z 0 [Note] Binlog end
2016-09-18T08:26:36.775169Z 0 [Note] Shutting down plugin 'ngram'
2016-09-18T08:26:36.775177Z 0 [Note] Shutting down plugin 'ARCHIVE'
2016-09-18T08:26:36.775180Z 0 [Note] Shutting down plugin 'partition'
2016-09-18T08:26:36.775182Z 0 [Note] Shutting down plugin 'BLACKHOLE'
2016-09-18T08:26:36.775185Z 0 [Note] Shutting down plugin 'INNODB_SYS_VIRTUAL'
2016-09-18T08:26:36.775188Z 0 [Note] Shutting down plugin 'INNODB_SYS_DATAFILES'
2016-09-18T08:26:36.775190Z 0 [Note] Shutting down plugin 'INNODB_SYS_TABLESPACES'
2016-09-18T08:26:36.775192Z 0 [Note] Shutting down plugin 'INNODB_SYS_FOREIGN_COLS'
2016-09-18T08:26:36.775194Z 0 [Note] Shutting down plugin 'INNODB_SYS_FOREIGN'
2016-09-18T08:26:36.775196Z 0 [Note] Shutting down plugin 'INNODB_SYS_FIELDS'
2016-09-18T08:26:36.775198Z 0 [Note] Shutting down plugin 'INNODB_SYS_COLUMNS'
2016-09-18T08:26:36.775201Z 0 [Note] Shutting down plugin 'INNODB_SYS_INDEXES'
2016-09-18T08:26:36.775203Z 0 [Note] Shutting down plugin 'INNODB_SYS_TABLESTATS'
2016-09-18T08:26:36.775205Z 0 [Note] Shutting down plugin 'INNODB_SYS_TABLES'
2016-09-18T08:26:36.775207Z 0 [Note] Shutting down plugin 'INNODB_FT_INDEX_TABLE'
2016-09-18T08:26:36.775209Z 0 [Note] Shutting down plugin 'INNODB_FT_INDEX_CACHE'
2016-09-18T08:26:36.775211Z 0 [Note] Shutting down plugin 'INNODB_FT_CONFIG'
2016-09-18T08:26:36.775213Z 0 [Note] Shutting down plugin 'INNODB_FT_BEING_DELETED'
2016-09-18T08:26:36.775215Z 0 [Note] Shutting down plugin 'INNODB_FT_DELETED'
2016-09-18T08:26:36.775217Z 0 [Note] Shutting down plugin 'INNODB_FT_DEFAULT_STOPWORD'
2016-09-18T08:26:36.775219Z 0 [Note] Shutting down plugin 'INNODB_METRICS'
2016-09-18T08:26:36.775221Z 0 [Note] Shutting down plugin 'INNODB_TEMP_TABLE_INFO'
2016-09-18T08:26:36.775235Z 0 [Note] Shutting down plugin 'INNODB_BUFFER_POOL_STATS'
2016-09-18T08:26:36.775237Z 0 [Note] Shutting down plugin 'INNODB_BUFFER_PAGE_LRU'
2016-09-18T08:26:36.775239Z 0 [Note] Shutting down plugin 'INNODB_BUFFER_PAGE'
2016-09-18T08:26:36.775241Z 0 [Note] Shutting down plugin 'INNODB_CMP_PER_INDEX_RESET'
2016-09-18T08:26:36.775243Z 0 [Note] Shutting down plugin 'INNODB_CMP_PER_INDEX'
2016-09-18T08:26:36.775245Z 0 [Note] Shutting down plugin 'INNODB_CMPMEM_RESET'
2016-09-18T08:26:36.775247Z 0 [Note] Shutting down plugin 'INNODB_CMPMEM'
2016-09-18T08:26:36.775249Z 0 [Note] Shutting down plugin 'INNODB_CMP_RESET'
2016-09-18T08:26:36.775263Z 0 [Note] Shutting down plugin 'INNODB_CMP'
2016-09-18T08:26:36.775264Z 0 [Note] Shutting down plugin 'INNODB_LOCK_WAITS'
2016-09-18T08:26:36.775266Z 0 [Note] Shutting down plugin 'INNODB_LOCKS'
2016-09-18T08:26:36.775268Z 0 [Note] Shutting down plugin 'INNODB_TRX'
2016-09-18T08:26:36.775270Z 0 [Note] Shutting down plugin 'InnoDB'
2016-09-18T08:26:36.775300Z 0 [Note] InnoDB: FTS optimize thread exiting.
2016-09-18T08:26:36.775385Z 0 [Note] InnoDB: Starting shutdown...
2016-09-18T08:26:36.875562Z 0 [Note] InnoDB: Dumping buffer pool(s) to /var/lib/mysql/ib_buffer_pool
2016-09-18T08:26:36.875844Z 0 [Note] InnoDB: Buffer pool(s) dump completed at 160918 17:26:36
2016-09-18T08:26:38.388249Z 0 [Note] InnoDB: Shutdown completed; log sequence number 93959093
2016-09-18T08:26:38.388353Z 0 [Note] InnoDB: Removed temporary tablespace data file: "ibtmp1"
2016-09-18T08:26:38.388372Z 0 [Note] Shutting down plugin 'MEMORY'
2016-09-18T08:26:38.388377Z 0 [Note] Shutting down plugin 'PERFORMANCE_SCHEMA'
2016-09-18T08:26:38.388399Z 0 [Note] Shutting down plugin 'MRG_MYISAM'
2016-09-18T08:26:38.388402Z 0 [Note] Shutting down plugin 'MyISAM'
2016-09-18T08:26:38.388417Z 0 [Note] Shutting down plugin 'CSV'
2016-09-18T08:26:38.388421Z 0 [Note] Shutting down plugin 'sha256_password'
2016-09-18T08:26:38.388423Z 0 [Note] Shutting down plugin 'mysql_native_password'
2016-09-18T08:26:38.388546Z 0 [Note] Shutting down plugin 'binlog'
2016-09-18T08:26:38.389945Z 0 [Note] /usr/sbin/mysqld: Shutdown complete

