2016-09-18T04:42:34.326353Z 0 [Warning] Changed limits: max_open_files: 1024 (requested 5000)
2016-09-18T04:42:34.326395Z 0 [Warning] Changed limits: table_open_cache: 431 (requested 2000)
2016-09-18T04:42:34.480359Z 0 [Warning] TIMESTAMP with implicit DEFAULT value is deprecated. Please use --explicit_defaults_for_timestamp server option (see documentation for more details).
2016-09-18T04:42:34.481787Z 0 [Note] /usr/sbin/mysqld (mysqld 5.7.15-0ubuntu0.16.04.1-log) starting as process 15366 ...
2016-09-18T04:42:34.485540Z 0 [Note] InnoDB: PUNCH HOLE support available
2016-09-18T04:42:34.485557Z 0 [Note] InnoDB: Mutexes and rw_locks use GCC atomic builtins
2016-09-18T04:42:34.485560Z 0 [Note] InnoDB: Uses event mutexes
2016-09-18T04:42:34.485564Z 0 [Note] InnoDB: GCC builtin __atomic_thread_fence() is used for memory barrier
2016-09-18T04:42:34.485567Z 0 [Note] InnoDB: Compressed tables use zlib 1.2.8
2016-09-18T04:42:34.485570Z 0 [Note] InnoDB: Using Linux native AIO
2016-09-18T04:42:34.486174Z 0 [Note] InnoDB: Number of pools: 1
2016-09-18T04:42:34.486296Z 0 [Note] InnoDB: Using CPU crc32 instructions
2016-09-18T04:42:34.496500Z 0 [Note] InnoDB: Initializing buffer pool, total size = 3G, instances = 8, chunk size = 128M
2016-09-18T04:42:34.657866Z 0 [Note] InnoDB: Completed initialization of buffer pool
2016-09-18T04:42:34.677691Z 0 [Note] InnoDB: If the mysqld execution user is authorized, page cleaner thread priority can be changed. See the man page of setpriority().
2016-09-18T04:42:34.695412Z 0 [Note] InnoDB: Highest supported file format is Barracuda.
2016-09-18T04:42:35.013984Z 0 [Note] InnoDB: Creating shared tablespace for temporary tables
2016-09-18T04:42:35.014047Z 0 [Note] InnoDB: Setting file './ibtmp1' size to 12 MB. Physically writing the file full; Please wait ...
2016-09-18T04:42:35.831978Z 0 [Note] InnoDB: File './ibtmp1' size is now 12 MB.
2016-09-18T04:42:35.832987Z 0 [Note] InnoDB: 96 redo rollback segment(s) found. 96 redo rollback segment(s) are active.
2016-09-18T04:42:35.832996Z 0 [Note] InnoDB: 32 non-redo rollback segment(s) are active.
2016-09-18T04:42:35.833661Z 0 [Note] InnoDB: Waiting for purge to start
2016-09-18T04:42:35.884212Z 0 [Note] InnoDB: 5.7.15 started; log sequence number 33551295
2016-09-18T04:42:35.884352Z 0 [Note] InnoDB: Loading buffer pool(s) from /var/lib/mysql/ib_buffer_pool
2016-09-18T04:42:35.884417Z 0 [Note] Plugin 'FEDERATED' is disabled.
2016-09-18T04:42:35.890801Z 0 [Warning] Failed to set up SSL because of the following SSL library error: SSL context is not usable without certificate and private key
2016-09-18T04:42:35.890815Z 0 [Note] Server hostname (bind-address): '127.0.0.1'; port: 3306
2016-09-18T04:42:35.890827Z 0 [Note]   - '127.0.0.1' resolves to '127.0.0.1';
2016-09-18T04:42:35.890853Z 0 [Note] Server socket created on IP: '127.0.0.1'.
2016-09-18T04:42:35.910084Z 0 [Note] Event Scheduler: Loaded 0 events
2016-09-18T04:42:35.910289Z 0 [Note] /usr/sbin/mysqld: ready for connections.
Version: '5.7.15-0ubuntu0.16.04.1-log'  socket: '/var/run/mysqld/mysqld.sock'  port: 3306  (Ubuntu)
2016-09-18T04:42:36.332436Z 3 [Note] Access denied for user 'root'@'localhost' (using password: NO)
2016-09-18T04:42:36.392383Z 0 [Note] InnoDB: Buffer pool(s) load completed at 160918 13:42:36
2016-09-18T04:46:39.395790Z 7 [Note] Aborted connection 7 to db: 'isuda' user: 'isucon' host: 'localhost' (Got an error reading communication packets)
2016-09-18T04:46:39.400025Z 6 [Note] Aborted connection 6 to db: 'isuda' user: 'isucon' host: 'localhost' (Got an error reading communication packets)
2016-09-18T04:46:39.400254Z 4 [Note] Aborted connection 4 to db: 'isuda' user: 'isucon' host: 'localhost' (Got an error reading communication packets)
2016-09-18T04:46:39.401474Z 10 [Note] Aborted connection 10 to db: 'isuda' user: 'isucon' host: 'localhost' (Got an error reading communication packets)
2016-09-18T04:46:39.406177Z 8 [Note] Aborted connection 8 to db: 'isuda' user: 'isucon' host: 'localhost' (Got an error reading communication packets)
2016-09-18T04:46:39.529415Z 12 [Note] Aborted connection 12 to db: 'isutar' user: 'isucon' host: 'localhost' (Got an error reading communication packets)
2016-09-18T04:46:39.530635Z 13 [Note] Aborted connection 13 to db: 'isutar' user: 'isucon' host: 'localhost' (Got an error reading communication packets)
2016-09-18T04:46:39.531732Z 9 [Note] Aborted connection 9 to db: 'isutar' user: 'isucon' host: 'localhost' (Got an error reading communication packets)
2016-09-18T04:46:39.532811Z 5 [Note] Aborted connection 5 to db: 'isutar' user: 'isucon' host: 'localhost' (Got an error reading communication packets)
2016-09-18T04:46:39.533948Z 11 [Note] Aborted connection 11 to db: 'isutar' user: 'isucon' host: 'localhost' (Got an error reading communication packets)
2016-09-18T04:47:01.742590Z 0 [Note] Giving 1 client threads a chance to die gracefully
2016-09-18T04:47:01.742609Z 0 [Note] Shutting down slave threads
2016-09-18T04:47:03.742704Z 0 [Note] Forcefully disconnecting 0 remaining clients
2016-09-18T04:47:03.742737Z 0 [Note] Event Scheduler: Purging the queue. 0 events
2016-09-18T04:47:03.742824Z 0 [Note] Binlog end
2016-09-18T04:47:03.743944Z 0 [Note] Shutting down plugin 'ngram'
2016-09-18T04:47:03.743952Z 0 [Note] Shutting down plugin 'ARCHIVE'
2016-09-18T04:47:03.743955Z 0 [Note] Shutting down plugin 'partition'
2016-09-18T04:47:03.743958Z 0 [Note] Shutting down plugin 'BLACKHOLE'
2016-09-18T04:47:03.743961Z 0 [Note] Shutting down plugin 'INNODB_SYS_VIRTUAL'
2016-09-18T04:47:03.743964Z 0 [Note] Shutting down plugin 'INNODB_SYS_DATAFILES'
2016-09-18T04:47:03.743966Z 0 [Note] Shutting down plugin 'INNODB_SYS_TABLESPACES'
2016-09-18T04:47:03.743969Z 0 [Note] Shutting down plugin 'INNODB_SYS_FOREIGN_COLS'
2016-09-18T04:47:03.743976Z 0 [Note] Shutting down plugin 'INNODB_SYS_FOREIGN'
2016-09-18T04:47:03.743979Z 0 [Note] Shutting down plugin 'INNODB_SYS_FIELDS'
2016-09-18T04:47:03.743981Z 0 [Note] Shutting down plugin 'INNODB_SYS_COLUMNS'
2016-09-18T04:47:03.743983Z 0 [Note] Shutting down plugin 'INNODB_SYS_INDEXES'
2016-09-18T04:47:03.743985Z 0 [Note] Shutting down plugin 'INNODB_SYS_TABLESTATS'
2016-09-18T04:47:03.743988Z 0 [Note] Shutting down plugin 'INNODB_SYS_TABLES'
2016-09-18T04:47:03.743990Z 0 [Note] Shutting down plugin 'INNODB_FT_INDEX_TABLE'
2016-09-18T04:47:03.743992Z 0 [Note] Shutting down plugin 'INNODB_FT_INDEX_CACHE'
2016-09-18T04:47:03.743994Z 0 [Note] Shutting down plugin 'INNODB_FT_CONFIG'
2016-09-18T04:47:03.743996Z 0 [Note] Shutting down plugin 'INNODB_FT_BEING_DELETED'
2016-09-18T04:47:03.744001Z 0 [Note] Shutting down plugin 'INNODB_FT_DELETED'
2016-09-18T04:47:03.744004Z 0 [Note] Shutting down plugin 'INNODB_FT_DEFAULT_STOPWORD'
2016-09-18T04:47:03.744006Z 0 [Note] Shutting down plugin 'INNODB_METRICS'
2016-09-18T04:47:03.744008Z 0 [Note] Shutting down plugin 'INNODB_TEMP_TABLE_INFO'
2016-09-18T04:47:03.744010Z 0 [Note] Shutting down plugin 'INNODB_BUFFER_POOL_STATS'
2016-09-18T04:47:03.744012Z 0 [Note] Shutting down plugin 'INNODB_BUFFER_PAGE_LRU'
2016-09-18T04:47:03.744015Z 0 [Note] Shutting down plugin 'INNODB_BUFFER_PAGE'
2016-09-18T04:47:03.744017Z 0 [Note] Shutting down plugin 'INNODB_CMP_PER_INDEX_RESET'
2016-09-18T04:47:03.744019Z 0 [Note] Shutting down plugin 'INNODB_CMP_PER_INDEX'
2016-09-18T04:47:03.744021Z 0 [Note] Shutting down plugin 'INNODB_CMPMEM_RESET'
2016-09-18T04:47:03.744024Z 0 [Note] Shutting down plugin 'INNODB_CMPMEM'
2016-09-18T04:47:03.744026Z 0 [Note] Shutting down plugin 'INNODB_CMP_RESET'
2016-09-18T04:47:03.744028Z 0 [Note] Shutting down plugin 'INNODB_CMP'
2016-09-18T04:47:03.744031Z 0 [Note] Shutting down plugin 'INNODB_LOCK_WAITS'
2016-09-18T04:47:03.744033Z 0 [Note] Shutting down plugin 'INNODB_LOCKS'
2016-09-18T04:47:03.744035Z 0 [Note] Shutting down plugin 'INNODB_TRX'
2016-09-18T04:47:03.744038Z 0 [Note] Shutting down plugin 'InnoDB'
2016-09-18T04:47:03.744072Z 0 [Note] InnoDB: FTS optimize thread exiting.
2016-09-18T04:47:03.744151Z 0 [Note] InnoDB: Starting shutdown...
2016-09-18T04:47:03.844310Z 0 [Note] InnoDB: Dumping buffer pool(s) to /var/lib/mysql/ib_buffer_pool
2016-09-18T04:47:03.844656Z 0 [Note] InnoDB: Buffer pool(s) dump completed at 160918 13:47:03
2016-09-18T04:47:05.541293Z 0 [Note] InnoDB: Shutdown completed; log sequence number 33743203
2016-09-18T04:47:05.541375Z 0 [Note] InnoDB: Removed temporary tablespace data file: "ibtmp1"
2016-09-18T04:47:05.541384Z 0 [Note] Shutting down plugin 'MEMORY'
2016-09-18T04:47:05.541388Z 0 [Note] Shutting down plugin 'PERFORMANCE_SCHEMA'
2016-09-18T04:47:05.541412Z 0 [Note] Shutting down plugin 'MRG_MYISAM'
2016-09-18T04:47:05.541415Z 0 [Note] Shutting down plugin 'MyISAM'
2016-09-18T04:47:05.541421Z 0 [Note] Shutting down plugin 'CSV'
2016-09-18T04:47:05.541425Z 0 [Note] Shutting down plugin 'sha256_password'
2016-09-18T04:47:05.541428Z 0 [Note] Shutting down plugin 'mysql_native_password'
2016-09-18T04:47:05.541555Z 0 [Note] Shutting down plugin 'binlog'
2016-09-18T04:47:05.542114Z 0 [Note] /usr/sbin/mysqld: Shutdown complete

