/usr/sbin/mysqld, Version: 5.7.15-0ubuntu0.16.04.1-log ((Ubuntu)). started with:
Tcp port: 3306  Unix socket: /var/run/mysqld/mysqld.sock
Time                 Id Command    Argument
# Time: 2016-09-18T04:42:55.223264Z
# User@Host: isucon[isucon] @ localhost []  Id:     8
# Query_time: 1.244618  Lock_time: 0.000039 Rows_sent: 7101  Rows_examined: 14202
use isuda;
SET timestamp=1474173775;
select * from entry order by character_length(keyword) desc;
# Time: 2016-09-18T04:42:55.230429Z
# User@Host: isucon[isucon] @ localhost []  Id:     7
# Query_time: 1.183873  Lock_time: 0.000047 Rows_sent: 7102  Rows_examined: 14204
SET timestamp=1474173775;
select * from entry order by character_length(keyword) desc;
# Time: 2016-09-18T04:42:55.230473Z
# User@Host: isucon[isucon] @ localhost []  Id:     6
# Query_time: 1.249717  Lock_time: 0.000036 Rows_sent: 7101  Rows_examined: 14202
SET timestamp=1474173775;
select * from entry order by character_length(keyword) desc;
# Time: 2016-09-18T04:42:55.234432Z
# User@Host: isucon[isucon] @ localhost []  Id:    10
# Query_time: 1.069213  Lock_time: 0.000046 Rows_sent: 7102  Rows_examined: 14204
SET timestamp=1474173775;
select * from entry order by character_length(keyword) desc;
# Time: 2016-09-18T04:42:55.234636Z
# User@Host: isucon[isucon] @ localhost []  Id:     4
# Query_time: 1.257086  Lock_time: 0.000059 Rows_sent: 7101  Rows_examined: 14202
SET timestamp=1474173775;
select * from entry order by character_length(keyword) desc;
