2016-09-18T06:57:09.224441Z 0 [Warning] Changed limits: max_open_files: 1024 (requested 5000)
2016-09-18T06:57:09.224487Z 0 [Warning] Changed limits: table_open_cache: 431 (requested 2000)
2016-09-18T06:57:09.381807Z 0 [Warning] TIMESTAMP with implicit DEFAULT value is deprecated. Please use --explicit_defaults_for_timestamp server option (see documentation for more details).
2016-09-18T06:57:09.382885Z 0 [Note] /usr/sbin/mysqld (mysqld 5.7.15-0ubuntu0.16.04.1-log) starting as process 32988 ...
2016-09-18T06:57:09.386086Z 0 [Note] InnoDB: PUNCH HOLE support available
2016-09-18T06:57:09.386102Z 0 [Note] InnoDB: Mutexes and rw_locks use GCC atomic builtins
2016-09-18T06:57:09.386106Z 0 [Note] InnoDB: Uses event mutexes
2016-09-18T06:57:09.386109Z 0 [Note] InnoDB: GCC builtin __atomic_thread_fence() is used for memory barrier
2016-09-18T06:57:09.386112Z 0 [Note] InnoDB: Compressed tables use zlib 1.2.8
2016-09-18T06:57:09.386115Z 0 [Note] InnoDB: Using Linux native AIO
2016-09-18T06:57:09.386366Z 0 [Note] InnoDB: Number of pools: 1
2016-09-18T06:57:09.386480Z 0 [Note] InnoDB: Using CPU crc32 instructions
2016-09-18T06:57:09.391256Z 0 [Note] InnoDB: Initializing buffer pool, total size = 3G, instances = 8, chunk size = 128M
2016-09-18T06:57:09.564366Z 0 [Note] InnoDB: Completed initialization of buffer pool
2016-09-18T06:57:09.586369Z 0 [Note] InnoDB: If the mysqld execution user is authorized, page cleaner thread priority can be changed. See the man page of setpriority().
2016-09-18T06:57:09.604593Z 0 [Note] InnoDB: Highest supported file format is Barracuda.
2016-09-18T06:57:09.813463Z 0 [Note] InnoDB: Creating shared tablespace for temporary tables
2016-09-18T06:57:09.813525Z 0 [Note] InnoDB: Setting file './ibtmp1' size to 12 MB. Physically writing the file full; Please wait ...
2016-09-18T06:57:10.000971Z 0 [Note] InnoDB: File './ibtmp1' size is now 12 MB.
2016-09-18T06:57:10.001610Z 0 [Note] InnoDB: 96 redo rollback segment(s) found. 96 redo rollback segment(s) are active.
2016-09-18T06:57:10.001619Z 0 [Note] InnoDB: 32 non-redo rollback segment(s) are active.
2016-09-18T06:57:10.002670Z 0 [Note] InnoDB: 5.7.15 started; log sequence number 90202494
2016-09-18T06:57:10.002760Z 0 [Note] InnoDB: Loading buffer pool(s) from /var/lib/mysql/ib_buffer_pool
2016-09-18T06:57:10.002824Z 0 [Note] Plugin 'FEDERATED' is disabled.
2016-09-18T06:57:10.012193Z 0 [Warning] Failed to set up SSL because of the following SSL library error: SSL context is not usable without certificate and private key
2016-09-18T06:57:10.012217Z 0 [Note] Server hostname (bind-address): '127.0.0.1'; port: 3306
2016-09-18T06:57:10.012230Z 0 [Note]   - '127.0.0.1' resolves to '127.0.0.1';
2016-09-18T06:57:10.012254Z 0 [Note] Server socket created on IP: '127.0.0.1'.
2016-09-18T06:57:10.030332Z 0 [Note] Event Scheduler: Loaded 0 events
2016-09-18T06:57:10.030545Z 0 [Note] /usr/sbin/mysqld: ready for connections.
Version: '5.7.15-0ubuntu0.16.04.1-log'  socket: '/var/run/mysqld/mysqld.sock'  port: 3306  (Ubuntu)
2016-09-18T06:57:10.229834Z 2 [Note] Access denied for user 'root'@'localhost' (using password: NO)
2016-09-18T06:57:10.308559Z 0 [Note] InnoDB: Buffer pool(s) load completed at 160918 15:57:10
2016-09-18T07:04:02.125116Z 10 [Note] Aborted connection 10 to db: 'isutar' user: 'isucon' host: 'localhost' (Got an error reading communication packets)
2016-09-18T07:04:02.125209Z 4 [Note] Aborted connection 4 to db: 'isuda' user: 'isucon' host: 'localhost' (Got an error reading communication packets)
2016-09-18T07:04:02.127391Z 8 [Note] Aborted connection 8 to db: 'isuda' user: 'isucon' host: 'localhost' (Got an error reading communication packets)
2016-09-18T07:04:02.132053Z 14 [Note] Aborted connection 14 to db: 'isutar' user: 'isucon' host: 'localhost' (Got an error reading communication packets)
2016-09-18T07:04:02.132135Z 11 [Note] Aborted connection 11 to db: 'isutar' user: 'isucon' host: 'localhost' (Got an error reading communication packets)
2016-09-18T07:04:02.132175Z 7 [Note] Aborted connection 7 to db: 'isuda' user: 'isucon' host: 'localhost' (Got an error reading communication packets)
2016-09-18T07:04:02.132260Z 12 [Note] Aborted connection 12 to db: 'isutar' user: 'isucon' host: 'localhost' (Got an error reading communication packets)
2016-09-18T07:04:02.132344Z 9 [Note] Aborted connection 9 to db: 'isuda' user: 'isucon' host: 'localhost' (Got an error reading communication packets)
2016-09-18T07:04:02.133932Z 13 [Note] Aborted connection 13 to db: 'isutar' user: 'isucon' host: 'localhost' (Got an error reading communication packets)
2016-09-18T07:04:02.133965Z 6 [Note] Aborted connection 6 to db: 'isuda' user: 'isucon' host: 'localhost' (Got an error reading communication packets)
2016-09-18T07:04:02.255819Z 15 [Note] Aborted connection 15 to db: 'isuda' user: 'isucon' host: 'localhost' (Got an error reading communication packets)
2016-09-18T07:04:02.255819Z 5 [Note] Aborted connection 5 to db: 'isutar' user: 'isucon' host: 'localhost' (Got an error reading communication packets)
2016-09-18T07:04:02.255955Z 17 [Note] Aborted connection 17 to db: 'isutar' user: 'isucon' host: 'localhost' (Got an error reading communication packets)
2016-09-18T07:04:02.256014Z 16 [Note] Aborted connection 16 to db: 'isuda' user: 'isucon' host: 'localhost' (Got an error reading communication packets)
2016-09-18T07:04:02.256743Z 19 [Note] Aborted connection 19 to db: 'isutar' user: 'isucon' host: 'localhost' (Got an error reading communication packets)
2016-09-18T07:04:02.256749Z 18 [Note] Aborted connection 18 to db: 'isuda' user: 'isucon' host: 'localhost' (Got an error reading communication packets)
2016-09-18T07:06:51.868449Z 0 [Note] Giving 12 client threads a chance to die gracefully
2016-09-18T07:06:51.868485Z 0 [Note] Shutting down slave threads
2016-09-18T07:06:53.868580Z 0 [Note] Forcefully disconnecting 11 remaining clients
2016-09-18T07:06:53.868608Z 0 [Warning] /usr/sbin/mysqld: Forcing close of thread 27  user: 'isucon'

2016-09-18T07:06:53.868625Z 0 [Warning] /usr/sbin/mysqld: Forcing close of thread 30  user: 'isucon'

2016-09-18T07:06:53.868639Z 0 [Warning] /usr/sbin/mysqld: Forcing close of thread 22  user: 'isucon'

2016-09-18T07:06:53.868646Z 0 [Warning] /usr/sbin/mysqld: Forcing close of thread 20  user: 'isucon'

2016-09-18T07:06:53.868653Z 0 [Warning] /usr/sbin/mysqld: Forcing close of thread 26  user: 'isucon'

2016-09-18T07:06:53.868659Z 0 [Warning] /usr/sbin/mysqld: Forcing close of thread 24  user: 'isucon'

2016-09-18T07:06:53.868665Z 0 [Warning] /usr/sbin/mysqld: Forcing close of thread 25  user: 'isucon'

2016-09-18T07:06:53.868672Z 0 [Warning] /usr/sbin/mysqld: Forcing close of thread 23  user: 'isucon'

2016-09-18T07:06:53.868678Z 0 [Warning] /usr/sbin/mysqld: Forcing close of thread 21  user: 'isucon'

2016-09-18T07:06:53.868685Z 0 [Warning] /usr/sbin/mysqld: Forcing close of thread 28  user: 'isucon'

2016-09-18T07:06:53.868694Z 0 [Warning] /usr/sbin/mysqld: Forcing close of thread 29  user: 'isucon'

2016-09-18T07:06:53.868709Z 0 [Note] Event Scheduler: Purging the queue. 0 events
2016-09-18T07:06:53.869152Z 0 [Note] Binlog end
2016-09-18T07:06:53.869548Z 0 [Note] Shutting down plugin 'ngram'
2016-09-18T07:06:53.869557Z 0 [Note] Shutting down plugin 'ARCHIVE'
2016-09-18T07:06:53.869561Z 0 [Note] Shutting down plugin 'partition'
2016-09-18T07:06:53.869563Z 0 [Note] Shutting down plugin 'BLACKHOLE'
2016-09-18T07:06:53.869567Z 0 [Note] Shutting down plugin 'INNODB_SYS_VIRTUAL'
2016-09-18T07:06:53.869569Z 0 [Note] Shutting down plugin 'INNODB_SYS_DATAFILES'
2016-09-18T07:06:53.869572Z 0 [Note] Shutting down plugin 'INNODB_SYS_TABLESPACES'
2016-09-18T07:06:53.869574Z 0 [Note] Shutting down plugin 'INNODB_SYS_FOREIGN_COLS'
2016-09-18T07:06:53.869577Z 0 [Note] Shutting down plugin 'INNODB_SYS_FOREIGN'
2016-09-18T07:06:53.869579Z 0 [Note] Shutting down plugin 'INNODB_SYS_FIELDS'
2016-09-18T07:06:53.869582Z 0 [Note] Shutting down plugin 'INNODB_SYS_COLUMNS'
2016-09-18T07:06:53.869584Z 0 [Note] Shutting down plugin 'INNODB_SYS_INDEXES'
2016-09-18T07:06:53.869587Z 0 [Note] Shutting down plugin 'INNODB_SYS_TABLESTATS'
2016-09-18T07:06:53.869589Z 0 [Note] Shutting down plugin 'INNODB_SYS_TABLES'
2016-09-18T07:06:53.869602Z 0 [Note] Shutting down plugin 'INNODB_FT_INDEX_TABLE'
2016-09-18T07:06:53.869604Z 0 [Note] Shutting down plugin 'INNODB_FT_INDEX_CACHE'
2016-09-18T07:06:53.869607Z 0 [Note] Shutting down plugin 'INNODB_FT_CONFIG'
2016-09-18T07:06:53.869609Z 0 [Note] Shutting down plugin 'INNODB_FT_BEING_DELETED'
2016-09-18T07:06:53.869611Z 0 [Note] Shutting down plugin 'INNODB_FT_DELETED'
2016-09-18T07:06:53.869613Z 0 [Note] Shutting down plugin 'INNODB_FT_DEFAULT_STOPWORD'
2016-09-18T07:06:53.869615Z 0 [Note] Shutting down plugin 'INNODB_METRICS'
2016-09-18T07:06:53.869617Z 0 [Note] Shutting down plugin 'INNODB_TEMP_TABLE_INFO'
2016-09-18T07:06:53.869620Z 0 [Note] Shutting down plugin 'INNODB_BUFFER_POOL_STATS'
2016-09-18T07:06:53.869622Z 0 [Note] Shutting down plugin 'INNODB_BUFFER_PAGE_LRU'
2016-09-18T07:06:53.869624Z 0 [Note] Shutting down plugin 'INNODB_BUFFER_PAGE'
2016-09-18T07:06:53.869626Z 0 [Note] Shutting down plugin 'INNODB_CMP_PER_INDEX_RESET'
2016-09-18T07:06:53.869628Z 0 [Note] Shutting down plugin 'INNODB_CMP_PER_INDEX'
2016-09-18T07:06:53.869630Z 0 [Note] Shutting down plugin 'INNODB_CMPMEM_RESET'
2016-09-18T07:06:53.869632Z 0 [Note] Shutting down plugin 'INNODB_CMPMEM'
2016-09-18T07:06:53.869634Z 0 [Note] Shutting down plugin 'INNODB_CMP_RESET'
2016-09-18T07:06:53.869636Z 0 [Note] Shutting down plugin 'INNODB_CMP'
2016-09-18T07:06:53.869638Z 0 [Note] Shutting down plugin 'INNODB_LOCK_WAITS'
2016-09-18T07:06:53.869640Z 0 [Note] Shutting down plugin 'INNODB_LOCKS'
2016-09-18T07:06:53.869642Z 0 [Note] Shutting down plugin 'INNODB_TRX'
2016-09-18T07:06:53.869645Z 0 [Note] Shutting down plugin 'InnoDB'
2016-09-18T07:06:53.869714Z 0 [Note] InnoDB: FTS optimize thread exiting.
2016-09-18T07:06:53.869805Z 0 [Note] InnoDB: Starting shutdown...
2016-09-18T07:06:53.970000Z 0 [Note] InnoDB: Dumping buffer pool(s) to /var/lib/mysql/ib_buffer_pool
2016-09-18T07:06:53.970296Z 0 [Note] InnoDB: Buffer pool(s) dump completed at 160918 16:06:53
2016-09-18T07:06:55.610788Z 0 [Note] InnoDB: Shutdown completed; log sequence number 90368947
2016-09-18T07:06:55.610892Z 0 [Note] InnoDB: Removed temporary tablespace data file: "ibtmp1"
2016-09-18T07:06:55.610901Z 0 [Note] Shutting down plugin 'MEMORY'
2016-09-18T07:06:55.610905Z 0 [Note] Shutting down plugin 'PERFORMANCE_SCHEMA'
2016-09-18T07:06:55.610927Z 0 [Note] Shutting down plugin 'MRG_MYISAM'
2016-09-18T07:06:55.610930Z 0 [Note] Shutting down plugin 'MyISAM'
2016-09-18T07:06:55.610936Z 0 [Note] Shutting down plugin 'CSV'
2016-09-18T07:06:55.610939Z 0 [Note] Shutting down plugin 'sha256_password'
2016-09-18T07:06:55.610941Z 0 [Note] Shutting down plugin 'mysql_native_password'
2016-09-18T07:06:55.611067Z 0 [Note] Shutting down plugin 'binlog'
2016-09-18T07:06:55.611483Z 0 [Note] /usr/sbin/mysqld: Shutdown complete

