/usr/sbin/mysqld, Version: 5.7.15-0ubuntu0.16.04.1-log ((Ubuntu)). started with:
Tcp port: 3306  Unix socket: /var/run/mysqld/mysqld.sock
Time                 Id Command    Argument
# Time: 2016-09-18T05:33:18.241376Z
# User@Host: isucon[isucon] @ localhost []  Id:     8
# Query_time: 0.971900  Lock_time: 0.000035 Rows_sent: 7102  Rows_examined: 14204
use isuda;
SET timestamp=1474176798;
select * from entry order by character_length(keyword) desc;
# Time: 2016-09-18T05:33:18.247066Z
# User@Host: isucon[isucon] @ localhost []  Id:     6
# Query_time: 0.984659  Lock_time: 0.000037 Rows_sent: 7101  Rows_examined: 14202
SET timestamp=1474176798;
select * from entry order by character_length(keyword) desc;
# Time: 2016-09-18T05:33:18.247291Z
# User@Host: isucon[isucon] @ localhost []  Id:     4
# Query_time: 1.060738  Lock_time: 0.000059 Rows_sent: 7101  Rows_examined: 14202
SET timestamp=1474176798;
select * from entry order by character_length(keyword) desc;
# Time: 2016-09-18T05:33:18.247327Z
# User@Host: isucon[isucon] @ localhost []  Id:     7
# Query_time: 0.989769  Lock_time: 0.000038 Rows_sent: 7101  Rows_examined: 14202
SET timestamp=1474176798;
select * from entry order by character_length(keyword) desc;
# Time: 2016-09-18T05:33:18.250257Z
# User@Host: isucon[isucon] @ localhost []  Id:     9
# Query_time: 1.017683  Lock_time: 0.000042 Rows_sent: 7101  Rows_examined: 14202
SET timestamp=1474176798;
select * from entry order by character_length(keyword) desc;
