2016-09-18T01:37:05.912228Z 0 [Warning] Changed limits: max_open_files: 1024 (requested 5000)
2016-09-18T01:37:05.912265Z 0 [Warning] Changed limits: table_open_cache: 431 (requested 2000)
2016-09-18T01:37:06.069965Z 0 [Warning] TIMESTAMP with implicit DEFAULT value is deprecated. Please use --explicit_defaults_for_timestamp server option (see documentation for more details).
2016-09-18T01:37:06.071513Z 0 [Note] /usr/sbin/mysqld (mysqld 5.7.15-0ubuntu0.16.04.1) starting as process 5240 ...
2016-09-18T01:37:06.074661Z 0 [Note] InnoDB: PUNCH HOLE support available
2016-09-18T01:37:06.074678Z 0 [Note] InnoDB: Mutexes and rw_locks use GCC atomic builtins
2016-09-18T01:37:06.074683Z 0 [Note] InnoDB: Uses event mutexes
2016-09-18T01:37:06.074687Z 0 [Note] InnoDB: GCC builtin __atomic_thread_fence() is used for memory barrier
2016-09-18T01:37:06.074690Z 0 [Note] InnoDB: Compressed tables use zlib 1.2.8
2016-09-18T01:37:06.074693Z 0 [Note] InnoDB: Using Linux native AIO
2016-09-18T01:37:06.074955Z 0 [Note] InnoDB: Number of pools: 1
2016-09-18T01:37:06.075053Z 0 [Note] InnoDB: Using CPU crc32 instructions
2016-09-18T01:37:06.076487Z 0 [Note] InnoDB: Initializing buffer pool, total size = 128M, instances = 1, chunk size = 128M
2016-09-18T01:37:06.083871Z 0 [Note] InnoDB: Completed initialization of buffer pool
2016-09-18T01:37:06.085846Z 0 [Note] InnoDB: If the mysqld execution user is authorized, page cleaner thread priority can be changed. See the man page of setpriority().
2016-09-18T01:37:06.097489Z 0 [Note] InnoDB: Highest supported file format is Barracuda.
2016-09-18T01:37:06.117772Z 0 [Note] InnoDB: Creating shared tablespace for temporary tables
2016-09-18T01:37:06.117826Z 0 [Note] InnoDB: Setting file './ibtmp1' size to 12 MB. Physically writing the file full; Please wait ...
2016-09-18T01:37:06.182630Z 0 [Note] InnoDB: File './ibtmp1' size is now 12 MB.
2016-09-18T01:37:06.183326Z 0 [Note] InnoDB: 96 redo rollback segment(s) found. 96 redo rollback segment(s) are active.
2016-09-18T01:37:06.183334Z 0 [Note] InnoDB: 32 non-redo rollback segment(s) are active.
2016-09-18T01:37:06.184183Z 0 [Note] InnoDB: 5.7.15 started; log sequence number 32589182
2016-09-18T01:37:06.188699Z 0 [Note] InnoDB: Loading buffer pool(s) from /var/lib/mysql/ib_buffer_pool
2016-09-18T01:37:06.188834Z 0 [Note] Plugin 'FEDERATED' is disabled.
2016-09-18T01:37:06.192832Z 0 [Warning] Failed to set up SSL because of the following SSL library error: SSL context is not usable without certificate and private key
2016-09-18T01:37:06.192846Z 0 [Note] Server hostname (bind-address): '127.0.0.1'; port: 3306
2016-09-18T01:37:06.192858Z 0 [Note]   - '127.0.0.1' resolves to '127.0.0.1';
2016-09-18T01:37:06.192882Z 0 [Note] Server socket created on IP: '127.0.0.1'.
2016-09-18T01:37:06.199672Z 0 [Note] Event Scheduler: Loaded 0 events
2016-09-18T01:37:06.199853Z 0 [Note] /usr/sbin/mysqld: ready for connections.
Version: '5.7.15-0ubuntu0.16.04.1'  socket: '/var/run/mysqld/mysqld.sock'  port: 3306  (Ubuntu)
2016-09-18T01:37:06.908753Z 2 [Note] Access denied for user 'root'@'localhost' (using password: NO)
2016-09-18T01:37:07.202370Z 0 [Note] InnoDB: Buffer pool(s) load completed at 160918 10:37:07
2016-09-18T02:03:25.186982Z 16 [Note] Aborted connection 16 to db: 'unconnected' user: 'isucon' host: 'localhost' (Got an error reading communication packets)
2016-09-18T02:03:29.043868Z 0 [Note] Giving 10 client threads a chance to die gracefully
2016-09-18T02:03:29.043884Z 0 [Note] Shutting down slave threads
2016-09-18T02:03:31.043957Z 0 [Note] Forcefully disconnecting 10 remaining clients
2016-09-18T02:03:31.043985Z 0 [Warning] /usr/sbin/mysqld: Forcing close of thread 11  user: 'isucon'

2016-09-18T02:03:31.044004Z 0 [Warning] /usr/sbin/mysqld: Forcing close of thread 10  user: 'isucon'

2016-09-18T02:03:31.044010Z 0 [Warning] /usr/sbin/mysqld: Forcing close of thread 12  user: 'isucon'

2016-09-18T02:03:31.044017Z 0 [Warning] /usr/sbin/mysqld: Forcing close of thread 8  user: 'isucon'

2016-09-18T02:03:31.044023Z 0 [Warning] /usr/sbin/mysqld: Forcing close of thread 14  user: 'isucon'

2016-09-18T02:03:31.044066Z 0 [Warning] /usr/sbin/mysqld: Forcing close of thread 9  user: 'isucon'

2016-09-18T02:03:31.044079Z 0 [Warning] /usr/sbin/mysqld: Forcing close of thread 13  user: 'isucon'

2016-09-18T02:03:31.044097Z 0 [Warning] /usr/sbin/mysqld: Forcing close of thread 6  user: 'isucon'

2016-09-18T02:03:31.044103Z 0 [Warning] /usr/sbin/mysqld: Forcing close of thread 7  user: 'isucon'

2016-09-18T02:03:31.044108Z 0 [Warning] /usr/sbin/mysqld: Forcing close of thread 15  user: 'isucon'

2016-09-18T02:03:31.044129Z 0 [Note] Event Scheduler: Purging the queue. 0 events
2016-09-18T02:03:31.044537Z 0 [Note] Binlog end
2016-09-18T02:03:31.045005Z 0 [Note] Shutting down plugin 'ngram'
2016-09-18T02:03:31.045012Z 0 [Note] Shutting down plugin 'ARCHIVE'
2016-09-18T02:03:31.045015Z 0 [Note] Shutting down plugin 'partition'
2016-09-18T02:03:31.045017Z 0 [Note] Shutting down plugin 'BLACKHOLE'
2016-09-18T02:03:31.045020Z 0 [Note] Shutting down plugin 'INNODB_SYS_VIRTUAL'
2016-09-18T02:03:31.045023Z 0 [Note] Shutting down plugin 'INNODB_SYS_DATAFILES'
2016-09-18T02:03:31.045025Z 0 [Note] Shutting down plugin 'INNODB_SYS_TABLESPACES'
2016-09-18T02:03:31.045027Z 0 [Note] Shutting down plugin 'INNODB_SYS_FOREIGN_COLS'
2016-09-18T02:03:31.045029Z 0 [Note] Shutting down plugin 'INNODB_SYS_FOREIGN'
2016-09-18T02:03:31.045042Z 0 [Note] Shutting down plugin 'INNODB_SYS_FIELDS'
2016-09-18T02:03:31.045044Z 0 [Note] Shutting down plugin 'INNODB_SYS_COLUMNS'
2016-09-18T02:03:31.045046Z 0 [Note] Shutting down plugin 'INNODB_SYS_INDEXES'
2016-09-18T02:03:31.045048Z 0 [Note] Shutting down plugin 'INNODB_SYS_TABLESTATS'
2016-09-18T02:03:31.045050Z 0 [Note] Shutting down plugin 'INNODB_SYS_TABLES'
2016-09-18T02:03:31.045052Z 0 [Note] Shutting down plugin 'INNODB_FT_INDEX_TABLE'
2016-09-18T02:03:31.045054Z 0 [Note] Shutting down plugin 'INNODB_FT_INDEX_CACHE'
2016-09-18T02:03:31.045056Z 0 [Note] Shutting down plugin 'INNODB_FT_CONFIG'
2016-09-18T02:03:31.045058Z 0 [Note] Shutting down plugin 'INNODB_FT_BEING_DELETED'
2016-09-18T02:03:31.045060Z 0 [Note] Shutting down plugin 'INNODB_FT_DELETED'
2016-09-18T02:03:31.045062Z 0 [Note] Shutting down plugin 'INNODB_FT_DEFAULT_STOPWORD'
2016-09-18T02:03:31.045065Z 0 [Note] Shutting down plugin 'INNODB_METRICS'
2016-09-18T02:03:31.045067Z 0 [Note] Shutting down plugin 'INNODB_TEMP_TABLE_INFO'
2016-09-18T02:03:31.045069Z 0 [Note] Shutting down plugin 'INNODB_BUFFER_POOL_STATS'
2016-09-18T02:03:31.045071Z 0 [Note] Shutting down plugin 'INNODB_BUFFER_PAGE_LRU'
2016-09-18T02:03:31.045073Z 0 [Note] Shutting down plugin 'INNODB_BUFFER_PAGE'
2016-09-18T02:03:31.045075Z 0 [Note] Shutting down plugin 'INNODB_CMP_PER_INDEX_RESET'
2016-09-18T02:03:31.045077Z 0 [Note] Shutting down plugin 'INNODB_CMP_PER_INDEX'
2016-09-18T02:03:31.045079Z 0 [Note] Shutting down plugin 'INNODB_CMPMEM_RESET'
2016-09-18T02:03:31.045081Z 0 [Note] Shutting down plugin 'INNODB_CMPMEM'
2016-09-18T02:03:31.045083Z 0 [Note] Shutting down plugin 'INNODB_CMP_RESET'
2016-09-18T02:03:31.045085Z 0 [Note] Shutting down plugin 'INNODB_CMP'
2016-09-18T02:03:31.045087Z 0 [Note] Shutting down plugin 'INNODB_LOCK_WAITS'
2016-09-18T02:03:31.045089Z 0 [Note] Shutting down plugin 'INNODB_LOCKS'
2016-09-18T02:03:31.045091Z 0 [Note] Shutting down plugin 'INNODB_TRX'
2016-09-18T02:03:31.045093Z 0 [Note] Shutting down plugin 'InnoDB'
2016-09-18T02:03:31.045138Z 0 [Note] InnoDB: FTS optimize thread exiting.
2016-09-18T02:03:31.045216Z 0 [Note] InnoDB: Starting shutdown...
2016-09-18T02:03:31.145408Z 0 [Note] InnoDB: Dumping buffer pool(s) to /var/lib/mysql/ib_buffer_pool
2016-09-18T02:03:31.145858Z 0 [Note] InnoDB: Buffer pool(s) dump completed at 160918 11:03:31
2016-09-18T02:03:32.874873Z 0 [Note] InnoDB: Shutdown completed; log sequence number 32727112
2016-09-18T02:03:32.876529Z 0 [Note] InnoDB: Removed temporary tablespace data file: "ibtmp1"
2016-09-18T02:03:32.876538Z 0 [Note] Shutting down plugin 'MEMORY'
2016-09-18T02:03:32.876543Z 0 [Note] Shutting down plugin 'PERFORMANCE_SCHEMA'
2016-09-18T02:03:32.876566Z 0 [Note] Shutting down plugin 'MRG_MYISAM'
2016-09-18T02:03:32.876579Z 0 [Note] Shutting down plugin 'MyISAM'
2016-09-18T02:03:32.876585Z 0 [Note] Shutting down plugin 'CSV'
2016-09-18T02:03:32.876588Z 0 [Note] Shutting down plugin 'sha256_password'
2016-09-18T02:03:32.876591Z 0 [Note] Shutting down plugin 'mysql_native_password'
2016-09-18T02:03:32.876716Z 0 [Note] Shutting down plugin 'binlog'
2016-09-18T02:03:32.877004Z 0 [Note] /usr/sbin/mysqld: Shutdown complete

