I, [2016-09-18T15:57:10.630394 #33032]  INFO -- : Refreshing Gem list
I, [2016-09-18T15:57:10.673317 #33032]  INFO -- : unlinking existing socket=/tmp/isuda-unicorn.sock
I, [2016-09-18T15:57:10.673467 #33032]  INFO -- : listening on addr=/tmp/isuda-unicorn.sock fd=9
I, [2016-09-18T15:57:10.673657 #33032]  INFO -- : listening on addr=0.0.0.0:5000 fd=10
I, [2016-09-18T15:57:10.673728 #33032]  INFO -- : worker=0 spawning...
I, [2016-09-18T15:57:10.674478 #33032]  INFO -- : worker=1 spawning...
I, [2016-09-18T15:57:10.674953 #33032]  INFO -- : worker=2 spawning...
I, [2016-09-18T15:57:10.675522 #33050]  INFO -- : worker=0 spawned pid=33050
I, [2016-09-18T15:57:10.675644 #33050]  INFO -- : worker=0 ready
I, [2016-09-18T15:57:10.676223 #33032]  INFO -- : worker=3 spawning...
I, [2016-09-18T15:57:10.676730 #33052]  INFO -- : worker=1 spawned pid=33052
I, [2016-09-18T15:57:10.676839 #33052]  INFO -- : worker=1 ready
I, [2016-09-18T15:57:10.677476 #33032]  INFO -- : worker=4 spawning...
I, [2016-09-18T15:57:10.677939 #33055]  INFO -- : worker=2 spawned pid=33055
I, [2016-09-18T15:57:10.678056 #33055]  INFO -- : worker=2 ready
I, [2016-09-18T15:57:10.678656 #33032]  INFO -- : master process ready
I, [2016-09-18T15:57:10.679199 #33058]  INFO -- : worker=3 spawned pid=33058
I, [2016-09-18T15:57:10.679320 #33058]  INFO -- : worker=3 ready
I, [2016-09-18T15:57:10.679816 #33061]  INFO -- : worker=4 spawned pid=33061
I, [2016-09-18T15:57:10.679932 #33061]  INFO -- : worker=4 ready
I, [2016-09-18T15:58:47.143877 #33032]  INFO -- : reaped #<Process::Status: pid 33050 exit 0> worker=0
I, [2016-09-18T15:58:47.143958 #33032]  INFO -- : reaped #<Process::Status: pid 33052 exit 0> worker=1
I, [2016-09-18T15:58:47.143994 #33032]  INFO -- : reaped #<Process::Status: pid 33055 exit 0> worker=2
I, [2016-09-18T15:58:47.244294 #33032]  INFO -- : reaped #<Process::Status: pid 33058 exit 0> worker=3
I, [2016-09-18T15:58:47.244370 #33032]  INFO -- : reaped #<Process::Status: pid 33061 exit 0> worker=4
I, [2016-09-18T15:58:47.244431 #33032]  INFO -- : master complete
I, [2016-09-18T15:58:47.535263 #33152]  INFO -- : Refreshing Gem list
I, [2016-09-18T15:58:47.578831 #33152]  INFO -- : unlinking existing socket=/tmp/isuda-unicorn.sock
I, [2016-09-18T15:58:47.578964 #33152]  INFO -- : listening on addr=/tmp/isuda-unicorn.sock fd=9
I, [2016-09-18T15:58:47.579202 #33152]  INFO -- : listening on addr=0.0.0.0:5000 fd=10
I, [2016-09-18T15:58:47.579287 #33152]  INFO -- : worker=0 spawning...
I, [2016-09-18T15:58:47.580101 #33152]  INFO -- : worker=1 spawning...
I, [2016-09-18T15:58:47.580597 #33152]  INFO -- : worker=2 spawning...
I, [2016-09-18T15:58:47.581251 #33162]  INFO -- : worker=0 spawned pid=33162
I, [2016-09-18T15:58:47.581390 #33162]  INFO -- : worker=0 ready
I, [2016-09-18T15:58:47.582004 #33152]  INFO -- : worker=3 spawning...
I, [2016-09-18T15:58:47.582582 #33164]  INFO -- : worker=1 spawned pid=33164
I, [2016-09-18T15:58:47.582698 #33164]  INFO -- : worker=1 ready
I, [2016-09-18T15:58:47.583263 #33152]  INFO -- : worker=4 spawning...
I, [2016-09-18T15:58:47.583795 #33167]  INFO -- : worker=2 spawned pid=33167
I, [2016-09-18T15:58:47.583912 #33167]  INFO -- : worker=2 ready
I, [2016-09-18T15:58:47.584484 #33152]  INFO -- : master process ready
I, [2016-09-18T15:58:47.585111 #33170]  INFO -- : worker=3 spawned pid=33170
I, [2016-09-18T15:58:47.585225 #33170]  INFO -- : worker=3 ready
I, [2016-09-18T15:58:47.586070 #33173]  INFO -- : worker=4 spawned pid=33173
I, [2016-09-18T15:58:47.586205 #33173]  INFO -- : worker=4 ready
I, [2016-09-18T16:04:02.223146 #33152]  INFO -- : reaped #<Process::Status: pid 33162 exit 0> worker=0
I, [2016-09-18T16:04:02.223279 #33152]  INFO -- : reaped #<Process::Status: pid 33164 exit 0> worker=1
I, [2016-09-18T16:04:02.223343 #33152]  INFO -- : reaped #<Process::Status: pid 33167 exit 0> worker=2
I, [2016-09-18T16:04:02.223398 #33152]  INFO -- : reaped #<Process::Status: pid 33170 exit 0> worker=3
I, [2016-09-18T16:04:02.223449 #33152]  INFO -- : reaped #<Process::Status: pid 33173 exit 0> worker=4
I, [2016-09-18T16:04:02.223548 #33152]  INFO -- : master complete
I, [2016-09-18T16:04:02.506094 #33248]  INFO -- : Refreshing Gem list
I, [2016-09-18T16:04:02.550340 #33248]  INFO -- : unlinking existing socket=/tmp/isuda-unicorn.sock
I, [2016-09-18T16:04:02.550485 #33248]  INFO -- : listening on addr=/tmp/isuda-unicorn.sock fd=9
I, [2016-09-18T16:04:02.550678 #33248]  INFO -- : listening on addr=0.0.0.0:5000 fd=10
I, [2016-09-18T16:04:02.550764 #33248]  INFO -- : worker=0 spawning...
I, [2016-09-18T16:04:02.551534 #33248]  INFO -- : worker=1 spawning...
I, [2016-09-18T16:04:02.551998 #33248]  INFO -- : worker=2 spawning...
I, [2016-09-18T16:04:02.552601 #33263]  INFO -- : worker=0 spawned pid=33263
I, [2016-09-18T16:04:02.552722 #33263]  INFO -- : worker=0 ready
I, [2016-09-18T16:04:02.553293 #33248]  INFO -- : worker=3 spawning...
I, [2016-09-18T16:04:02.554188 #33265]  INFO -- : worker=1 spawned pid=33265
I, [2016-09-18T16:04:02.554345 #33265]  INFO -- : worker=1 ready
I, [2016-09-18T16:04:02.555195 #33248]  INFO -- : worker=4 spawning...
I, [2016-09-18T16:04:02.555727 #33268]  INFO -- : worker=2 spawned pid=33268
I, [2016-09-18T16:04:02.555865 #33268]  INFO -- : worker=2 ready
I, [2016-09-18T16:04:02.556433 #33248]  INFO -- : master process ready
I, [2016-09-18T16:04:02.557050 #33271]  INFO -- : worker=3 spawned pid=33271
I, [2016-09-18T16:04:02.557169 #33271]  INFO -- : worker=3 ready
I, [2016-09-18T16:04:02.557709 #33274]  INFO -- : worker=4 spawned pid=33274
I, [2016-09-18T16:04:02.557821 #33274]  INFO -- : worker=4 ready
2016-09-18 16:04:24 - NoMethodError - undefined method `each' for nil:NilClass:
	/home/isucon/webapp/ruby/lib/isuda/views/_keyword.erb:6:in `block in singleton class'
	/home/isucon/webapp/ruby/lib/isuda/views/_keyword.erb:-6:in `instance_eval'
	/home/isucon/webapp/ruby/lib/isuda/views/_keyword.erb:-6:in `singleton class'
	/home/isucon/webapp/ruby/lib/isuda/views/_keyword.erb:-8:in `__tilt_47325599838480'
	/home/isucon/webapp/ruby/vendor/bundle/ruby/2.3.0/gems/tilt-2.0.5/lib/tilt/template.rb:167:in `call'
	/home/isucon/webapp/ruby/vendor/bundle/ruby/2.3.0/gems/tilt-2.0.5/lib/tilt/template.rb:167:in `evaluate'
	/home/isucon/webapp/ruby/vendor/bundle/ruby/2.3.0/gems/tilt-2.0.5/lib/tilt/template.rb:102:in `render'
	/home/isucon/webapp/ruby/vendor/bundle/ruby/2.3.0/gems/sinatra-1.4.7/lib/sinatra/base.rb:823:in `render'
	/home/isucon/webapp/ruby/vendor/bundle/ruby/2.3.0/gems/sinatra-1.4.7/lib/sinatra/base.rb:667:in `erb'
	/home/isucon/webapp/ruby/lib/isuda/views/keyword.erb:1:in `block in singleton class'
	/home/isucon/webapp/ruby/lib/isuda/views/keyword.erb:-6:in `instance_eval'
	/home/isucon/webapp/ruby/lib/isuda/views/keyword.erb:-6:in `singleton class'
	/home/isucon/webapp/ruby/lib/isuda/views/keyword.erb:-8:in `__tilt_47325599838480'
	/home/isucon/webapp/ruby/vendor/bundle/ruby/2.3.0/gems/tilt-2.0.5/lib/tilt/template.rb:167:in `call'
	/home/isucon/webapp/ruby/vendor/bundle/ruby/2.3.0/gems/tilt-2.0.5/lib/tilt/template.rb:167:in `evaluate'
	/home/isucon/webapp/ruby/vendor/bundle/ruby/2.3.0/gems/tilt-2.0.5/lib/tilt/template.rb:102:in `render'
	/home/isucon/webapp/ruby/vendor/bundle/ruby/2.3.0/gems/sinatra-1.4.7/lib/sinatra/base.rb:823:in `render'
	/home/isucon/webapp/ruby/vendor/bundle/ruby/2.3.0/gems/sinatra-1.4.7/lib/sinatra/base.rb:667:in `erb'
	/home/isucon/webapp/ruby/lib/isuda/web.rb:256:in `block in <class:Web>'
	/home/isucon/webapp/ruby/vendor/bundle/ruby/2.3.0/gems/sinatra-1.4.7/lib/sinatra/base.rb:1611:in `call'
	/home/isucon/webapp/ruby/vendor/bundle/ruby/2.3.0/gems/sinatra-1.4.7/lib/sinatra/base.rb:1611:in `block in compile!'
	/home/isucon/webapp/ruby/vendor/bundle/ruby/2.3.0/gems/sinatra-1.4.7/lib/sinatra/base.rb:975:in `block (3 levels) in route!'
	/home/isucon/webapp/ruby/vendor/bundle/ruby/2.3.0/gems/sinatra-1.4.7/lib/sinatra/base.rb:994:in `route_eval'
	/home/isucon/webapp/ruby/vendor/bundle/ruby/2.3.0/gems/sinatra-1.4.7/lib/sinatra/base.rb:975:in `block (2 levels) in route!'
	/home/isucon/webapp/ruby/vendor/bundle/ruby/2.3.0/gems/sinatra-1.4.7/lib/sinatra/base.rb:1015:in `block in process_route'
	/home/isucon/webapp/ruby/vendor/bundle/ruby/2.3.0/gems/sinatra-1.4.7/lib/sinatra/base.rb:1013:in `catch'
	/home/isucon/webapp/ruby/vendor/bundle/ruby/2.3.0/gems/sinatra-1.4.7/lib/sinatra/base.rb:1013:in `process_route'
	/home/isucon/webapp/ruby/vendor/bundle/ruby/2.3.0/gems/sinatra-1.4.7/lib/sinatra/base.rb:973:in `block in route!'
	/home/isucon/webapp/ruby/vendor/bundle/ruby/2.3.0/gems/sinatra-1.4.7/lib/sinatra/base.rb:972:in `each'
	/home/isucon/webapp/ruby/vendor/bundle/ruby/2.3.0/gems/sinatra-1.4.7/lib/sinatra/base.rb:972:in `route!'
	/home/isucon/webapp/ruby/vendor/bundle/ruby/2.3.0/gems/sinatra-1.4.7/lib/sinatra/base.rb:1085:in `block in dispatch!'
	/home/isucon/webapp/ruby/vendor/bundle/ruby/2.3.0/gems/sinatra-1.4.7/lib/sinatra/base.rb:1067:in `block in invoke'
	/home/isucon/webapp/ruby/vendor/bundle/ruby/2.3.0/gems/sinatra-1.4.7/lib/sinatra/base.rb:1067:in `catch'
	/home/isucon/webapp/ruby/vendor/bundle/ruby/2.3.0/gems/sinatra-1.4.7/lib/sinatra/base.rb:1067:in `invoke'
	/home/isucon/webapp/ruby/vendor/bundle/ruby/2.3.0/gems/sinatra-1.4.7/lib/sinatra/base.rb:1082:in `dispatch!'
	/home/isucon/webapp/ruby/vendor/bundle/ruby/2.3.0/gems/sinatra-1.4.7/lib/sinatra/base.rb:907:in `block in call!'
	/home/isucon/webapp/ruby/vendor/bundle/ruby/2.3.0/gems/sinatra-1.4.7/lib/sinatra/base.rb:1067:in `block in invoke'
	/home/isucon/webapp/ruby/vendor/bundle/ruby/2.3.0/gems/sinatra-1.4.7/lib/sinatra/base.rb:1067:in `catch'
	/home/isucon/webapp/ruby/vendor/bundle/ruby/2.3.0/gems/sinatra-1.4.7/lib/sinatra/base.rb:1067:in `invoke'
	/home/isucon/webapp/ruby/vendor/bundle/ruby/2.3.0/gems/sinatra-1.4.7/lib/sinatra/base.rb:907:in `call!'
	/home/isucon/webapp/ruby/vendor/bundle/ruby/2.3.0/gems/sinatra-1.4.7/lib/sinatra/base.rb:895:in `call'
	/home/isucon/webapp/ruby/vendor/bundle/ruby/2.3.0/gems/rack-protection-1.5.3/lib/rack/protection/xss_header.rb:18:in `call'
	/home/isucon/webapp/ruby/vendor/bundle/ruby/2.3.0/gems/rack-protection-1.5.3/lib/rack/protection/base.rb:49:in `call'
	/home/isucon/webapp/ruby/vendor/bundle/ruby/2.3.0/gems/rack-protection-1.5.3/lib/rack/protection/base.rb:49:in `call'
	/home/isucon/webapp/ruby/vendor/bundle/ruby/2.3.0/gems/rack-protection-1.5.3/lib/rack/protection/path_traversal.rb:16:in `call'
	/home/isucon/webapp/ruby/vendor/bundle/ruby/2.3.0/gems/rack-protection-1.5.3/lib/rack/protection/json_csrf.rb:18:in `call'
	/home/isucon/webapp/ruby/vendor/bundle/ruby/2.3.0/gems/rack-protection-1.5.3/lib/rack/protection/base.rb:49:in `call'
	/home/isucon/webapp/ruby/vendor/bundle/ruby/2.3.0/gems/rack-protection-1.5.3/lib/rack/protection/base.rb:49:in `call'
	/home/isucon/webapp/ruby/vendor/bundle/ruby/2.3.0/gems/rack-protection-1.5.3/lib/rack/protection/frame_options.rb:31:in `call'
	/home/isucon/webapp/ruby/vendor/bundle/ruby/2.3.0/gems/rack-1.6.4/lib/rack/session/abstract/id.rb:225:in `context'
	/home/isucon/webapp/ruby/vendor/bundle/ruby/2.3.0/gems/rack-1.6.4/lib/rack/session/abstract/id.rb:220:in `call'
	/home/isucon/webapp/ruby/vendor/bundle/ruby/2.3.0/gems/rack-1.6.4/lib/rack/nulllogger.rb:9:in `call'
	/home/isucon/webapp/ruby/vendor/bundle/ruby/2.3.0/gems/rack-1.6.4/lib/rack/head.rb:13:in `call'
	/home/isucon/webapp/ruby/vendor/bundle/ruby/2.3.0/gems/sinatra-1.4.7/lib/sinatra/base.rb:182:in `call'
	/home/isucon/webapp/ruby/vendor/bundle/ruby/2.3.0/gems/sinatra-1.4.7/lib/sinatra/base.rb:2013:in `call'
	/home/isucon/webapp/ruby/vendor/bundle/ruby/2.3.0/gems/sinatra-1.4.7/lib/sinatra/base.rb:1487:in `block in call'
	/home/isucon/webapp/ruby/vendor/bundle/ruby/2.3.0/gems/sinatra-1.4.7/lib/sinatra/base.rb:1787:in `synchronize'
	/home/isucon/webapp/ruby/vendor/bundle/ruby/2.3.0/gems/sinatra-1.4.7/lib/sinatra/base.rb:1487:in `call'
	/home/isucon/webapp/ruby/vendor/bundle/ruby/2.3.0/gems/unicorn-5.1.0/lib/unicorn/http_server.rb:562:in `process_client'
	/home/isucon/webapp/ruby/vendor/bundle/ruby/2.3.0/gems/unicorn-5.1.0/lib/unicorn/http_server.rb:658:in `worker_loop'
	/home/isucon/webapp/ruby/vendor/bundle/ruby/2.3.0/gems/unicorn-5.1.0/lib/unicorn/http_server.rb:508:in `spawn_missing_workers'
	/home/isucon/webapp/ruby/vendor/bundle/ruby/2.3.0/gems/unicorn-5.1.0/lib/unicorn/http_server.rb:132:in `start'
	/home/isucon/webapp/ruby/vendor/bundle/ruby/2.3.0/gems/unicorn-5.1.0/bin/unicorn:126:in `<top (required)>'
	/home/isucon/webapp/ruby/vendor/bundle/ruby/2.3.0/bin/unicorn:23:in `load'
	/home/isucon/webapp/ruby/vendor/bundle/ruby/2.3.0/bin/unicorn:23:in `<top (required)>'
	/home/isucon/.local/ruby/lib/ruby/gems/2.3.0/gems/bundler-1.13.1/lib/bundler/cli/exec.rb:74:in `load'
	/home/isucon/.local/ruby/lib/ruby/gems/2.3.0/gems/bundler-1.13.1/lib/bundler/cli/exec.rb:74:in `kernel_load'
	/home/isucon/.local/ruby/lib/ruby/gems/2.3.0/gems/bundler-1.13.1/lib/bundler/cli/exec.rb:27:in `run'
	/home/isucon/.local/ruby/lib/ruby/gems/2.3.0/gems/bundler-1.13.1/lib/bundler/cli.rb:332:in `exec'
	/home/isucon/.local/ruby/lib/ruby/gems/2.3.0/gems/bundler-1.13.1/lib/bundler/vendor/thor/lib/thor/command.rb:27:in `run'
	/home/isucon/.local/ruby/lib/ruby/gems/2.3.0/gems/bundler-1.13.1/lib/bundler/vendor/thor/lib/thor/invocation.rb:126:in `invoke_command'
	/home/isucon/.local/ruby/lib/ruby/gems/2.3.0/gems/bundler-1.13.1/lib/bundler/vendor/thor/lib/thor.rb:359:in `dispatch'
	/home/isucon/.local/ruby/lib/ruby/gems/2.3.0/gems/bundler-1.13.1/lib/bundler/cli.rb:20:in `dispatch'
	/home/isucon/.local/ruby/lib/ruby/gems/2.3.0/gems/bundler-1.13.1/lib/bundler/vendor/thor/lib/thor/base.rb:440:in `start'
	/home/isucon/.local/ruby/lib/ruby/gems/2.3.0/gems/bundler-1.13.1/lib/bundler/cli.rb:11:in `start'
	/home/isucon/.local/ruby/lib/ruby/gems/2.3.0/gems/bundler-1.13.1/exe/bundle:34:in `block in <top (required)>'
	/home/isucon/.local/ruby/lib/ruby/gems/2.3.0/gems/bundler-1.13.1/lib/bundler/friendly_errors.rb:100:in `with_friendly_errors'
	/home/isucon/.local/ruby/lib/ruby/gems/2.3.0/gems/bundler-1.13.1/exe/bundle:26:in `<top (required)>'
	/home/isucon/.local/ruby/bin/bundle:23:in `load'
	/home/isucon/.local/ruby/bin/bundle:23:in `<main>'
2016-09-18 16:04:24 - NoMethodError - undefined method `each' for nil:NilClass:
	/home/isucon/webapp/ruby/lib/isuda/views/_keyword.erb:6:in `block in singleton class'
	/home/isucon/webapp/ruby/lib/isuda/views/_keyword.erb:-6:in `instance_eval'
	/home/isucon/webapp/ruby/lib/isuda/views/_keyword.erb:-6:in `singleton class'
	/home/isucon/webapp/ruby/lib/isuda/views/_keyword.erb:-8:in `__tilt_47325599838480'
	/home/isucon/webapp/ruby/vendor/bundle/ruby/2.3.0/gems/tilt-2.0.5/lib/tilt/template.rb:167:in `call'
	/home/isucon/webapp/ruby/vendor/bundle/ruby/2.3.0/gems/tilt-2.0.5/lib/tilt/template.rb:167:in `evaluate'
	/home/isucon/webapp/ruby/vendor/bundle/ruby/2.3.0/gems/tilt-2.0.5/lib/tilt/template.rb:102:in `render'
	/home/isucon/webapp/ruby/vendor/bundle/ruby/2.3.0/gems/sinatra-1.4.7/lib/sinatra/base.rb:823:in `render'
	/home/isucon/webapp/ruby/vendor/bundle/ruby/2.3.0/gems/sinatra-1.4.7/lib/sinatra/base.rb:667:in `erb'
	/home/isucon/webapp/ruby/lib/isuda/views/keyword.erb:1:in `block in singleton class'
	/home/isucon/webapp/ruby/lib/isuda/views/keyword.erb:-6:in `instance_eval'
	/home/isucon/webapp/ruby/lib/isuda/views/keyword.erb:-6:in `singleton class'
	/home/isucon/webapp/ruby/lib/isuda/views/keyword.erb:-8:in `__tilt_47325599838480'
	/home/isucon/webapp/ruby/vendor/bundle/ruby/2.3.0/gems/tilt-2.0.5/lib/tilt/template.rb:167:in `call'
	/home/isucon/webapp/ruby/vendor/bundle/ruby/2.3.0/gems/tilt-2.0.5/lib/tilt/template.rb:167:in `evaluate'
	/home/isucon/webapp/ruby/vendor/bundle/ruby/2.3.0/gems/tilt-2.0.5/lib/tilt/template.rb:102:in `render'
	/home/isucon/webapp/ruby/vendor/bundle/ruby/2.3.0/gems/sinatra-1.4.7/lib/sinatra/base.rb:823:in `render'
	/home/isucon/webapp/ruby/vendor/bundle/ruby/2.3.0/gems/sinatra-1.4.7/lib/sinatra/base.rb:667:in `erb'
	/home/isucon/webapp/ruby/lib/isuda/web.rb:256:in `block in <class:Web>'
	/home/isucon/webapp/ruby/vendor/bundle/ruby/2.3.0/gems/sinatra-1.4.7/lib/sinatra/base.rb:1611:in `call'
	/home/isucon/webapp/ruby/vendor/bundle/ruby/2.3.0/gems/sinatra-1.4.7/lib/sinatra/base.rb:1611:in `block in compile!'
	/home/isucon/webapp/ruby/vendor/bundle/ruby/2.3.0/gems/sinatra-1.4.7/lib/sinatra/base.rb:975:in `block (3 levels) in route!'
	/home/isucon/webapp/ruby/vendor/bundle/ruby/2.3.0/gems/sinatra-1.4.7/lib/sinatra/base.rb:994:in `route_eval'
	/home/isucon/webapp/ruby/vendor/bundle/ruby/2.3.0/gems/sinatra-1.4.7/lib/sinatra/base.rb:975:in `block (2 levels) in route!'
	/home/isucon/webapp/ruby/vendor/bundle/ruby/2.3.0/gems/sinatra-1.4.7/lib/sinatra/base.rb:1015:in `block in process_route'
	/home/isucon/webapp/ruby/vendor/bundle/ruby/2.3.0/gems/sinatra-1.4.7/lib/sinatra/base.rb:1013:in `catch'
	/home/isucon/webapp/ruby/vendor/bundle/ruby/2.3.0/gems/sinatra-1.4.7/lib/sinatra/base.rb:1013:in `process_route'
	/home/isucon/webapp/ruby/vendor/bundle/ruby/2.3.0/gems/sinatra-1.4.7/lib/sinatra/base.rb:973:in `block in route!'
	/home/isucon/webapp/ruby/vendor/bundle/ruby/2.3.0/gems/sinatra-1.4.7/lib/sinatra/base.rb:972:in `each'
	/home/isucon/webapp/ruby/vendor/bundle/ruby/2.3.0/gems/sinatra-1.4.7/lib/sinatra/base.rb:972:in `route!'
	/home/isucon/webapp/ruby/vendor/bundle/ruby/2.3.0/gems/sinatra-1.4.7/lib/sinatra/base.rb:1085:in `block in dispatch!'
	/home/isucon/webapp/ruby/vendor/bundle/ruby/2.3.0/gems/sinatra-1.4.7/lib/sinatra/base.rb:1067:in `block in invoke'
	/home/isucon/webapp/ruby/vendor/bundle/ruby/2.3.0/gems/sinatra-1.4.7/lib/sinatra/base.rb:1067:in `catch'
	/home/isucon/webapp/ruby/vendor/bundle/ruby/2.3.0/gems/sinatra-1.4.7/lib/sinatra/base.rb:1067:in `invoke'
	/home/isucon/webapp/ruby/vendor/bundle/ruby/2.3.0/gems/sinatra-1.4.7/lib/sinatra/base.rb:1082:in `dispatch!'
	/home/isucon/webapp/ruby/vendor/bundle/ruby/2.3.0/gems/sinatra-1.4.7/lib/sinatra/base.rb:907:in `block in call!'
	/home/isucon/webapp/ruby/vendor/bundle/ruby/2.3.0/gems/sinatra-1.4.7/lib/sinatra/base.rb:1067:in `block in invoke'
	/home/isucon/webapp/ruby/vendor/bundle/ruby/2.3.0/gems/sinatra-1.4.7/lib/sinatra/base.rb:1067:in `catch'
	/home/isucon/webapp/ruby/vendor/bundle/ruby/2.3.0/gems/sinatra-1.4.7/lib/sinatra/base.rb:1067:in `invoke'
	/home/isucon/webapp/ruby/vendor/bundle/ruby/2.3.0/gems/sinatra-1.4.7/lib/sinatra/base.rb:907:in `call!'
	/home/isucon/webapp/ruby/vendor/bundle/ruby/2.3.0/gems/sinatra-1.4.7/lib/sinatra/base.rb:895:in `call'
	/home/isucon/webapp/ruby/vendor/bundle/ruby/2.3.0/gems/rack-protection-1.5.3/lib/rack/protection/xss_header.rb:18:in `call'
	/home/isucon/webapp/ruby/vendor/bundle/ruby/2.3.0/gems/rack-protection-1.5.3/lib/rack/protection/base.rb:49:in `call'
	/home/isucon/webapp/ruby/vendor/bundle/ruby/2.3.0/gems/rack-protection-1.5.3/lib/rack/protection/base.rb:49:in `call'
	/home/isucon/webapp/ruby/vendor/bundle/ruby/2.3.0/gems/rack-protection-1.5.3/lib/rack/protection/path_traversal.rb:16:in `call'
	/home/isucon/webapp/ruby/vendor/bundle/ruby/2.3.0/gems/rack-protection-1.5.3/lib/rack/protection/json_csrf.rb:18:in `call'
	/home/isucon/webapp/ruby/vendor/bundle/ruby/2.3.0/gems/rack-protection-1.5.3/lib/rack/protection/base.rb:49:in `call'
	/home/isucon/webapp/ruby/vendor/bundle/ruby/2.3.0/gems/rack-protection-1.5.3/lib/rack/protection/base.rb:49:in `call'
	/home/isucon/webapp/ruby/vendor/bundle/ruby/2.3.0/gems/rack-protection-1.5.3/lib/rack/protection/frame_options.rb:31:in `call'
	/home/isucon/webapp/ruby/vendor/bundle/ruby/2.3.0/gems/rack-1.6.4/lib/rack/session/abstract/id.rb:225:in `context'
	/home/isucon/webapp/ruby/vendor/bundle/ruby/2.3.0/gems/rack-1.6.4/lib/rack/session/abstract/id.rb:220:in `call'
	/home/isucon/webapp/ruby/vendor/bundle/ruby/2.3.0/gems/rack-1.6.4/lib/rack/nulllogger.rb:9:in `call'
	/home/isucon/webapp/ruby/vendor/bundle/ruby/2.3.0/gems/rack-1.6.4/lib/rack/head.rb:13:in `call'
	/home/isucon/webapp/ruby/vendor/bundle/ruby/2.3.0/gems/sinatra-1.4.7/lib/sinatra/base.rb:182:in `call'
	/home/isucon/webapp/ruby/vendor/bundle/ruby/2.3.0/gems/sinatra-1.4.7/lib/sinatra/base.rb:2013:in `call'
	/home/isucon/webapp/ruby/vendor/bundle/ruby/2.3.0/gems/sinatra-1.4.7/lib/sinatra/base.rb:1487:in `block in call'
	/home/isucon/webapp/ruby/vendor/bundle/ruby/2.3.0/gems/sinatra-1.4.7/lib/sinatra/base.rb:1787:in `synchronize'
	/home/isucon/webapp/ruby/vendor/bundle/ruby/2.3.0/gems/sinatra-1.4.7/lib/sinatra/base.rb:1487:in `call'
	/home/isucon/webapp/ruby/vendor/bundle/ruby/2.3.0/gems/unicorn-5.1.0/lib/unicorn/http_server.rb:562:in `process_client'
	/home/isucon/webapp/ruby/vendor/bundle/ruby/2.3.0/gems/unicorn-5.1.0/lib/unicorn/http_server.rb:658:in `worker_loop'
	/home/isucon/webapp/ruby/vendor/bundle/ruby/2.3.0/gems/unicorn-5.1.0/lib/unicorn/http_server.rb:508:in `spawn_missing_workers'
	/home/isucon/webapp/ruby/vendor/bundle/ruby/2.3.0/gems/unicorn-5.1.0/lib/unicorn/http_server.rb:132:in `start'
	/home/isucon/webapp/ruby/vendor/bundle/ruby/2.3.0/gems/unicorn-5.1.0/bin/unicorn:126:in `<top (required)>'
	/home/isucon/webapp/ruby/vendor/bundle/ruby/2.3.0/bin/unicorn:23:in `load'
	/home/isucon/webapp/ruby/vendor/bundle/ruby/2.3.0/bin/unicorn:23:in `<top (required)>'
	/home/isucon/.local/ruby/lib/ruby/gems/2.3.0/gems/bundler-1.13.1/lib/bundler/cli/exec.rb:74:in `load'
	/home/isucon/.local/ruby/lib/ruby/gems/2.3.0/gems/bundler-1.13.1/lib/bundler/cli/exec.rb:74:in `kernel_load'
	/home/isucon/.local/ruby/lib/ruby/gems/2.3.0/gems/bundler-1.13.1/lib/bundler/cli/exec.rb:27:in `run'
	/home/isucon/.local/ruby/lib/ruby/gems/2.3.0/gems/bundler-1.13.1/lib/bundler/cli.rb:332:in `exec'
	/home/isucon/.local/ruby/lib/ruby/gems/2.3.0/gems/bundler-1.13.1/lib/bundler/vendor/thor/lib/thor/command.rb:27:in `run'
	/home/isucon/.local/ruby/lib/ruby/gems/2.3.0/gems/bundler-1.13.1/lib/bundler/vendor/thor/lib/thor/invocation.rb:126:in `invoke_command'
	/home/isucon/.local/ruby/lib/ruby/gems/2.3.0/gems/bundler-1.13.1/lib/bundler/vendor/thor/lib/thor.rb:359:in `dispatch'
	/home/isucon/.local/ruby/lib/ruby/gems/2.3.0/gems/bundler-1.13.1/lib/bundler/cli.rb:20:in `dispatch'
	/home/isucon/.local/ruby/lib/ruby/gems/2.3.0/gems/bundler-1.13.1/lib/bundler/vendor/thor/lib/thor/base.rb:440:in `start'
	/home/isucon/.local/ruby/lib/ruby/gems/2.3.0/gems/bundler-1.13.1/lib/bundler/cli.rb:11:in `start'
	/home/isucon/.local/ruby/lib/ruby/gems/2.3.0/gems/bundler-1.13.1/exe/bundle:34:in `block in <top (required)>'
	/home/isucon/.local/ruby/lib/ruby/gems/2.3.0/gems/bundler-1.13.1/lib/bundler/friendly_errors.rb:100:in `with_friendly_errors'
	/home/isucon/.local/ruby/lib/ruby/gems/2.3.0/gems/bundler-1.13.1/exe/bundle:26:in `<top (required)>'
	/home/isucon/.local/ruby/bin/bundle:23:in `load'
	/home/isucon/.local/ruby/bin/bundle:23:in `<main>'
2016-09-18 16:04:25 - NoMethodError - undefined method `each' for nil:NilClass:
	/home/isucon/webapp/ruby/lib/isuda/views/_keyword.erb:6:in `block in singleton class'
	/home/isucon/webapp/ruby/lib/isuda/views/_keyword.erb:-6:in `instance_eval'
	/home/isucon/webapp/ruby/lib/isuda/views/_keyword.erb:-6:in `singleton class'
	/home/isucon/webapp/ruby/lib/isuda/views/_keyword.erb:-8:in `__tilt_47325599838480'
	/home/isucon/webapp/ruby/vendor/bundle/ruby/2.3.0/gems/tilt-2.0.5/lib/tilt/template.rb:167:in `call'
	/home/isucon/webapp/ruby/vendor/bundle/ruby/2.3.0/gems/tilt-2.0.5/lib/tilt/template.rb:167:in `evaluate'
	/home/isucon/webapp/ruby/vendor/bundle/ruby/2.3.0/gems/tilt-2.0.5/lib/tilt/template.rb:102:in `render'
	/home/isucon/webapp/ruby/vendor/bundle/ruby/2.3.0/gems/sinatra-1.4.7/lib/sinatra/base.rb:823:in `render'
	/home/isucon/webapp/ruby/vendor/bundle/ruby/2.3.0/gems/sinatra-1.4.7/lib/sinatra/base.rb:667:in `erb'
	/home/isucon/webapp/ruby/lib/isuda/views/keyword.erb:1:in `block in singleton class'
	/home/isucon/webapp/ruby/lib/isuda/views/keyword.erb:-6:in `instance_eval'
	/home/isucon/webapp/ruby/lib/isuda/views/keyword.erb:-6:in `singleton class'
	/home/isucon/webapp/ruby/lib/isuda/views/keyword.erb:-8:in `__tilt_47325599838480'
	/home/isucon/webapp/ruby/vendor/bundle/ruby/2.3.0/gems/tilt-2.0.5/lib/tilt/template.rb:167:in `call'
	/home/isucon/webapp/ruby/vendor/bundle/ruby/2.3.0/gems/tilt-2.0.5/lib/tilt/template.rb:167:in `evaluate'
	/home/isucon/webapp/ruby/vendor/bundle/ruby/2.3.0/gems/tilt-2.0.5/lib/tilt/template.rb:102:in `render'
	/home/isucon/webapp/ruby/vendor/bundle/ruby/2.3.0/gems/sinatra-1.4.7/lib/sinatra/base.rb:823:in `render'
	/home/isucon/webapp/ruby/vendor/bundle/ruby/2.3.0/gems/sinatra-1.4.7/lib/sinatra/base.rb:667:in `erb'
	/home/isucon/webapp/ruby/lib/isuda/web.rb:256:in `block in <class:Web>'
	/home/isucon/webapp/ruby/vendor/bundle/ruby/2.3.0/gems/sinatra-1.4.7/lib/sinatra/base.rb:1611:in `call'
	/home/isucon/webapp/ruby/vendor/bundle/ruby/2.3.0/gems/sinatra-1.4.7/lib/sinatra/base.rb:1611:in `block in compile!'
	/home/isucon/webapp/ruby/vendor/bundle/ruby/2.3.0/gems/sinatra-1.4.7/lib/sinatra/base.rb:975:in `block (3 levels) in route!'
	/home/isucon/webapp/ruby/vendor/bundle/ruby/2.3.0/gems/sinatra-1.4.7/lib/sinatra/base.rb:994:in `route_eval'
	/home/isucon/webapp/ruby/vendor/bundle/ruby/2.3.0/gems/sinatra-1.4.7/lib/sinatra/base.rb:975:in `block (2 levels) in route!'
	/home/isucon/webapp/ruby/vendor/bundle/ruby/2.3.0/gems/sinatra-1.4.7/lib/sinatra/base.rb:1015:in `block in process_route'
	/home/isucon/webapp/ruby/vendor/bundle/ruby/2.3.0/gems/sinatra-1.4.7/lib/sinatra/base.rb:1013:in `catch'
	/home/isucon/webapp/ruby/vendor/bundle/ruby/2.3.0/gems/sinatra-1.4.7/lib/sinatra/base.rb:1013:in `process_route'
	/home/isucon/webapp/ruby/vendor/bundle/ruby/2.3.0/gems/sinatra-1.4.7/lib/sinatra/base.rb:973:in `block in route!'
	/home/isucon/webapp/ruby/vendor/bundle/ruby/2.3.0/gems/sinatra-1.4.7/lib/sinatra/base.rb:972:in `each'
	/home/isucon/webapp/ruby/vendor/bundle/ruby/2.3.0/gems/sinatra-1.4.7/lib/sinatra/base.rb:972:in `route!'
	/home/isucon/webapp/ruby/vendor/bundle/ruby/2.3.0/gems/sinatra-1.4.7/lib/sinatra/base.rb:1085:in `block in dispatch!'
	/home/isucon/webapp/ruby/vendor/bundle/ruby/2.3.0/gems/sinatra-1.4.7/lib/sinatra/base.rb:1067:in `block in invoke'
	/home/isucon/webapp/ruby/vendor/bundle/ruby/2.3.0/gems/sinatra-1.4.7/lib/sinatra/base.rb:1067:in `catch'
	/home/isucon/webapp/ruby/vendor/bundle/ruby/2.3.0/gems/sinatra-1.4.7/lib/sinatra/base.rb:1067:in `invoke'
	/home/isucon/webapp/ruby/vendor/bundle/ruby/2.3.0/gems/sinatra-1.4.7/lib/sinatra/base.rb:1082:in `dispatch!'
	/home/isucon/webapp/ruby/vendor/bundle/ruby/2.3.0/gems/sinatra-1.4.7/lib/sinatra/base.rb:907:in `block in call!'
	/home/isucon/webapp/ruby/vendor/bundle/ruby/2.3.0/gems/sinatra-1.4.7/lib/sinatra/base.rb:1067:in `block in invoke'
	/home/isucon/webapp/ruby/vendor/bundle/ruby/2.3.0/gems/sinatra-1.4.7/lib/sinatra/base.rb:1067:in `catch'
	/home/isucon/webapp/ruby/vendor/bundle/ruby/2.3.0/gems/sinatra-1.4.7/lib/sinatra/base.rb:1067:in `invoke'
	/home/isucon/webapp/ruby/vendor/bundle/ruby/2.3.0/gems/sinatra-1.4.7/lib/sinatra/base.rb:907:in `call!'
	/home/isucon/webapp/ruby/vendor/bundle/ruby/2.3.0/gems/sinatra-1.4.7/lib/sinatra/base.rb:895:in `call'
	/home/isucon/webapp/ruby/vendor/bundle/ruby/2.3.0/gems/rack-protection-1.5.3/lib/rack/protection/xss_header.rb:18:in `call'
	/home/isucon/webapp/ruby/vendor/bundle/ruby/2.3.0/gems/rack-protection-1.5.3/lib/rack/protection/base.rb:49:in `call'
	/home/isucon/webapp/ruby/vendor/bundle/ruby/2.3.0/gems/rack-protection-1.5.3/lib/rack/protection/base.rb:49:in `call'
	/home/isucon/webapp/ruby/vendor/bundle/ruby/2.3.0/gems/rack-protection-1.5.3/lib/rack/protection/path_traversal.rb:16:in `call'
	/home/isucon/webapp/ruby/vendor/bundle/ruby/2.3.0/gems/rack-protection-1.5.3/lib/rack/protection/json_csrf.rb:18:in `call'
	/home/isucon/webapp/ruby/vendor/bundle/ruby/2.3.0/gems/rack-protection-1.5.3/lib/rack/protection/base.rb:49:in `call'
	/home/isucon/webapp/ruby/vendor/bundle/ruby/2.3.0/gems/rack-protection-1.5.3/lib/rack/protection/base.rb:49:in `call'
	/home/isucon/webapp/ruby/vendor/bundle/ruby/2.3.0/gems/rack-protection-1.5.3/lib/rack/protection/frame_options.rb:31:in `call'
	/home/isucon/webapp/ruby/vendor/bundle/ruby/2.3.0/gems/rack-1.6.4/lib/rack/session/abstract/id.rb:225:in `context'
	/home/isucon/webapp/ruby/vendor/bundle/ruby/2.3.0/gems/rack-1.6.4/lib/rack/session/abstract/id.rb:220:in `call'
	/home/isucon/webapp/ruby/vendor/bundle/ruby/2.3.0/gems/rack-1.6.4/lib/rack/nulllogger.rb:9:in `call'
	/home/isucon/webapp/ruby/vendor/bundle/ruby/2.3.0/gems/rack-1.6.4/lib/rack/head.rb:13:in `call'
	/home/isucon/webapp/ruby/vendor/bundle/ruby/2.3.0/gems/sinatra-1.4.7/lib/sinatra/base.rb:182:in `call'
	/home/isucon/webapp/ruby/vendor/bundle/ruby/2.3.0/gems/sinatra-1.4.7/lib/sinatra/base.rb:2013:in `call'
	/home/isucon/webapp/ruby/vendor/bundle/ruby/2.3.0/gems/sinatra-1.4.7/lib/sinatra/base.rb:1487:in `block in call'
	/home/isucon/webapp/ruby/vendor/bundle/ruby/2.3.0/gems/sinatra-1.4.7/lib/sinatra/base.rb:1787:in `synchronize'
	/home/isucon/webapp/ruby/vendor/bundle/ruby/2.3.0/gems/sinatra-1.4.7/lib/sinatra/base.rb:1487:in `call'
	/home/isucon/webapp/ruby/vendor/bundle/ruby/2.3.0/gems/unicorn-5.1.0/lib/unicorn/http_server.rb:562:in `process_client'
	/home/isucon/webapp/ruby/vendor/bundle/ruby/2.3.0/gems/unicorn-5.1.0/lib/unicorn/http_server.rb:658:in `worker_loop'
	/home/isucon/webapp/ruby/vendor/bundle/ruby/2.3.0/gems/unicorn-5.1.0/lib/unicorn/http_server.rb:508:in `spawn_missing_workers'
	/home/isucon/webapp/ruby/vendor/bundle/ruby/2.3.0/gems/unicorn-5.1.0/lib/unicorn/http_server.rb:132:in `start'
	/home/isucon/webapp/ruby/vendor/bundle/ruby/2.3.0/gems/unicorn-5.1.0/bin/unicorn:126:in `<top (required)>'
	/home/isucon/webapp/ruby/vendor/bundle/ruby/2.3.0/bin/unicorn:23:in `load'
	/home/isucon/webapp/ruby/vendor/bundle/ruby/2.3.0/bin/unicorn:23:in `<top (required)>'
	/home/isucon/.local/ruby/lib/ruby/gems/2.3.0/gems/bundler-1.13.1/lib/bundler/cli/exec.rb:74:in `load'
	/home/isucon/.local/ruby/lib/ruby/gems/2.3.0/gems/bundler-1.13.1/lib/bundler/cli/exec.rb:74:in `kernel_load'
	/home/isucon/.local/ruby/lib/ruby/gems/2.3.0/gems/bundler-1.13.1/lib/bundler/cli/exec.rb:27:in `run'
	/home/isucon/.local/ruby/lib/ruby/gems/2.3.0/gems/bundler-1.13.1/lib/bundler/cli.rb:332:in `exec'
	/home/isucon/.local/ruby/lib/ruby/gems/2.3.0/gems/bundler-1.13.1/lib/bundler/vendor/thor/lib/thor/command.rb:27:in `run'
	/home/isucon/.local/ruby/lib/ruby/gems/2.3.0/gems/bundler-1.13.1/lib/bundler/vendor/thor/lib/thor/invocation.rb:126:in `invoke_command'
	/home/isucon/.local/ruby/lib/ruby/gems/2.3.0/gems/bundler-1.13.1/lib/bundler/vendor/thor/lib/thor.rb:359:in `dispatch'
	/home/isucon/.local/ruby/lib/ruby/gems/2.3.0/gems/bundler-1.13.1/lib/bundler/cli.rb:20:in `dispatch'
	/home/isucon/.local/ruby/lib/ruby/gems/2.3.0/gems/bundler-1.13.1/lib/bundler/vendor/thor/lib/thor/base.rb:440:in `start'
	/home/isucon/.local/ruby/lib/ruby/gems/2.3.0/gems/bundler-1.13.1/lib/bundler/cli.rb:11:in `start'
	/home/isucon/.local/ruby/lib/ruby/gems/2.3.0/gems/bundler-1.13.1/exe/bundle:34:in `block in <top (required)>'
	/home/isucon/.local/ruby/lib/ruby/gems/2.3.0/gems/bundler-1.13.1/lib/bundler/friendly_errors.rb:100:in `with_friendly_errors'
	/home/isucon/.local/ruby/lib/ruby/gems/2.3.0/gems/bundler-1.13.1/exe/bundle:26:in `<top (required)>'
	/home/isucon/.local/ruby/bin/bundle:23:in `load'
	/home/isucon/.local/ruby/bin/bundle:23:in `<main>'
2016-09-18 16:04:25 - NoMethodError - undefined method `each' for nil:NilClass:
	/home/isucon/webapp/ruby/lib/isuda/views/_keyword.erb:6:in `block in singleton class'
	/home/isucon/webapp/ruby/lib/isuda/views/_keyword.erb:-6:in `instance_eval'
	/home/isucon/webapp/ruby/lib/isuda/views/_keyword.erb:-6:in `singleton class'
	/home/isucon/webapp/ruby/lib/isuda/views/_keyword.erb:-8:in `__tilt_47325599838480'
	/home/isucon/webapp/ruby/vendor/bundle/ruby/2.3.0/gems/tilt-2.0.5/lib/tilt/template.rb:167:in `call'
	/home/isucon/webapp/ruby/vendor/bundle/ruby/2.3.0/gems/tilt-2.0.5/lib/tilt/template.rb:167:in `evaluate'
	/home/isucon/webapp/ruby/vendor/bundle/ruby/2.3.0/gems/tilt-2.0.5/lib/tilt/template.rb:102:in `render'
	/home/isucon/webapp/ruby/vendor/bundle/ruby/2.3.0/gems/sinatra-1.4.7/lib/sinatra/base.rb:823:in `render'
	/home/isucon/webapp/ruby/vendor/bundle/ruby/2.3.0/gems/sinatra-1.4.7/lib/sinatra/base.rb:667:in `erb'
	/home/isucon/webapp/ruby/lib/isuda/views/keyword.erb:1:in `block in singleton class'
	/home/isucon/webapp/ruby/lib/isuda/views/keyword.erb:-6:in `instance_eval'
	/home/isucon/webapp/ruby/lib/isuda/views/keyword.erb:-6:in `singleton class'
	/home/isucon/webapp/ruby/lib/isuda/views/keyword.erb:-8:in `__tilt_47325599838480'
	/home/isucon/webapp/ruby/vendor/bundle/ruby/2.3.0/gems/tilt-2.0.5/lib/tilt/template.rb:167:in `call'
	/home/isucon/webapp/ruby/vendor/bundle/ruby/2.3.0/gems/tilt-2.0.5/lib/tilt/template.rb:167:in `evaluate'
	/home/isucon/webapp/ruby/vendor/bundle/ruby/2.3.0/gems/tilt-2.0.5/lib/tilt/template.rb:102:in `render'
	/home/isucon/webapp/ruby/vendor/bundle/ruby/2.3.0/gems/sinatra-1.4.7/lib/sinatra/base.rb:823:in `render'
	/home/isucon/webapp/ruby/vendor/bundle/ruby/2.3.0/gems/sinatra-1.4.7/lib/sinatra/base.rb:667:in `erb'
	/home/isucon/webapp/ruby/lib/isuda/web.rb:256:in `block in <class:Web>'
	/home/isucon/webapp/ruby/vendor/bundle/ruby/2.3.0/gems/sinatra-1.4.7/lib/sinatra/base.rb:1611:in `call'
	/home/isucon/webapp/ruby/vendor/bundle/ruby/2.3.0/gems/sinatra-1.4.7/lib/sinatra/base.rb:1611:in `block in compile!'
	/home/isucon/webapp/ruby/vendor/bundle/ruby/2.3.0/gems/sinatra-1.4.7/lib/sinatra/base.rb:975:in `block (3 levels) in route!'
	/home/isucon/webapp/ruby/vendor/bundle/ruby/2.3.0/gems/sinatra-1.4.7/lib/sinatra/base.rb:994:in `route_eval'
	/home/isucon/webapp/ruby/vendor/bundle/ruby/2.3.0/gems/sinatra-1.4.7/lib/sinatra/base.rb:975:in `block (2 levels) in route!'
	/home/isucon/webapp/ruby/vendor/bundle/ruby/2.3.0/gems/sinatra-1.4.7/lib/sinatra/base.rb:1015:in `block in process_route'
	/home/isucon/webapp/ruby/vendor/bundle/ruby/2.3.0/gems/sinatra-1.4.7/lib/sinatra/base.rb:1013:in `catch'
	/home/isucon/webapp/ruby/vendor/bundle/ruby/2.3.0/gems/sinatra-1.4.7/lib/sinatra/base.rb:1013:in `process_route'
	/home/isucon/webapp/ruby/vendor/bundle/ruby/2.3.0/gems/sinatra-1.4.7/lib/sinatra/base.rb:973:in `block in route!'
	/home/isucon/webapp/ruby/vendor/bundle/ruby/2.3.0/gems/sinatra-1.4.7/lib/sinatra/base.rb:972:in `each'
	/home/isucon/webapp/ruby/vendor/bundle/ruby/2.3.0/gems/sinatra-1.4.7/lib/sinatra/base.rb:972:in `route!'
	/home/isucon/webapp/ruby/vendor/bundle/ruby/2.3.0/gems/sinatra-1.4.7/lib/sinatra/base.rb:1085:in `block in dispatch!'
	/home/isucon/webapp/ruby/vendor/bundle/ruby/2.3.0/gems/sinatra-1.4.7/lib/sinatra/base.rb:1067:in `block in invoke'
	/home/isucon/webapp/ruby/vendor/bundle/ruby/2.3.0/gems/sinatra-1.4.7/lib/sinatra/base.rb:1067:in `catch'
	/home/isucon/webapp/ruby/vendor/bundle/ruby/2.3.0/gems/sinatra-1.4.7/lib/sinatra/base.rb:1067:in `invoke'
	/home/isucon/webapp/ruby/vendor/bundle/ruby/2.3.0/gems/sinatra-1.4.7/lib/sinatra/base.rb:1082:in `dispatch!'
	/home/isucon/webapp/ruby/vendor/bundle/ruby/2.3.0/gems/sinatra-1.4.7/lib/sinatra/base.rb:907:in `block in call!'
	/home/isucon/webapp/ruby/vendor/bundle/ruby/2.3.0/gems/sinatra-1.4.7/lib/sinatra/base.rb:1067:in `block in invoke'
	/home/isucon/webapp/ruby/vendor/bundle/ruby/2.3.0/gems/sinatra-1.4.7/lib/sinatra/base.rb:1067:in `catch'
	/home/isucon/webapp/ruby/vendor/bundle/ruby/2.3.0/gems/sinatra-1.4.7/lib/sinatra/base.rb:1067:in `invoke'
	/home/isucon/webapp/ruby/vendor/bundle/ruby/2.3.0/gems/sinatra-1.4.7/lib/sinatra/base.rb:907:in `call!'
	/home/isucon/webapp/ruby/vendor/bundle/ruby/2.3.0/gems/sinatra-1.4.7/lib/sinatra/base.rb:895:in `call'
	/home/isucon/webapp/ruby/vendor/bundle/ruby/2.3.0/gems/rack-protection-1.5.3/lib/rack/protection/xss_header.rb:18:in `call'
	/home/isucon/webapp/ruby/vendor/bundle/ruby/2.3.0/gems/rack-protection-1.5.3/lib/rack/protection/base.rb:49:in `call'
	/home/isucon/webapp/ruby/vendor/bundle/ruby/2.3.0/gems/rack-protection-1.5.3/lib/rack/protection/base.rb:49:in `call'
	/home/isucon/webapp/ruby/vendor/bundle/ruby/2.3.0/gems/rack-protection-1.5.3/lib/rack/protection/path_traversal.rb:16:in `call'
	/home/isucon/webapp/ruby/vendor/bundle/ruby/2.3.0/gems/rack-protection-1.5.3/lib/rack/protection/json_csrf.rb:18:in `call'
	/home/isucon/webapp/ruby/vendor/bundle/ruby/2.3.0/gems/rack-protection-1.5.3/lib/rack/protection/base.rb:49:in `call'
	/home/isucon/webapp/ruby/vendor/bundle/ruby/2.3.0/gems/rack-protection-1.5.3/lib/rack/protection/base.rb:49:in `call'
	/home/isucon/webapp/ruby/vendor/bundle/ruby/2.3.0/gems/rack-protection-1.5.3/lib/rack/protection/frame_options.rb:31:in `call'
	/home/isucon/webapp/ruby/vendor/bundle/ruby/2.3.0/gems/rack-1.6.4/lib/rack/session/abstract/id.rb:225:in `context'
	/home/isucon/webapp/ruby/vendor/bundle/ruby/2.3.0/gems/rack-1.6.4/lib/rack/session/abstract/id.rb:220:in `call'
	/home/isucon/webapp/ruby/vendor/bundle/ruby/2.3.0/gems/rack-1.6.4/lib/rack/nulllogger.rb:9:in `call'
	/home/isucon/webapp/ruby/vendor/bundle/ruby/2.3.0/gems/rack-1.6.4/lib/rack/head.rb:13:in `call'
	/home/isucon/webapp/ruby/vendor/bundle/ruby/2.3.0/gems/sinatra-1.4.7/lib/sinatra/base.rb:182:in `call'
	/home/isucon/webapp/ruby/vendor/bundle/ruby/2.3.0/gems/sinatra-1.4.7/lib/sinatra/base.rb:2013:in `call'
	/home/isucon/webapp/ruby/vendor/bundle/ruby/2.3.0/gems/sinatra-1.4.7/lib/sinatra/base.rb:1487:in `block in call'
	/home/isucon/webapp/ruby/vendor/bundle/ruby/2.3.0/gems/sinatra-1.4.7/lib/sinatra/base.rb:1787:in `synchronize'
	/home/isucon/webapp/ruby/vendor/bundle/ruby/2.3.0/gems/sinatra-1.4.7/lib/sinatra/base.rb:1487:in `call'
	/home/isucon/webapp/ruby/vendor/bundle/ruby/2.3.0/gems/unicorn-5.1.0/lib/unicorn/http_server.rb:562:in `process_client'
	/home/isucon/webapp/ruby/vendor/bundle/ruby/2.3.0/gems/unicorn-5.1.0/lib/unicorn/http_server.rb:658:in `worker_loop'
	/home/isucon/webapp/ruby/vendor/bundle/ruby/2.3.0/gems/unicorn-5.1.0/lib/unicorn/http_server.rb:508:in `spawn_missing_workers'
	/home/isucon/webapp/ruby/vendor/bundle/ruby/2.3.0/gems/unicorn-5.1.0/lib/unicorn/http_server.rb:132:in `start'
	/home/isucon/webapp/ruby/vendor/bundle/ruby/2.3.0/gems/unicorn-5.1.0/bin/unicorn:126:in `<top (required)>'
	/home/isucon/webapp/ruby/vendor/bundle/ruby/2.3.0/bin/unicorn:23:in `load'
	/home/isucon/webapp/ruby/vendor/bundle/ruby/2.3.0/bin/unicorn:23:in `<top (required)>'
	/home/isucon/.local/ruby/lib/ruby/gems/2.3.0/gems/bundler-1.13.1/lib/bundler/cli/exec.rb:74:in `load'
	/home/isucon/.local/ruby/lib/ruby/gems/2.3.0/gems/bundler-1.13.1/lib/bundler/cli/exec.rb:74:in `kernel_load'
	/home/isucon/.local/ruby/lib/ruby/gems/2.3.0/gems/bundler-1.13.1/lib/bundler/cli/exec.rb:27:in `run'
	/home/isucon/.local/ruby/lib/ruby/gems/2.3.0/gems/bundler-1.13.1/lib/bundler/cli.rb:332:in `exec'
	/home/isucon/.local/ruby/lib/ruby/gems/2.3.0/gems/bundler-1.13.1/lib/bundler/vendor/thor/lib/thor/command.rb:27:in `run'
	/home/isucon/.local/ruby/lib/ruby/gems/2.3.0/gems/bundler-1.13.1/lib/bundler/vendor/thor/lib/thor/invocation.rb:126:in `invoke_command'
	/home/isucon/.local/ruby/lib/ruby/gems/2.3.0/gems/bundler-1.13.1/lib/bundler/vendor/thor/lib/thor.rb:359:in `dispatch'
	/home/isucon/.local/ruby/lib/ruby/gems/2.3.0/gems/bundler-1.13.1/lib/bundler/cli.rb:20:in `dispatch'
	/home/isucon/.local/ruby/lib/ruby/gems/2.3.0/gems/bundler-1.13.1/lib/bundler/vendor/thor/lib/thor/base.rb:440:in `start'
	/home/isucon/.local/ruby/lib/ruby/gems/2.3.0/gems/bundler-1.13.1/lib/bundler/cli.rb:11:in `start'
	/home/isucon/.local/ruby/lib/ruby/gems/2.3.0/gems/bundler-1.13.1/exe/bundle:34:in `block in <top (required)>'
	/home/isucon/.local/ruby/lib/ruby/gems/2.3.0/gems/bundler-1.13.1/lib/bundler/friendly_errors.rb:100:in `with_friendly_errors'
	/home/isucon/.local/ruby/lib/ruby/gems/2.3.0/gems/bundler-1.13.1/exe/bundle:26:in `<top (required)>'
	/home/isucon/.local/ruby/bin/bundle:23:in `load'
	/home/isucon/.local/ruby/bin/bundle:23:in `<main>'
2016-09-18 16:04:25 - NoMethodError - undefined method `each' for nil:NilClass:
	/home/isucon/webapp/ruby/lib/isuda/views/_keyword.erb:6:in `block in singleton class'
	/home/isucon/webapp/ruby/lib/isuda/views/_keyword.erb:-6:in `instance_eval'
	/home/isucon/webapp/ruby/lib/isuda/views/_keyword.erb:-6:in `singleton class'
	/home/isucon/webapp/ruby/lib/isuda/views/_keyword.erb:-8:in `__tilt_47325599838480'
	/home/isucon/webapp/ruby/vendor/bundle/ruby/2.3.0/gems/tilt-2.0.5/lib/tilt/template.rb:167:in `call'
	/home/isucon/webapp/ruby/vendor/bundle/ruby/2.3.0/gems/tilt-2.0.5/lib/tilt/template.rb:167:in `evaluate'
	/home/isucon/webapp/ruby/vendor/bundle/ruby/2.3.0/gems/tilt-2.0.5/lib/tilt/template.rb:102:in `render'
	/home/isucon/webapp/ruby/vendor/bundle/ruby/2.3.0/gems/sinatra-1.4.7/lib/sinatra/base.rb:823:in `render'
	/home/isucon/webapp/ruby/vendor/bundle/ruby/2.3.0/gems/sinatra-1.4.7/lib/sinatra/base.rb:667:in `erb'
	/home/isucon/webapp/ruby/lib/isuda/views/keyword.erb:1:in `block in singleton class'
	/home/isucon/webapp/ruby/lib/isuda/views/keyword.erb:-6:in `instance_eval'
	/home/isucon/webapp/ruby/lib/isuda/views/keyword.erb:-6:in `singleton class'
	/home/isucon/webapp/ruby/lib/isuda/views/keyword.erb:-8:in `__tilt_47325599838480'
	/home/isucon/webapp/ruby/vendor/bundle/ruby/2.3.0/gems/tilt-2.0.5/lib/tilt/template.rb:167:in `call'
	/home/isucon/webapp/ruby/vendor/bundle/ruby/2.3.0/gems/tilt-2.0.5/lib/tilt/template.rb:167:in `evaluate'
	/home/isucon/webapp/ruby/vendor/bundle/ruby/2.3.0/gems/tilt-2.0.5/lib/tilt/template.rb:102:in `render'
	/home/isucon/webapp/ruby/vendor/bundle/ruby/2.3.0/gems/sinatra-1.4.7/lib/sinatra/base.rb:823:in `render'
	/home/isucon/webapp/ruby/vendor/bundle/ruby/2.3.0/gems/sinatra-1.4.7/lib/sinatra/base.rb:667:in `erb'
	/home/isucon/webapp/ruby/lib/isuda/web.rb:256:in `block in <class:Web>'
	/home/isucon/webapp/ruby/vendor/bundle/ruby/2.3.0/gems/sinatra-1.4.7/lib/sinatra/base.rb:1611:in `call'
	/home/isucon/webapp/ruby/vendor/bundle/ruby/2.3.0/gems/sinatra-1.4.7/lib/sinatra/base.rb:1611:in `block in compile!'
	/home/isucon/webapp/ruby/vendor/bundle/ruby/2.3.0/gems/sinatra-1.4.7/lib/sinatra/base.rb:975:in `block (3 levels) in route!'
	/home/isucon/webapp/ruby/vendor/bundle/ruby/2.3.0/gems/sinatra-1.4.7/lib/sinatra/base.rb:994:in `route_eval'
	/home/isucon/webapp/ruby/vendor/bundle/ruby/2.3.0/gems/sinatra-1.4.7/lib/sinatra/base.rb:975:in `block (2 levels) in route!'
	/home/isucon/webapp/ruby/vendor/bundle/ruby/2.3.0/gems/sinatra-1.4.7/lib/sinatra/base.rb:1015:in `block in process_route'
	/home/isucon/webapp/ruby/vendor/bundle/ruby/2.3.0/gems/sinatra-1.4.7/lib/sinatra/base.rb:1013:in `catch'
	/home/isucon/webapp/ruby/vendor/bundle/ruby/2.3.0/gems/sinatra-1.4.7/lib/sinatra/base.rb:1013:in `process_route'
	/home/isucon/webapp/ruby/vendor/bundle/ruby/2.3.0/gems/sinatra-1.4.7/lib/sinatra/base.rb:973:in `block in route!'
	/home/isucon/webapp/ruby/vendor/bundle/ruby/2.3.0/gems/sinatra-1.4.7/lib/sinatra/base.rb:972:in `each'
	/home/isucon/webapp/ruby/vendor/bundle/ruby/2.3.0/gems/sinatra-1.4.7/lib/sinatra/base.rb:972:in `route!'
	/home/isucon/webapp/ruby/vendor/bundle/ruby/2.3.0/gems/sinatra-1.4.7/lib/sinatra/base.rb:1085:in `block in dispatch!'
	/home/isucon/webapp/ruby/vendor/bundle/ruby/2.3.0/gems/sinatra-1.4.7/lib/sinatra/base.rb:1067:in `block in invoke'
	/home/isucon/webapp/ruby/vendor/bundle/ruby/2.3.0/gems/sinatra-1.4.7/lib/sinatra/base.rb:1067:in `catch'
	/home/isucon/webapp/ruby/vendor/bundle/ruby/2.3.0/gems/sinatra-1.4.7/lib/sinatra/base.rb:1067:in `invoke'
	/home/isucon/webapp/ruby/vendor/bundle/ruby/2.3.0/gems/sinatra-1.4.7/lib/sinatra/base.rb:1082:in `dispatch!'
	/home/isucon/webapp/ruby/vendor/bundle/ruby/2.3.0/gems/sinatra-1.4.7/lib/sinatra/base.rb:907:in `block in call!'
	/home/isucon/webapp/ruby/vendor/bundle/ruby/2.3.0/gems/sinatra-1.4.7/lib/sinatra/base.rb:1067:in `block in invoke'
	/home/isucon/webapp/ruby/vendor/bundle/ruby/2.3.0/gems/sinatra-1.4.7/lib/sinatra/base.rb:1067:in `catch'
	/home/isucon/webapp/ruby/vendor/bundle/ruby/2.3.0/gems/sinatra-1.4.7/lib/sinatra/base.rb:1067:in `invoke'
	/home/isucon/webapp/ruby/vendor/bundle/ruby/2.3.0/gems/sinatra-1.4.7/lib/sinatra/base.rb:907:in `call!'
	/home/isucon/webapp/ruby/vendor/bundle/ruby/2.3.0/gems/sinatra-1.4.7/lib/sinatra/base.rb:895:in `call'
	/home/isucon/webapp/ruby/vendor/bundle/ruby/2.3.0/gems/rack-protection-1.5.3/lib/rack/protection/xss_header.rb:18:in `call'
	/home/isucon/webapp/ruby/vendor/bundle/ruby/2.3.0/gems/rack-protection-1.5.3/lib/rack/protection/base.rb:49:in `call'
	/home/isucon/webapp/ruby/vendor/bundle/ruby/2.3.0/gems/rack-protection-1.5.3/lib/rack/protection/base.rb:49:in `call'
	/home/isucon/webapp/ruby/vendor/bundle/ruby/2.3.0/gems/rack-protection-1.5.3/lib/rack/protection/path_traversal.rb:16:in `call'
	/home/isucon/webapp/ruby/vendor/bundle/ruby/2.3.0/gems/rack-protection-1.5.3/lib/rack/protection/json_csrf.rb:18:in `call'
	/home/isucon/webapp/ruby/vendor/bundle/ruby/2.3.0/gems/rack-protection-1.5.3/lib/rack/protection/base.rb:49:in `call'
	/home/isucon/webapp/ruby/vendor/bundle/ruby/2.3.0/gems/rack-protection-1.5.3/lib/rack/protection/base.rb:49:in `call'
	/home/isucon/webapp/ruby/vendor/bundle/ruby/2.3.0/gems/rack-protection-1.5.3/lib/rack/protection/frame_options.rb:31:in `call'
	/home/isucon/webapp/ruby/vendor/bundle/ruby/2.3.0/gems/rack-1.6.4/lib/rack/session/abstract/id.rb:225:in `context'
	/home/isucon/webapp/ruby/vendor/bundle/ruby/2.3.0/gems/rack-1.6.4/lib/rack/session/abstract/id.rb:220:in `call'
	/home/isucon/webapp/ruby/vendor/bundle/ruby/2.3.0/gems/rack-1.6.4/lib/rack/nulllogger.rb:9:in `call'
	/home/isucon/webapp/ruby/vendor/bundle/ruby/2.3.0/gems/rack-1.6.4/lib/rack/head.rb:13:in `call'
	/home/isucon/webapp/ruby/vendor/bundle/ruby/2.3.0/gems/sinatra-1.4.7/lib/sinatra/base.rb:182:in `call'
	/home/isucon/webapp/ruby/vendor/bundle/ruby/2.3.0/gems/sinatra-1.4.7/lib/sinatra/base.rb:2013:in `call'
	/home/isucon/webapp/ruby/vendor/bundle/ruby/2.3.0/gems/sinatra-1.4.7/lib/sinatra/base.rb:1487:in `block in call'
	/home/isucon/webapp/ruby/vendor/bundle/ruby/2.3.0/gems/sinatra-1.4.7/lib/sinatra/base.rb:1787:in `synchronize'
	/home/isucon/webapp/ruby/vendor/bundle/ruby/2.3.0/gems/sinatra-1.4.7/lib/sinatra/base.rb:1487:in `call'
	/home/isucon/webapp/ruby/vendor/bundle/ruby/2.3.0/gems/unicorn-5.1.0/lib/unicorn/http_server.rb:562:in `process_client'
	/home/isucon/webapp/ruby/vendor/bundle/ruby/2.3.0/gems/unicorn-5.1.0/lib/unicorn/http_server.rb:658:in `worker_loop'
	/home/isucon/webapp/ruby/vendor/bundle/ruby/2.3.0/gems/unicorn-5.1.0/lib/unicorn/http_server.rb:508:in `spawn_missing_workers'
	/home/isucon/webapp/ruby/vendor/bundle/ruby/2.3.0/gems/unicorn-5.1.0/lib/unicorn/http_server.rb:132:in `start'
	/home/isucon/webapp/ruby/vendor/bundle/ruby/2.3.0/gems/unicorn-5.1.0/bin/unicorn:126:in `<top (required)>'
	/home/isucon/webapp/ruby/vendor/bundle/ruby/2.3.0/bin/unicorn:23:in `load'
	/home/isucon/webapp/ruby/vendor/bundle/ruby/2.3.0/bin/unicorn:23:in `<top (required)>'
	/home/isucon/.local/ruby/lib/ruby/gems/2.3.0/gems/bundler-1.13.1/lib/bundler/cli/exec.rb:74:in `load'
	/home/isucon/.local/ruby/lib/ruby/gems/2.3.0/gems/bundler-1.13.1/lib/bundler/cli/exec.rb:74:in `kernel_load'
	/home/isucon/.local/ruby/lib/ruby/gems/2.3.0/gems/bundler-1.13.1/lib/bundler/cli/exec.rb:27:in `run'
	/home/isucon/.local/ruby/lib/ruby/gems/2.3.0/gems/bundler-1.13.1/lib/bundler/cli.rb:332:in `exec'
	/home/isucon/.local/ruby/lib/ruby/gems/2.3.0/gems/bundler-1.13.1/lib/bundler/vendor/thor/lib/thor/command.rb:27:in `run'
	/home/isucon/.local/ruby/lib/ruby/gems/2.3.0/gems/bundler-1.13.1/lib/bundler/vendor/thor/lib/thor/invocation.rb:126:in `invoke_command'
	/home/isucon/.local/ruby/lib/ruby/gems/2.3.0/gems/bundler-1.13.1/lib/bundler/vendor/thor/lib/thor.rb:359:in `dispatch'
	/home/isucon/.local/ruby/lib/ruby/gems/2.3.0/gems/bundler-1.13.1/lib/bundler/cli.rb:20:in `dispatch'
	/home/isucon/.local/ruby/lib/ruby/gems/2.3.0/gems/bundler-1.13.1/lib/bundler/vendor/thor/lib/thor/base.rb:440:in `start'
	/home/isucon/.local/ruby/lib/ruby/gems/2.3.0/gems/bundler-1.13.1/lib/bundler/cli.rb:11:in `start'
	/home/isucon/.local/ruby/lib/ruby/gems/2.3.0/gems/bundler-1.13.1/exe/bundle:34:in `block in <top (required)>'
	/home/isucon/.local/ruby/lib/ruby/gems/2.3.0/gems/bundler-1.13.1/lib/bundler/friendly_errors.rb:100:in `with_friendly_errors'
	/home/isucon/.local/ruby/lib/ruby/gems/2.3.0/gems/bundler-1.13.1/exe/bundle:26:in `<top (required)>'
	/home/isucon/.local/ruby/bin/bundle:23:in `load'
	/home/isucon/.local/ruby/bin/bundle:23:in `<main>'
2016-09-18 16:04:25 - NoMethodError - undefined method `each' for nil:NilClass:
	/home/isucon/webapp/ruby/lib/isuda/views/_keyword.erb:6:in `block in singleton class'
	/home/isucon/webapp/ruby/lib/isuda/views/_keyword.erb:-6:in `instance_eval'
	/home/isucon/webapp/ruby/lib/isuda/views/_keyword.erb:-6:in `singleton class'
	/home/isucon/webapp/ruby/lib/isuda/views/_keyword.erb:-8:in `__tilt_47325599838480'
	/home/isucon/webapp/ruby/vendor/bundle/ruby/2.3.0/gems/tilt-2.0.5/lib/tilt/template.rb:167:in `call'
	/home/isucon/webapp/ruby/vendor/bundle/ruby/2.3.0/gems/tilt-2.0.5/lib/tilt/template.rb:167:in `evaluate'
	/home/isucon/webapp/ruby/vendor/bundle/ruby/2.3.0/gems/tilt-2.0.5/lib/tilt/template.rb:102:in `render'
	/home/isucon/webapp/ruby/vendor/bundle/ruby/2.3.0/gems/sinatra-1.4.7/lib/sinatra/base.rb:823:in `render'
	/home/isucon/webapp/ruby/vendor/bundle/ruby/2.3.0/gems/sinatra-1.4.7/lib/sinatra/base.rb:667:in `erb'
	/home/isucon/webapp/ruby/lib/isuda/views/index.erb:10:in `block (2 levels) in singleton class'
	/home/isucon/webapp/ruby/lib/isuda/views/index.erb:9:in `each'
	/home/isucon/webapp/ruby/lib/isuda/views/index.erb:9:in `block in singleton class'
	/home/isucon/webapp/ruby/lib/isuda/views/index.erb:-9:in `instance_eval'
	/home/isucon/webapp/ruby/lib/isuda/views/index.erb:-9:in `singleton class'
	/home/isucon/webapp/ruby/lib/isuda/views/index.erb:-11:in `__tilt_47325599838480'
	/home/isucon/webapp/ruby/vendor/bundle/ruby/2.3.0/gems/tilt-2.0.5/lib/tilt/template.rb:167:in `call'
	/home/isucon/webapp/ruby/vendor/bundle/ruby/2.3.0/gems/tilt-2.0.5/lib/tilt/template.rb:167:in `evaluate'
	/home/isucon/webapp/ruby/vendor/bundle/ruby/2.3.0/gems/tilt-2.0.5/lib/tilt/template.rb:102:in `render'
	/home/isucon/webapp/ruby/vendor/bundle/ruby/2.3.0/gems/sinatra-1.4.7/lib/sinatra/base.rb:823:in `render'
	/home/isucon/webapp/ruby/vendor/bundle/ruby/2.3.0/gems/sinatra-1.4.7/lib/sinatra/base.rb:667:in `erb'
	/home/isucon/webapp/ruby/lib/isuda/web.rb:181:in `block in <class:Web>'
	/home/isucon/webapp/ruby/vendor/bundle/ruby/2.3.0/gems/sinatra-1.4.7/lib/sinatra/base.rb:1611:in `call'
	/home/isucon/webapp/ruby/vendor/bundle/ruby/2.3.0/gems/sinatra-1.4.7/lib/sinatra/base.rb:1611:in `block in compile!'
	/home/isucon/webapp/ruby/vendor/bundle/ruby/2.3.0/gems/sinatra-1.4.7/lib/sinatra/base.rb:975:in `block (3 levels) in route!'
	/home/isucon/webapp/ruby/vendor/bundle/ruby/2.3.0/gems/sinatra-1.4.7/lib/sinatra/base.rb:994:in `route_eval'
	/home/isucon/webapp/ruby/vendor/bundle/ruby/2.3.0/gems/sinatra-1.4.7/lib/sinatra/base.rb:975:in `block (2 levels) in route!'
	/home/isucon/webapp/ruby/vendor/bundle/ruby/2.3.0/gems/sinatra-1.4.7/lib/sinatra/base.rb:1015:in `block in process_route'
	/home/isucon/webapp/ruby/vendor/bundle/ruby/2.3.0/gems/sinatra-1.4.7/lib/sinatra/base.rb:1013:in `catch'
	/home/isucon/webapp/ruby/vendor/bundle/ruby/2.3.0/gems/sinatra-1.4.7/lib/sinatra/base.rb:1013:in `process_route'
	/home/isucon/webapp/ruby/vendor/bundle/ruby/2.3.0/gems/sinatra-1.4.7/lib/sinatra/base.rb:973:in `block in route!'
	/home/isucon/webapp/ruby/vendor/bundle/ruby/2.3.0/gems/sinatra-1.4.7/lib/sinatra/base.rb:972:in `each'
	/home/isucon/webapp/ruby/vendor/bundle/ruby/2.3.0/gems/sinatra-1.4.7/lib/sinatra/base.rb:972:in `route!'
	/home/isucon/webapp/ruby/vendor/bundle/ruby/2.3.0/gems/sinatra-1.4.7/lib/sinatra/base.rb:1085:in `block in dispatch!'
	/home/isucon/webapp/ruby/vendor/bundle/ruby/2.3.0/gems/sinatra-1.4.7/lib/sinatra/base.rb:1067:in `block in invoke'
	/home/isucon/webapp/ruby/vendor/bundle/ruby/2.3.0/gems/sinatra-1.4.7/lib/sinatra/base.rb:1067:in `catch'
	/home/isucon/webapp/ruby/vendor/bundle/ruby/2.3.0/gems/sinatra-1.4.7/lib/sinatra/base.rb:1067:in `invoke'
	/home/isucon/webapp/ruby/vendor/bundle/ruby/2.3.0/gems/sinatra-1.4.7/lib/sinatra/base.rb:1082:in `dispatch!'
	/home/isucon/webapp/ruby/vendor/bundle/ruby/2.3.0/gems/sinatra-1.4.7/lib/sinatra/base.rb:907:in `block in call!'
	/home/isucon/webapp/ruby/vendor/bundle/ruby/2.3.0/gems/sinatra-1.4.7/lib/sinatra/base.rb:1067:in `block in invoke'
	/home/isucon/webapp/ruby/vendor/bundle/ruby/2.3.0/gems/sinatra-1.4.7/lib/sinatra/base.rb:1067:in `catch'
	/home/isucon/webapp/ruby/vendor/bundle/ruby/2.3.0/gems/sinatra-1.4.7/lib/sinatra/base.rb:1067:in `invoke'
	/home/isucon/webapp/ruby/vendor/bundle/ruby/2.3.0/gems/sinatra-1.4.7/lib/sinatra/base.rb:907:in `call!'
	/home/isucon/webapp/ruby/vendor/bundle/ruby/2.3.0/gems/sinatra-1.4.7/lib/sinatra/base.rb:895:in `call'
	/home/isucon/webapp/ruby/vendor/bundle/ruby/2.3.0/gems/rack-protection-1.5.3/lib/rack/protection/xss_header.rb:18:in `call'
	/home/isucon/webapp/ruby/vendor/bundle/ruby/2.3.0/gems/rack-protection-1.5.3/lib/rack/protection/base.rb:49:in `call'
	/home/isucon/webapp/ruby/vendor/bundle/ruby/2.3.0/gems/rack-protection-1.5.3/lib/rack/protection/base.rb:49:in `call'
	/home/isucon/webapp/ruby/vendor/bundle/ruby/2.3.0/gems/rack-protection-1.5.3/lib/rack/protection/path_traversal.rb:16:in `call'
	/home/isucon/webapp/ruby/vendor/bundle/ruby/2.3.0/gems/rack-protection-1.5.3/lib/rack/protection/json_csrf.rb:18:in `call'
	/home/isucon/webapp/ruby/vendor/bundle/ruby/2.3.0/gems/rack-protection-1.5.3/lib/rack/protection/base.rb:49:in `call'
	/home/isucon/webapp/ruby/vendor/bundle/ruby/2.3.0/gems/rack-protection-1.5.3/lib/rack/protection/base.rb:49:in `call'
	/home/isucon/webapp/ruby/vendor/bundle/ruby/2.3.0/gems/rack-protection-1.5.3/lib/rack/protection/frame_options.rb:31:in `call'
	/home/isucon/webapp/ruby/vendor/bundle/ruby/2.3.0/gems/rack-1.6.4/lib/rack/session/abstract/id.rb:225:in `context'
	/home/isucon/webapp/ruby/vendor/bundle/ruby/2.3.0/gems/rack-1.6.4/lib/rack/session/abstract/id.rb:220:in `call'
	/home/isucon/webapp/ruby/vendor/bundle/ruby/2.3.0/gems/rack-1.6.4/lib/rack/nulllogger.rb:9:in `call'
	/home/isucon/webapp/ruby/vendor/bundle/ruby/2.3.0/gems/rack-1.6.4/lib/rack/head.rb:13:in `call'
	/home/isucon/webapp/ruby/vendor/bundle/ruby/2.3.0/gems/sinatra-1.4.7/lib/sinatra/base.rb:182:in `call'
	/home/isucon/webapp/ruby/vendor/bundle/ruby/2.3.0/gems/sinatra-1.4.7/lib/sinatra/base.rb:2013:in `call'
	/home/isucon/webapp/ruby/vendor/bundle/ruby/2.3.0/gems/sinatra-1.4.7/lib/sinatra/base.rb:1487:in `block in call'
	/home/isucon/webapp/ruby/vendor/bundle/ruby/2.3.0/gems/sinatra-1.4.7/lib/sinatra/base.rb:1787:in `synchronize'
	/home/isucon/webapp/ruby/vendor/bundle/ruby/2.3.0/gems/sinatra-1.4.7/lib/sinatra/base.rb:1487:in `call'
	/home/isucon/webapp/ruby/vendor/bundle/ruby/2.3.0/gems/unicorn-5.1.0/lib/unicorn/http_server.rb:562:in `process_client'
	/home/isucon/webapp/ruby/vendor/bundle/ruby/2.3.0/gems/unicorn-5.1.0/lib/unicorn/http_server.rb:658:in `worker_loop'
	/home/isucon/webapp/ruby/vendor/bundle/ruby/2.3.0/gems/unicorn-5.1.0/lib/unicorn/http_server.rb:508:in `spawn_missing_workers'
	/home/isucon/webapp/ruby/vendor/bundle/ruby/2.3.0/gems/unicorn-5.1.0/lib/unicorn/http_server.rb:132:in `start'
	/home/isucon/webapp/ruby/vendor/bundle/ruby/2.3.0/gems/unicorn-5.1.0/bin/unicorn:126:in `<top (required)>'
	/home/isucon/webapp/ruby/vendor/bundle/ruby/2.3.0/bin/unicorn:23:in `load'
	/home/isucon/webapp/ruby/vendor/bundle/ruby/2.3.0/bin/unicorn:23:in `<top (required)>'
	/home/isucon/.local/ruby/lib/ruby/gems/2.3.0/gems/bundler-1.13.1/lib/bundler/cli/exec.rb:74:in `load'
	/home/isucon/.local/ruby/lib/ruby/gems/2.3.0/gems/bundler-1.13.1/lib/bundler/cli/exec.rb:74:in `kernel_load'
	/home/isucon/.local/ruby/lib/ruby/gems/2.3.0/gems/bundler-1.13.1/lib/bundler/cli/exec.rb:27:in `run'
	/home/isucon/.local/ruby/lib/ruby/gems/2.3.0/gems/bundler-1.13.1/lib/bundler/cli.rb:332:in `exec'
	/home/isucon/.local/ruby/lib/ruby/gems/2.3.0/gems/bundler-1.13.1/lib/bundler/vendor/thor/lib/thor/command.rb:27:in `run'
	/home/isucon/.local/ruby/lib/ruby/gems/2.3.0/gems/bundler-1.13.1/lib/bundler/vendor/thor/lib/thor/invocation.rb:126:in `invoke_command'
	/home/isucon/.local/ruby/lib/ruby/gems/2.3.0/gems/bundler-1.13.1/lib/bundler/vendor/thor/lib/thor.rb:359:in `dispatch'
	/home/isucon/.local/ruby/lib/ruby/gems/2.3.0/gems/bundler-1.13.1/lib/bundler/cli.rb:20:in `dispatch'
	/home/isucon/.local/ruby/lib/ruby/gems/2.3.0/gems/bundler-1.13.1/lib/bundler/vendor/thor/lib/thor/base.rb:440:in `start'
	/home/isucon/.local/ruby/lib/ruby/gems/2.3.0/gems/bundler-1.13.1/lib/bundler/cli.rb:11:in `start'
	/home/isucon/.local/ruby/lib/ruby/gems/2.3.0/gems/bundler-1.13.1/exe/bundle:34:in `block in <top (required)>'
	/home/isucon/.local/ruby/lib/ruby/gems/2.3.0/gems/bundler-1.13.1/lib/bundler/friendly_errors.rb:100:in `with_friendly_errors'
	/home/isucon/.local/ruby/lib/ruby/gems/2.3.0/gems/bundler-1.13.1/exe/bundle:26:in `<top (required)>'
	/home/isucon/.local/ruby/bin/bundle:23:in `load'
	/home/isucon/.local/ruby/bin/bundle:23:in `<main>'
2016-09-18 16:04:25 - NoMethodError - undefined method `each' for nil:NilClass:
	/home/isucon/webapp/ruby/lib/isuda/views/_keyword.erb:6:in `block in singleton class'
	/home/isucon/webapp/ruby/lib/isuda/views/_keyword.erb:-6:in `instance_eval'
	/home/isucon/webapp/ruby/lib/isuda/views/_keyword.erb:-6:in `singleton class'
	/home/isucon/webapp/ruby/lib/isuda/views/_keyword.erb:-8:in `__tilt_47325599838480'
	/home/isucon/webapp/ruby/vendor/bundle/ruby/2.3.0/gems/tilt-2.0.5/lib/tilt/template.rb:167:in `call'
	/home/isucon/webapp/ruby/vendor/bundle/ruby/2.3.0/gems/tilt-2.0.5/lib/tilt/template.rb:167:in `evaluate'
	/home/isucon/webapp/ruby/vendor/bundle/ruby/2.3.0/gems/tilt-2.0.5/lib/tilt/template.rb:102:in `render'
	/home/isucon/webapp/ruby/vendor/bundle/ruby/2.3.0/gems/sinatra-1.4.7/lib/sinatra/base.rb:823:in `render'
	/home/isucon/webapp/ruby/vendor/bundle/ruby/2.3.0/gems/sinatra-1.4.7/lib/sinatra/base.rb:667:in `erb'
	/home/isucon/webapp/ruby/lib/isuda/views/index.erb:10:in `block (2 levels) in singleton class'
	/home/isucon/webapp/ruby/lib/isuda/views/index.erb:9:in `each'
	/home/isucon/webapp/ruby/lib/isuda/views/index.erb:9:in `block in singleton class'
	/home/isucon/webapp/ruby/lib/isuda/views/index.erb:-9:in `instance_eval'
	/home/isucon/webapp/ruby/lib/isuda/views/index.erb:-9:in `singleton class'
	/home/isucon/webapp/ruby/lib/isuda/views/index.erb:-11:in `__tilt_47325599838480'
	/home/isucon/webapp/ruby/vendor/bundle/ruby/2.3.0/gems/tilt-2.0.5/lib/tilt/template.rb:167:in `call'
	/home/isucon/webapp/ruby/vendor/bundle/ruby/2.3.0/gems/tilt-2.0.5/lib/tilt/template.rb:167:in `evaluate'
	/home/isucon/webapp/ruby/vendor/bundle/ruby/2.3.0/gems/tilt-2.0.5/lib/tilt/template.rb:102:in `render'
	/home/isucon/webapp/ruby/vendor/bundle/ruby/2.3.0/gems/sinatra-1.4.7/lib/sinatra/base.rb:823:in `render'
	/home/isucon/webapp/ruby/vendor/bundle/ruby/2.3.0/gems/sinatra-1.4.7/lib/sinatra/base.rb:667:in `erb'
	/home/isucon/webapp/ruby/lib/isuda/web.rb:181:in `block in <class:Web>'
	/home/isucon/webapp/ruby/vendor/bundle/ruby/2.3.0/gems/sinatra-1.4.7/lib/sinatra/base.rb:1611:in `call'
	/home/isucon/webapp/ruby/vendor/bundle/ruby/2.3.0/gems/sinatra-1.4.7/lib/sinatra/base.rb:1611:in `block in compile!'
	/home/isucon/webapp/ruby/vendor/bundle/ruby/2.3.0/gems/sinatra-1.4.7/lib/sinatra/base.rb:975:in `block (3 levels) in route!'
	/home/isucon/webapp/ruby/vendor/bundle/ruby/2.3.0/gems/sinatra-1.4.7/lib/sinatra/base.rb:994:in `route_eval'
	/home/isucon/webapp/ruby/vendor/bundle/ruby/2.3.0/gems/sinatra-1.4.7/lib/sinatra/base.rb:975:in `block (2 levels) in route!'
	/home/isucon/webapp/ruby/vendor/bundle/ruby/2.3.0/gems/sinatra-1.4.7/lib/sinatra/base.rb:1015:in `block in process_route'
	/home/isucon/webapp/ruby/vendor/bundle/ruby/2.3.0/gems/sinatra-1.4.7/lib/sinatra/base.rb:1013:in `catch'
	/home/isucon/webapp/ruby/vendor/bundle/ruby/2.3.0/gems/sinatra-1.4.7/lib/sinatra/base.rb:1013:in `process_route'
	/home/isucon/webapp/ruby/vendor/bundle/ruby/2.3.0/gems/sinatra-1.4.7/lib/sinatra/base.rb:973:in `block in route!'
	/home/isucon/webapp/ruby/vendor/bundle/ruby/2.3.0/gems/sinatra-1.4.7/lib/sinatra/base.rb:972:in `each'
	/home/isucon/webapp/ruby/vendor/bundle/ruby/2.3.0/gems/sinatra-1.4.7/lib/sinatra/base.rb:972:in `route!'
	/home/isucon/webapp/ruby/vendor/bundle/ruby/2.3.0/gems/sinatra-1.4.7/lib/sinatra/base.rb:1085:in `block in dispatch!'
	/home/isucon/webapp/ruby/vendor/bundle/ruby/2.3.0/gems/sinatra-1.4.7/lib/sinatra/base.rb:1067:in `block in invoke'
	/home/isucon/webapp/ruby/vendor/bundle/ruby/2.3.0/gems/sinatra-1.4.7/lib/sinatra/base.rb:1067:in `catch'
	/home/isucon/webapp/ruby/vendor/bundle/ruby/2.3.0/gems/sinatra-1.4.7/lib/sinatra/base.rb:1067:in `invoke'
	/home/isucon/webapp/ruby/vendor/bundle/ruby/2.3.0/gems/sinatra-1.4.7/lib/sinatra/base.rb:1082:in `dispatch!'
	/home/isucon/webapp/ruby/vendor/bundle/ruby/2.3.0/gems/sinatra-1.4.7/lib/sinatra/base.rb:907:in `block in call!'
	/home/isucon/webapp/ruby/vendor/bundle/ruby/2.3.0/gems/sinatra-1.4.7/lib/sinatra/base.rb:1067:in `block in invoke'
	/home/isucon/webapp/ruby/vendor/bundle/ruby/2.3.0/gems/sinatra-1.4.7/lib/sinatra/base.rb:1067:in `catch'
	/home/isucon/webapp/ruby/vendor/bundle/ruby/2.3.0/gems/sinatra-1.4.7/lib/sinatra/base.rb:1067:in `invoke'
	/home/isucon/webapp/ruby/vendor/bundle/ruby/2.3.0/gems/sinatra-1.4.7/lib/sinatra/base.rb:907:in `call!'
	/home/isucon/webapp/ruby/vendor/bundle/ruby/2.3.0/gems/sinatra-1.4.7/lib/sinatra/base.rb:895:in `call'
	/home/isucon/webapp/ruby/vendor/bundle/ruby/2.3.0/gems/rack-protection-1.5.3/lib/rack/protection/xss_header.rb:18:in `call'
	/home/isucon/webapp/ruby/vendor/bundle/ruby/2.3.0/gems/rack-protection-1.5.3/lib/rack/protection/base.rb:49:in `call'
	/home/isucon/webapp/ruby/vendor/bundle/ruby/2.3.0/gems/rack-protection-1.5.3/lib/rack/protection/base.rb:49:in `call'
	/home/isucon/webapp/ruby/vendor/bundle/ruby/2.3.0/gems/rack-protection-1.5.3/lib/rack/protection/path_traversal.rb:16:in `call'
	/home/isucon/webapp/ruby/vendor/bundle/ruby/2.3.0/gems/rack-protection-1.5.3/lib/rack/protection/json_csrf.rb:18:in `call'
	/home/isucon/webapp/ruby/vendor/bundle/ruby/2.3.0/gems/rack-protection-1.5.3/lib/rack/protection/base.rb:49:in `call'
	/home/isucon/webapp/ruby/vendor/bundle/ruby/2.3.0/gems/rack-protection-1.5.3/lib/rack/protection/base.rb:49:in `call'
	/home/isucon/webapp/ruby/vendor/bundle/ruby/2.3.0/gems/rack-protection-1.5.3/lib/rack/protection/frame_options.rb:31:in `call'
	/home/isucon/webapp/ruby/vendor/bundle/ruby/2.3.0/gems/rack-1.6.4/lib/rack/session/abstract/id.rb:225:in `context'
	/home/isucon/webapp/ruby/vendor/bundle/ruby/2.3.0/gems/rack-1.6.4/lib/rack/session/abstract/id.rb:220:in `call'
	/home/isucon/webapp/ruby/vendor/bundle/ruby/2.3.0/gems/rack-1.6.4/lib/rack/nulllogger.rb:9:in `call'
	/home/isucon/webapp/ruby/vendor/bundle/ruby/2.3.0/gems/rack-1.6.4/lib/rack/head.rb:13:in `call'
	/home/isucon/webapp/ruby/vendor/bundle/ruby/2.3.0/gems/sinatra-1.4.7/lib/sinatra/base.rb:182:in `call'
	/home/isucon/webapp/ruby/vendor/bundle/ruby/2.3.0/gems/sinatra-1.4.7/lib/sinatra/base.rb:2013:in `call'
	/home/isucon/webapp/ruby/vendor/bundle/ruby/2.3.0/gems/sinatra-1.4.7/lib/sinatra/base.rb:1487:in `block in call'
	/home/isucon/webapp/ruby/vendor/bundle/ruby/2.3.0/gems/sinatra-1.4.7/lib/sinatra/base.rb:1787:in `synchronize'
	/home/isucon/webapp/ruby/vendor/bundle/ruby/2.3.0/gems/sinatra-1.4.7/lib/sinatra/base.rb:1487:in `call'
	/home/isucon/webapp/ruby/vendor/bundle/ruby/2.3.0/gems/unicorn-5.1.0/lib/unicorn/http_server.rb:562:in `process_client'
	/home/isucon/webapp/ruby/vendor/bundle/ruby/2.3.0/gems/unicorn-5.1.0/lib/unicorn/http_server.rb:658:in `worker_loop'
	/home/isucon/webapp/ruby/vendor/bundle/ruby/2.3.0/gems/unicorn-5.1.0/lib/unicorn/http_server.rb:508:in `spawn_missing_workers'
	/home/isucon/webapp/ruby/vendor/bundle/ruby/2.3.0/gems/unicorn-5.1.0/lib/unicorn/http_server.rb:132:in `start'
	/home/isucon/webapp/ruby/vendor/bundle/ruby/2.3.0/gems/unicorn-5.1.0/bin/unicorn:126:in `<top (required)>'
	/home/isucon/webapp/ruby/vendor/bundle/ruby/2.3.0/bin/unicorn:23:in `load'
	/home/isucon/webapp/ruby/vendor/bundle/ruby/2.3.0/bin/unicorn:23:in `<top (required)>'
	/home/isucon/.local/ruby/lib/ruby/gems/2.3.0/gems/bundler-1.13.1/lib/bundler/cli/exec.rb:74:in `load'
	/home/isucon/.local/ruby/lib/ruby/gems/2.3.0/gems/bundler-1.13.1/lib/bundler/cli/exec.rb:74:in `kernel_load'
	/home/isucon/.local/ruby/lib/ruby/gems/2.3.0/gems/bundler-1.13.1/lib/bundler/cli/exec.rb:27:in `run'
	/home/isucon/.local/ruby/lib/ruby/gems/2.3.0/gems/bundler-1.13.1/lib/bundler/cli.rb:332:in `exec'
	/home/isucon/.local/ruby/lib/ruby/gems/2.3.0/gems/bundler-1.13.1/lib/bundler/vendor/thor/lib/thor/command.rb:27:in `run'
	/home/isucon/.local/ruby/lib/ruby/gems/2.3.0/gems/bundler-1.13.1/lib/bundler/vendor/thor/lib/thor/invocation.rb:126:in `invoke_command'
	/home/isucon/.local/ruby/lib/ruby/gems/2.3.0/gems/bundler-1.13.1/lib/bundler/vendor/thor/lib/thor.rb:359:in `dispatch'
	/home/isucon/.local/ruby/lib/ruby/gems/2.3.0/gems/bundler-1.13.1/lib/bundler/cli.rb:20:in `dispatch'
	/home/isucon/.local/ruby/lib/ruby/gems/2.3.0/gems/bundler-1.13.1/lib/bundler/vendor/thor/lib/thor/base.rb:440:in `start'
	/home/isucon/.local/ruby/lib/ruby/gems/2.3.0/gems/bundler-1.13.1/lib/bundler/cli.rb:11:in `start'
	/home/isucon/.local/ruby/lib/ruby/gems/2.3.0/gems/bundler-1.13.1/exe/bundle:34:in `block in <top (required)>'
	/home/isucon/.local/ruby/lib/ruby/gems/2.3.0/gems/bundler-1.13.1/lib/bundler/friendly_errors.rb:100:in `with_friendly_errors'
	/home/isucon/.local/ruby/lib/ruby/gems/2.3.0/gems/bundler-1.13.1/exe/bundle:26:in `<top (required)>'
	/home/isucon/.local/ruby/bin/bundle:23:in `load'
	/home/isucon/.local/ruby/bin/bundle:23:in `<main>'
2016-09-18 16:06:36 - NoMethodError - undefined method `each' for nil:NilClass:
	/home/isucon/webapp/ruby/lib/isuda/views/_keyword.erb:6:in `block in singleton class'
	/home/isucon/webapp/ruby/lib/isuda/views/_keyword.erb:-6:in `instance_eval'
	/home/isucon/webapp/ruby/lib/isuda/views/_keyword.erb:-6:in `singleton class'
	/home/isucon/webapp/ruby/lib/isuda/views/_keyword.erb:-8:in `__tilt_47325599838480'
	/home/isucon/webapp/ruby/vendor/bundle/ruby/2.3.0/gems/tilt-2.0.5/lib/tilt/template.rb:167:in `call'
	/home/isucon/webapp/ruby/vendor/bundle/ruby/2.3.0/gems/tilt-2.0.5/lib/tilt/template.rb:167:in `evaluate'
	/home/isucon/webapp/ruby/vendor/bundle/ruby/2.3.0/gems/tilt-2.0.5/lib/tilt/template.rb:102:in `render'
	/home/isucon/webapp/ruby/vendor/bundle/ruby/2.3.0/gems/sinatra-1.4.7/lib/sinatra/base.rb:823:in `render'
	/home/isucon/webapp/ruby/vendor/bundle/ruby/2.3.0/gems/sinatra-1.4.7/lib/sinatra/base.rb:667:in `erb'
	/home/isucon/webapp/ruby/lib/isuda/views/index.erb:10:in `block (2 levels) in singleton class'
	/home/isucon/webapp/ruby/lib/isuda/views/index.erb:9:in `each'
	/home/isucon/webapp/ruby/lib/isuda/views/index.erb:9:in `block in singleton class'
	/home/isucon/webapp/ruby/lib/isuda/views/index.erb:-9:in `instance_eval'
	/home/isucon/webapp/ruby/lib/isuda/views/index.erb:-9:in `singleton class'
	/home/isucon/webapp/ruby/lib/isuda/views/index.erb:-11:in `__tilt_47325599838480'
	/home/isucon/webapp/ruby/vendor/bundle/ruby/2.3.0/gems/tilt-2.0.5/lib/tilt/template.rb:167:in `call'
	/home/isucon/webapp/ruby/vendor/bundle/ruby/2.3.0/gems/tilt-2.0.5/lib/tilt/template.rb:167:in `evaluate'
	/home/isucon/webapp/ruby/vendor/bundle/ruby/2.3.0/gems/tilt-2.0.5/lib/tilt/template.rb:102:in `render'
	/home/isucon/webapp/ruby/vendor/bundle/ruby/2.3.0/gems/sinatra-1.4.7/lib/sinatra/base.rb:823:in `render'
	/home/isucon/webapp/ruby/vendor/bundle/ruby/2.3.0/gems/sinatra-1.4.7/lib/sinatra/base.rb:667:in `erb'
	/home/isucon/webapp/ruby/lib/isuda/web.rb:181:in `block in <class:Web>'
	/home/isucon/webapp/ruby/vendor/bundle/ruby/2.3.0/gems/sinatra-1.4.7/lib/sinatra/base.rb:1611:in `call'
	/home/isucon/webapp/ruby/vendor/bundle/ruby/2.3.0/gems/sinatra-1.4.7/lib/sinatra/base.rb:1611:in `block in compile!'
	/home/isucon/webapp/ruby/vendor/bundle/ruby/2.3.0/gems/sinatra-1.4.7/lib/sinatra/base.rb:975:in `block (3 levels) in route!'
	/home/isucon/webapp/ruby/vendor/bundle/ruby/2.3.0/gems/sinatra-1.4.7/lib/sinatra/base.rb:994:in `route_eval'
	/home/isucon/webapp/ruby/vendor/bundle/ruby/2.3.0/gems/sinatra-1.4.7/lib/sinatra/base.rb:975:in `block (2 levels) in route!'
	/home/isucon/webapp/ruby/vendor/bundle/ruby/2.3.0/gems/sinatra-1.4.7/lib/sinatra/base.rb:1015:in `block in process_route'
	/home/isucon/webapp/ruby/vendor/bundle/ruby/2.3.0/gems/sinatra-1.4.7/lib/sinatra/base.rb:1013:in `catch'
	/home/isucon/webapp/ruby/vendor/bundle/ruby/2.3.0/gems/sinatra-1.4.7/lib/sinatra/base.rb:1013:in `process_route'
	/home/isucon/webapp/ruby/vendor/bundle/ruby/2.3.0/gems/sinatra-1.4.7/lib/sinatra/base.rb:973:in `block in route!'
	/home/isucon/webapp/ruby/vendor/bundle/ruby/2.3.0/gems/sinatra-1.4.7/lib/sinatra/base.rb:972:in `each'
	/home/isucon/webapp/ruby/vendor/bundle/ruby/2.3.0/gems/sinatra-1.4.7/lib/sinatra/base.rb:972:in `route!'
	/home/isucon/webapp/ruby/vendor/bundle/ruby/2.3.0/gems/sinatra-1.4.7/lib/sinatra/base.rb:1085:in `block in dispatch!'
	/home/isucon/webapp/ruby/vendor/bundle/ruby/2.3.0/gems/sinatra-1.4.7/lib/sinatra/base.rb:1067:in `block in invoke'
	/home/isucon/webapp/ruby/vendor/bundle/ruby/2.3.0/gems/sinatra-1.4.7/lib/sinatra/base.rb:1067:in `catch'
	/home/isucon/webapp/ruby/vendor/bundle/ruby/2.3.0/gems/sinatra-1.4.7/lib/sinatra/base.rb:1067:in `invoke'
	/home/isucon/webapp/ruby/vendor/bundle/ruby/2.3.0/gems/sinatra-1.4.7/lib/sinatra/base.rb:1082:in `dispatch!'
	/home/isucon/webapp/ruby/vendor/bundle/ruby/2.3.0/gems/sinatra-1.4.7/lib/sinatra/base.rb:907:in `block in call!'
	/home/isucon/webapp/ruby/vendor/bundle/ruby/2.3.0/gems/sinatra-1.4.7/lib/sinatra/base.rb:1067:in `block in invoke'
	/home/isucon/webapp/ruby/vendor/bundle/ruby/2.3.0/gems/sinatra-1.4.7/lib/sinatra/base.rb:1067:in `catch'
	/home/isucon/webapp/ruby/vendor/bundle/ruby/2.3.0/gems/sinatra-1.4.7/lib/sinatra/base.rb:1067:in `invoke'
	/home/isucon/webapp/ruby/vendor/bundle/ruby/2.3.0/gems/sinatra-1.4.7/lib/sinatra/base.rb:907:in `call!'
	/home/isucon/webapp/ruby/vendor/bundle/ruby/2.3.0/gems/sinatra-1.4.7/lib/sinatra/base.rb:895:in `call'
	/home/isucon/webapp/ruby/vendor/bundle/ruby/2.3.0/gems/rack-protection-1.5.3/lib/rack/protection/xss_header.rb:18:in `call'
	/home/isucon/webapp/ruby/vendor/bundle/ruby/2.3.0/gems/rack-protection-1.5.3/lib/rack/protection/base.rb:49:in `call'
	/home/isucon/webapp/ruby/vendor/bundle/ruby/2.3.0/gems/rack-protection-1.5.3/lib/rack/protection/base.rb:49:in `call'
	/home/isucon/webapp/ruby/vendor/bundle/ruby/2.3.0/gems/rack-protection-1.5.3/lib/rack/protection/path_traversal.rb:16:in `call'
	/home/isucon/webapp/ruby/vendor/bundle/ruby/2.3.0/gems/rack-protection-1.5.3/lib/rack/protection/json_csrf.rb:18:in `call'
	/home/isucon/webapp/ruby/vendor/bundle/ruby/2.3.0/gems/rack-protection-1.5.3/lib/rack/protection/base.rb:49:in `call'
	/home/isucon/webapp/ruby/vendor/bundle/ruby/2.3.0/gems/rack-protection-1.5.3/lib/rack/protection/base.rb:49:in `call'
	/home/isucon/webapp/ruby/vendor/bundle/ruby/2.3.0/gems/rack-protection-1.5.3/lib/rack/protection/frame_options.rb:31:in `call'
	/home/isucon/webapp/ruby/vendor/bundle/ruby/2.3.0/gems/rack-1.6.4/lib/rack/session/abstract/id.rb:225:in `context'
	/home/isucon/webapp/ruby/vendor/bundle/ruby/2.3.0/gems/rack-1.6.4/lib/rack/session/abstract/id.rb:220:in `call'
	/home/isucon/webapp/ruby/vendor/bundle/ruby/2.3.0/gems/rack-1.6.4/lib/rack/nulllogger.rb:9:in `call'
	/home/isucon/webapp/ruby/vendor/bundle/ruby/2.3.0/gems/rack-1.6.4/lib/rack/head.rb:13:in `call'
	/home/isucon/webapp/ruby/vendor/bundle/ruby/2.3.0/gems/sinatra-1.4.7/lib/sinatra/base.rb:182:in `call'
	/home/isucon/webapp/ruby/vendor/bundle/ruby/2.3.0/gems/sinatra-1.4.7/lib/sinatra/base.rb:2013:in `call'
	/home/isucon/webapp/ruby/vendor/bundle/ruby/2.3.0/gems/sinatra-1.4.7/lib/sinatra/base.rb:1487:in `block in call'
	/home/isucon/webapp/ruby/vendor/bundle/ruby/2.3.0/gems/sinatra-1.4.7/lib/sinatra/base.rb:1787:in `synchronize'
	/home/isucon/webapp/ruby/vendor/bundle/ruby/2.3.0/gems/sinatra-1.4.7/lib/sinatra/base.rb:1487:in `call'
	/home/isucon/webapp/ruby/vendor/bundle/ruby/2.3.0/gems/unicorn-5.1.0/lib/unicorn/http_server.rb:562:in `process_client'
	/home/isucon/webapp/ruby/vendor/bundle/ruby/2.3.0/gems/unicorn-5.1.0/lib/unicorn/http_server.rb:658:in `worker_loop'
	/home/isucon/webapp/ruby/vendor/bundle/ruby/2.3.0/gems/unicorn-5.1.0/lib/unicorn/http_server.rb:508:in `spawn_missing_workers'
	/home/isucon/webapp/ruby/vendor/bundle/ruby/2.3.0/gems/unicorn-5.1.0/lib/unicorn/http_server.rb:132:in `start'
	/home/isucon/webapp/ruby/vendor/bundle/ruby/2.3.0/gems/unicorn-5.1.0/bin/unicorn:126:in `<top (required)>'
	/home/isucon/webapp/ruby/vendor/bundle/ruby/2.3.0/bin/unicorn:23:in `load'
	/home/isucon/webapp/ruby/vendor/bundle/ruby/2.3.0/bin/unicorn:23:in `<top (required)>'
	/home/isucon/.local/ruby/lib/ruby/gems/2.3.0/gems/bundler-1.13.1/lib/bundler/cli/exec.rb:74:in `load'
	/home/isucon/.local/ruby/lib/ruby/gems/2.3.0/gems/bundler-1.13.1/lib/bundler/cli/exec.rb:74:in `kernel_load'
	/home/isucon/.local/ruby/lib/ruby/gems/2.3.0/gems/bundler-1.13.1/lib/bundler/cli/exec.rb:27:in `run'
	/home/isucon/.local/ruby/lib/ruby/gems/2.3.0/gems/bundler-1.13.1/lib/bundler/cli.rb:332:in `exec'
	/home/isucon/.local/ruby/lib/ruby/gems/2.3.0/gems/bundler-1.13.1/lib/bundler/vendor/thor/lib/thor/command.rb:27:in `run'
	/home/isucon/.local/ruby/lib/ruby/gems/2.3.0/gems/bundler-1.13.1/lib/bundler/vendor/thor/lib/thor/invocation.rb:126:in `invoke_command'
	/home/isucon/.local/ruby/lib/ruby/gems/2.3.0/gems/bundler-1.13.1/lib/bundler/vendor/thor/lib/thor.rb:359:in `dispatch'
	/home/isucon/.local/ruby/lib/ruby/gems/2.3.0/gems/bundler-1.13.1/lib/bundler/cli.rb:20:in `dispatch'
	/home/isucon/.local/ruby/lib/ruby/gems/2.3.0/gems/bundler-1.13.1/lib/bundler/vendor/thor/lib/thor/base.rb:440:in `start'
	/home/isucon/.local/ruby/lib/ruby/gems/2.3.0/gems/bundler-1.13.1/lib/bundler/cli.rb:11:in `start'
	/home/isucon/.local/ruby/lib/ruby/gems/2.3.0/gems/bundler-1.13.1/exe/bundle:34:in `block in <top (required)>'
	/home/isucon/.local/ruby/lib/ruby/gems/2.3.0/gems/bundler-1.13.1/lib/bundler/friendly_errors.rb:100:in `with_friendly_errors'
	/home/isucon/.local/ruby/lib/ruby/gems/2.3.0/gems/bundler-1.13.1/exe/bundle:26:in `<top (required)>'
	/home/isucon/.local/ruby/bin/bundle:23:in `load'
	/home/isucon/.local/ruby/bin/bundle:23:in `<main>'
I, [2016-09-18T16:06:56.774448 #33248]  INFO -- : reaped #<Process::Status: pid 33263 exit 0> worker=0
I, [2016-09-18T16:06:56.774535 #33248]  INFO -- : reaped #<Process::Status: pid 33265 exit 0> worker=1
I, [2016-09-18T16:06:56.774568 #33248]  INFO -- : reaped #<Process::Status: pid 33268 exit 0> worker=2
I, [2016-09-18T16:06:56.774598 #33248]  INFO -- : reaped #<Process::Status: pid 33271 exit 0> worker=3
I, [2016-09-18T16:06:56.774653 #33248]  INFO -- : reaped #<Process::Status: pid 33274 exit 0> worker=4
I, [2016-09-18T16:06:56.774706 #33248]  INFO -- : master complete
