2016-09-18T01:30:36.869282Z 0 [Warning] Changed limits: max_open_files: 1024 (requested 5000)
2016-09-18T01:30:36.869317Z 0 [Warning] Changed limits: table_open_cache: 431 (requested 2000)
2016-09-18T01:30:37.026439Z 0 [Warning] TIMESTAMP with implicit DEFAULT value is deprecated. Please use --explicit_defaults_for_timestamp server option (see documentation for more details).
2016-09-18T01:30:37.027468Z 0 [Note] /usr/sbin/mysqld (mysqld 5.7.15-0ubuntu0.16.04.1) starting as process 4299 ...
2016-09-18T01:30:37.030490Z 0 [Note] InnoDB: PUNCH HOLE support available
2016-09-18T01:30:37.030510Z 0 [Note] InnoDB: Mutexes and rw_locks use GCC atomic builtins
2016-09-18T01:30:37.030514Z 0 [Note] InnoDB: Uses event mutexes
2016-09-18T01:30:37.030517Z 0 [Note] InnoDB: GCC builtin __atomic_thread_fence() is used for memory barrier
2016-09-18T01:30:37.030520Z 0 [Note] InnoDB: Compressed tables use zlib 1.2.8
2016-09-18T01:30:37.030523Z 0 [Note] InnoDB: Using Linux native AIO
2016-09-18T01:30:37.030764Z 0 [Note] InnoDB: Number of pools: 1
2016-09-18T01:30:37.030862Z 0 [Note] InnoDB: Using CPU crc32 instructions
2016-09-18T01:30:37.032294Z 0 [Note] InnoDB: Initializing buffer pool, total size = 128M, instances = 1, chunk size = 128M
2016-09-18T01:30:37.040079Z 0 [Note] InnoDB: Completed initialization of buffer pool
2016-09-18T01:30:37.041933Z 0 [Note] InnoDB: If the mysqld execution user is authorized, page cleaner thread priority can be changed. See the man page of setpriority().
2016-09-18T01:30:37.053511Z 0 [Note] InnoDB: Highest supported file format is Barracuda.
2016-09-18T01:30:37.071677Z 0 [Note] InnoDB: Creating shared tablespace for temporary tables
2016-09-18T01:30:37.071717Z 0 [Note] InnoDB: Setting file './ibtmp1' size to 12 MB. Physically writing the file full; Please wait ...
2016-09-18T01:30:37.114560Z 0 [Note] InnoDB: File './ibtmp1' size is now 12 MB.
2016-09-18T01:30:37.115211Z 0 [Note] InnoDB: 96 redo rollback segment(s) found. 96 redo rollback segment(s) are active.
2016-09-18T01:30:37.115221Z 0 [Note] InnoDB: 32 non-redo rollback segment(s) are active.
2016-09-18T01:30:37.115905Z 0 [Note] InnoDB: Waiting for purge to start
2016-09-18T01:30:37.166021Z 0 [Note] InnoDB: 5.7.15 started; log sequence number 32495962
2016-09-18T01:30:37.166594Z 0 [Note] InnoDB: Loading buffer pool(s) from /var/lib/mysql/ib_buffer_pool
2016-09-18T01:30:37.166669Z 0 [Note] Plugin 'FEDERATED' is disabled.
2016-09-18T01:30:37.171003Z 0 [Warning] Failed to set up SSL because of the following SSL library error: SSL context is not usable without certificate and private key
2016-09-18T01:30:37.171017Z 0 [Note] Server hostname (bind-address): '127.0.0.1'; port: 3306
2016-09-18T01:30:37.171029Z 0 [Note]   - '127.0.0.1' resolves to '127.0.0.1';
2016-09-18T01:30:37.171057Z 0 [Note] Server socket created on IP: '127.0.0.1'.
2016-09-18T01:30:37.176649Z 0 [Note] Event Scheduler: Loaded 0 events
2016-09-18T01:30:37.176804Z 0 [Note] /usr/sbin/mysqld: ready for connections.
Version: '5.7.15-0ubuntu0.16.04.1'  socket: '/var/run/mysqld/mysqld.sock'  port: 3306  (Ubuntu)
2016-09-18T01:30:37.876830Z 2 [Note] Access denied for user 'root'@'localhost' (using password: NO)
2016-09-18T01:30:38.174512Z 0 [Note] InnoDB: Buffer pool(s) load completed at 160918 10:30:38
2016-09-18T01:33:24.199295Z 13 [Note] Aborted connection 13 to db: 'unconnected' user: 'isucon' host: 'localhost' (Got an error reading communication packets)
2016-09-18T01:37:02.314712Z 0 [Note] Giving 10 client threads a chance to die gracefully
2016-09-18T01:37:02.314738Z 0 [Note] Shutting down slave threads
2016-09-18T01:37:04.314853Z 0 [Note] Forcefully disconnecting 10 remaining clients
2016-09-18T01:37:04.314908Z 0 [Warning] /usr/sbin/mysqld: Forcing close of thread 9  user: 'isucon'

2016-09-18T01:37:04.314926Z 0 [Warning] /usr/sbin/mysqld: Forcing close of thread 8  user: 'isucon'

2016-09-18T01:37:04.314940Z 0 [Warning] /usr/sbin/mysqld: Forcing close of thread 10  user: 'isucon'

2016-09-18T01:37:04.314947Z 0 [Warning] /usr/sbin/mysqld: Forcing close of thread 6  user: 'isucon'

2016-09-18T01:37:04.314954Z 0 [Warning] /usr/sbin/mysqld: Forcing close of thread 7  user: 'isucon'

2016-09-18T01:37:04.314973Z 0 [Warning] /usr/sbin/mysqld: Forcing close of thread 11  user: 'isucon'

2016-09-18T01:37:04.314980Z 0 [Warning] /usr/sbin/mysqld: Forcing close of thread 4  user: 'isucon'

2016-09-18T01:37:04.314986Z 0 [Warning] /usr/sbin/mysqld: Forcing close of thread 5  user: 'isucon'

2016-09-18T01:37:04.314996Z 0 [Warning] /usr/sbin/mysqld: Forcing close of thread 12  user: 'isucon'

2016-09-18T01:37:04.315006Z 0 [Warning] /usr/sbin/mysqld: Forcing close of thread 3  user: 'isucon'

2016-09-18T01:37:04.315018Z 0 [Note] Event Scheduler: Purging the queue. 0 events
2016-09-18T01:37:04.315348Z 0 [Note] Binlog end
2016-09-18T01:37:04.316446Z 0 [Note] Shutting down plugin 'ngram'
2016-09-18T01:37:04.316454Z 0 [Note] Shutting down plugin 'ARCHIVE'
2016-09-18T01:37:04.316457Z 0 [Note] Shutting down plugin 'partition'
2016-09-18T01:37:04.316459Z 0 [Note] Shutting down plugin 'BLACKHOLE'
2016-09-18T01:37:04.316462Z 0 [Note] Shutting down plugin 'INNODB_SYS_VIRTUAL'
2016-09-18T01:37:04.316465Z 0 [Note] Shutting down plugin 'INNODB_SYS_DATAFILES'
2016-09-18T01:37:04.316467Z 0 [Note] Shutting down plugin 'INNODB_SYS_TABLESPACES'
2016-09-18T01:37:04.316469Z 0 [Note] Shutting down plugin 'INNODB_SYS_FOREIGN_COLS'
2016-09-18T01:37:04.316472Z 0 [Note] Shutting down plugin 'INNODB_SYS_FOREIGN'
2016-09-18T01:37:04.316474Z 0 [Note] Shutting down plugin 'INNODB_SYS_FIELDS'
2016-09-18T01:37:04.316476Z 0 [Note] Shutting down plugin 'INNODB_SYS_COLUMNS'
2016-09-18T01:37:04.316478Z 0 [Note] Shutting down plugin 'INNODB_SYS_INDEXES'
2016-09-18T01:37:04.316480Z 0 [Note] Shutting down plugin 'INNODB_SYS_TABLESTATS'
2016-09-18T01:37:04.316482Z 0 [Note] Shutting down plugin 'INNODB_SYS_TABLES'
2016-09-18T01:37:04.316484Z 0 [Note] Shutting down plugin 'INNODB_FT_INDEX_TABLE'
2016-09-18T01:37:04.316486Z 0 [Note] Shutting down plugin 'INNODB_FT_INDEX_CACHE'
2016-09-18T01:37:04.316488Z 0 [Note] Shutting down plugin 'INNODB_FT_CONFIG'
2016-09-18T01:37:04.316490Z 0 [Note] Shutting down plugin 'INNODB_FT_BEING_DELETED'
2016-09-18T01:37:04.316492Z 0 [Note] Shutting down plugin 'INNODB_FT_DELETED'
2016-09-18T01:37:04.316495Z 0 [Note] Shutting down plugin 'INNODB_FT_DEFAULT_STOPWORD'
2016-09-18T01:37:04.316497Z 0 [Note] Shutting down plugin 'INNODB_METRICS'
2016-09-18T01:37:04.316499Z 0 [Note] Shutting down plugin 'INNODB_TEMP_TABLE_INFO'
2016-09-18T01:37:04.316501Z 0 [Note] Shutting down plugin 'INNODB_BUFFER_POOL_STATS'
2016-09-18T01:37:04.316503Z 0 [Note] Shutting down plugin 'INNODB_BUFFER_PAGE_LRU'
2016-09-18T01:37:04.316505Z 0 [Note] Shutting down plugin 'INNODB_BUFFER_PAGE'
2016-09-18T01:37:04.316507Z 0 [Note] Shutting down plugin 'INNODB_CMP_PER_INDEX_RESET'
2016-09-18T01:37:04.316509Z 0 [Note] Shutting down plugin 'INNODB_CMP_PER_INDEX'
2016-09-18T01:37:04.316511Z 0 [Note] Shutting down plugin 'INNODB_CMPMEM_RESET'
2016-09-18T01:37:04.316514Z 0 [Note] Shutting down plugin 'INNODB_CMPMEM'
2016-09-18T01:37:04.316516Z 0 [Note] Shutting down plugin 'INNODB_CMP_RESET'
2016-09-18T01:37:04.316518Z 0 [Note] Shutting down plugin 'INNODB_CMP'
2016-09-18T01:37:04.316520Z 0 [Note] Shutting down plugin 'INNODB_LOCK_WAITS'
2016-09-18T01:37:04.316522Z 0 [Note] Shutting down plugin 'INNODB_LOCKS'
2016-09-18T01:37:04.316524Z 0 [Note] Shutting down plugin 'INNODB_TRX'
2016-09-18T01:37:04.316526Z 0 [Note] Shutting down plugin 'InnoDB'
2016-09-18T01:37:04.316608Z 0 [Note] InnoDB: FTS optimize thread exiting.
2016-09-18T01:37:04.316821Z 0 [Note] InnoDB: Starting shutdown...
2016-09-18T01:37:04.416997Z 0 [Note] InnoDB: Dumping buffer pool(s) to /var/lib/mysql/ib_buffer_pool
2016-09-18T01:37:04.417256Z 0 [Note] InnoDB: Buffer pool(s) dump completed at 160918 10:37:04
2016-09-18T01:37:05.851237Z 0 [Note] InnoDB: Shutdown completed; log sequence number 32589182
2016-09-18T01:37:05.852837Z 0 [Note] InnoDB: Removed temporary tablespace data file: "ibtmp1"
2016-09-18T01:37:05.852846Z 0 [Note] Shutting down plugin 'MEMORY'
2016-09-18T01:37:05.852861Z 0 [Note] Shutting down plugin 'PERFORMANCE_SCHEMA'
2016-09-18T01:37:05.852914Z 0 [Note] Shutting down plugin 'MRG_MYISAM'
2016-09-18T01:37:05.852918Z 0 [Note] Shutting down plugin 'MyISAM'
2016-09-18T01:37:05.852924Z 0 [Note] Shutting down plugin 'CSV'
2016-09-18T01:37:05.852940Z 0 [Note] Shutting down plugin 'sha256_password'
2016-09-18T01:37:05.852942Z 0 [Note] Shutting down plugin 'mysql_native_password'
2016-09-18T01:37:05.853078Z 0 [Note] Shutting down plugin 'binlog'
2016-09-18T01:37:05.853248Z 0 [Note] /usr/sbin/mysqld: Shutdown complete

