2016-09-18T06:33:42.053393Z 0 [Warning] Changed limits: max_open_files: 1024 (requested 5000)
2016-09-18T06:33:42.053433Z 0 [Warning] Changed limits: table_open_cache: 431 (requested 2000)
2016-09-18T06:33:42.205334Z 0 [Warning] TIMESTAMP with implicit DEFAULT value is deprecated. Please use --explicit_defaults_for_timestamp server option (see documentation for more details).
2016-09-18T06:33:42.206472Z 0 [Note] /usr/sbin/mysqld (mysqld 5.7.15-0ubuntu0.16.04.1-log) starting as process 30400 ...
2016-09-18T06:33:42.210537Z 0 [Note] InnoDB: PUNCH HOLE support available
2016-09-18T06:33:42.210558Z 0 [Note] InnoDB: Mutexes and rw_locks use GCC atomic builtins
2016-09-18T06:33:42.210562Z 0 [Note] InnoDB: Uses event mutexes
2016-09-18T06:33:42.210567Z 0 [Note] InnoDB: GCC builtin __atomic_thread_fence() is used for memory barrier
2016-09-18T06:33:42.210571Z 0 [Note] InnoDB: Compressed tables use zlib 1.2.8
2016-09-18T06:33:42.210574Z 0 [Note] InnoDB: Using Linux native AIO
2016-09-18T06:33:42.210865Z 0 [Note] InnoDB: Number of pools: 1
2016-09-18T06:33:42.210981Z 0 [Note] InnoDB: Using CPU crc32 instructions
2016-09-18T06:33:42.215858Z 0 [Note] InnoDB: Initializing buffer pool, total size = 3G, instances = 8, chunk size = 128M
2016-09-18T06:33:42.385763Z 0 [Note] InnoDB: Completed initialization of buffer pool
2016-09-18T06:33:42.409413Z 0 [Note] InnoDB: If the mysqld execution user is authorized, page cleaner thread priority can be changed. See the man page of setpriority().
2016-09-18T06:33:42.425930Z 0 [Note] InnoDB: Highest supported file format is Barracuda.
2016-09-18T06:33:42.654374Z 0 [Note] InnoDB: Creating shared tablespace for temporary tables
2016-09-18T06:33:42.654445Z 0 [Note] InnoDB: Setting file './ibtmp1' size to 12 MB. Physically writing the file full; Please wait ...
2016-09-18T06:33:42.922939Z 0 [Note] InnoDB: File './ibtmp1' size is now 12 MB.
2016-09-18T06:33:42.923996Z 0 [Note] InnoDB: 96 redo rollback segment(s) found. 96 redo rollback segment(s) are active.
2016-09-18T06:33:42.924004Z 0 [Note] InnoDB: 32 non-redo rollback segment(s) are active.
2016-09-18T06:33:42.925790Z 0 [Note] InnoDB: 5.7.15 started; log sequence number 89629968
2016-09-18T06:33:42.926131Z 0 [Note] Plugin 'FEDERATED' is disabled.
2016-09-18T06:33:42.929496Z 0 [Note] InnoDB: Loading buffer pool(s) from /var/lib/mysql/ib_buffer_pool
2016-09-18T06:33:42.936103Z 0 [Warning] Failed to set up SSL because of the following SSL library error: SSL context is not usable without certificate and private key
2016-09-18T06:33:42.936117Z 0 [Note] Server hostname (bind-address): '127.0.0.1'; port: 3306
2016-09-18T06:33:42.936130Z 0 [Note]   - '127.0.0.1' resolves to '127.0.0.1';
2016-09-18T06:33:42.936155Z 0 [Note] Server socket created on IP: '127.0.0.1'.
2016-09-18T06:33:42.955994Z 0 [Note] Event Scheduler: Loaded 0 events
2016-09-18T06:33:42.956120Z 0 [Note] /usr/sbin/mysqld: ready for connections.
Version: '5.7.15-0ubuntu0.16.04.1-log'  socket: '/var/run/mysqld/mysqld.sock'  port: 3306  (Ubuntu)
2016-09-18T06:33:43.056774Z 2 [Note] Access denied for user 'root'@'localhost' (using password: NO)
2016-09-18T06:33:43.480950Z 0 [Note] InnoDB: Buffer pool(s) load completed at 160918 15:33:43
2016-09-18T06:35:55.238909Z 0 [Note] Giving 16 client threads a chance to die gracefully
2016-09-18T06:35:55.238937Z 0 [Note] Shutting down slave threads
2016-09-18T06:35:57.239014Z 0 [Note] Forcefully disconnecting 15 remaining clients
2016-09-18T06:35:57.239045Z 0 [Warning] /usr/sbin/mysqld: Forcing close of thread 9  user: 'isucon'

2016-09-18T06:35:57.239063Z 0 [Warning] /usr/sbin/mysqld: Forcing close of thread 7  user: 'isucon'

2016-09-18T06:35:57.239070Z 0 [Warning] /usr/sbin/mysqld: Forcing close of thread 11  user: 'isucon'

2016-09-18T06:35:57.239077Z 0 [Warning] /usr/sbin/mysqld: Forcing close of thread 8  user: 'isucon'

2016-09-18T06:35:57.239083Z 0 [Warning] /usr/sbin/mysqld: Forcing close of thread 10  user: 'isucon'

2016-09-18T06:35:57.239089Z 0 [Warning] /usr/sbin/mysqld: Forcing close of thread 5  user: 'isucon'

2016-09-18T06:35:57.239095Z 0 [Warning] /usr/sbin/mysqld: Forcing close of thread 6  user: 'isucon'

2016-09-18T06:35:57.239113Z 0 [Warning] /usr/sbin/mysqld: Forcing close of thread 13  user: 'isucon'

2016-09-18T06:35:57.239119Z 0 [Warning] /usr/sbin/mysqld: Forcing close of thread 4  user: 'isucon'

2016-09-18T06:35:57.239125Z 0 [Warning] /usr/sbin/mysqld: Forcing close of thread 12  user: 'isucon'

2016-09-18T06:35:57.239131Z 0 [Warning] /usr/sbin/mysqld: Forcing close of thread 14  user: 'isucon'

2016-09-18T06:35:57.239137Z 0 [Warning] /usr/sbin/mysqld: Forcing close of thread 15  user: 'isucon'

2016-09-18T06:35:57.239143Z 0 [Warning] /usr/sbin/mysqld: Forcing close of thread 16  user: 'isucon'

2016-09-18T06:35:57.239149Z 0 [Warning] /usr/sbin/mysqld: Forcing close of thread 17  user: 'isucon'

2016-09-18T06:35:57.239155Z 0 [Warning] /usr/sbin/mysqld: Forcing close of thread 18  user: 'isucon'

2016-09-18T06:35:57.239166Z 0 [Note] Event Scheduler: Purging the queue. 0 events
2016-09-18T06:35:57.239885Z 0 [Note] Binlog end
2016-09-18T06:35:57.241009Z 0 [Note] Shutting down plugin 'ngram'
2016-09-18T06:35:57.241017Z 0 [Note] Shutting down plugin 'ARCHIVE'
2016-09-18T06:35:57.241020Z 0 [Note] Shutting down plugin 'partition'
2016-09-18T06:35:57.241022Z 0 [Note] Shutting down plugin 'BLACKHOLE'
2016-09-18T06:35:57.241025Z 0 [Note] Shutting down plugin 'INNODB_SYS_VIRTUAL'
2016-09-18T06:35:57.241028Z 0 [Note] Shutting down plugin 'INNODB_SYS_DATAFILES'
2016-09-18T06:35:57.241030Z 0 [Note] Shutting down plugin 'INNODB_SYS_TABLESPACES'
2016-09-18T06:35:57.241032Z 0 [Note] Shutting down plugin 'INNODB_SYS_FOREIGN_COLS'
2016-09-18T06:35:57.241035Z 0 [Note] Shutting down plugin 'INNODB_SYS_FOREIGN'
2016-09-18T06:35:57.241037Z 0 [Note] Shutting down plugin 'INNODB_SYS_FIELDS'
2016-09-18T06:35:57.241039Z 0 [Note] Shutting down plugin 'INNODB_SYS_COLUMNS'
2016-09-18T06:35:57.241041Z 0 [Note] Shutting down plugin 'INNODB_SYS_INDEXES'
2016-09-18T06:35:57.241043Z 0 [Note] Shutting down plugin 'INNODB_SYS_TABLESTATS'
2016-09-18T06:35:57.241045Z 0 [Note] Shutting down plugin 'INNODB_SYS_TABLES'
2016-09-18T06:35:57.241047Z 0 [Note] Shutting down plugin 'INNODB_FT_INDEX_TABLE'
2016-09-18T06:35:57.241049Z 0 [Note] Shutting down plugin 'INNODB_FT_INDEX_CACHE'
2016-09-18T06:35:57.241051Z 0 [Note] Shutting down plugin 'INNODB_FT_CONFIG'
2016-09-18T06:35:57.241053Z 0 [Note] Shutting down plugin 'INNODB_FT_BEING_DELETED'
2016-09-18T06:35:57.241055Z 0 [Note] Shutting down plugin 'INNODB_FT_DELETED'
2016-09-18T06:35:57.241057Z 0 [Note] Shutting down plugin 'INNODB_FT_DEFAULT_STOPWORD'
2016-09-18T06:35:57.241059Z 0 [Note] Shutting down plugin 'INNODB_METRICS'
2016-09-18T06:35:57.241061Z 0 [Note] Shutting down plugin 'INNODB_TEMP_TABLE_INFO'
2016-09-18T06:35:57.241063Z 0 [Note] Shutting down plugin 'INNODB_BUFFER_POOL_STATS'
2016-09-18T06:35:57.241065Z 0 [Note] Shutting down plugin 'INNODB_BUFFER_PAGE_LRU'
2016-09-18T06:35:57.241067Z 0 [Note] Shutting down plugin 'INNODB_BUFFER_PAGE'
2016-09-18T06:35:57.241069Z 0 [Note] Shutting down plugin 'INNODB_CMP_PER_INDEX_RESET'
2016-09-18T06:35:57.241071Z 0 [Note] Shutting down plugin 'INNODB_CMP_PER_INDEX'
2016-09-18T06:35:57.241073Z 0 [Note] Shutting down plugin 'INNODB_CMPMEM_RESET'
2016-09-18T06:35:57.241075Z 0 [Note] Shutting down plugin 'INNODB_CMPMEM'
2016-09-18T06:35:57.241077Z 0 [Note] Shutting down plugin 'INNODB_CMP_RESET'
2016-09-18T06:35:57.241080Z 0 [Note] Shutting down plugin 'INNODB_CMP'
2016-09-18T06:35:57.241082Z 0 [Note] Shutting down plugin 'INNODB_LOCK_WAITS'
2016-09-18T06:35:57.241084Z 0 [Note] Shutting down plugin 'INNODB_LOCKS'
2016-09-18T06:35:57.241086Z 0 [Note] Shutting down plugin 'INNODB_TRX'
2016-09-18T06:35:57.241088Z 0 [Note] Shutting down plugin 'InnoDB'
2016-09-18T06:35:57.241163Z 0 [Note] InnoDB: FTS optimize thread exiting.
2016-09-18T06:35:57.241253Z 0 [Note] InnoDB: Starting shutdown...
2016-09-18T06:35:57.341485Z 0 [Note] InnoDB: Dumping buffer pool(s) to /var/lib/mysql/ib_buffer_pool
2016-09-18T06:35:57.341979Z 0 [Note] InnoDB: Buffer pool(s) dump completed at 160918 15:35:57
2016-09-18T06:35:58.746546Z 0 [Note] InnoDB: Shutdown completed; log sequence number 89937941
2016-09-18T06:35:58.746633Z 0 [Note] InnoDB: Removed temporary tablespace data file: "ibtmp1"
2016-09-18T06:35:58.746642Z 0 [Note] Shutting down plugin 'MEMORY'
2016-09-18T06:35:58.746646Z 0 [Note] Shutting down plugin 'PERFORMANCE_SCHEMA'
2016-09-18T06:35:58.746667Z 0 [Note] Shutting down plugin 'MRG_MYISAM'
2016-09-18T06:35:58.746670Z 0 [Note] Shutting down plugin 'MyISAM'
2016-09-18T06:35:58.746676Z 0 [Note] Shutting down plugin 'CSV'
2016-09-18T06:35:58.746680Z 0 [Note] Shutting down plugin 'sha256_password'
2016-09-18T06:35:58.746682Z 0 [Note] Shutting down plugin 'mysql_native_password'
2016-09-18T06:35:58.747114Z 0 [Note] Shutting down plugin 'binlog'
2016-09-18T06:35:58.747660Z 0 [Note] /usr/sbin/mysqld: Shutdown complete

