/usr/sbin/mysqld, Version: 5.7.15-0ubuntu0.16.04.1-log ((Ubuntu)). started with:
Tcp port: 3306  Unix socket: /var/run/mysqld/mysqld.sock
Time                 Id Command    Argument
# Time: 2016-09-18T06:34:03.464313Z
# User@Host: isucon[isucon] @ localhost []  Id:     4
# Query_time: 0.735077  Lock_time: 0.000032 Rows_sent: 7102  Rows_examined: 14204
use isuda;
SET timestamp=1474180443;
select * from entry order by keyword_length desc;
# Time: 2016-09-18T06:34:03.474306Z
# User@Host: isucon[isucon] @ localhost []  Id:     9
# Query_time: 0.843067  Lock_time: 0.000032 Rows_sent: 7101  Rows_examined: 14202
SET timestamp=1474180443;
select * from entry order by keyword_length desc;
# Time: 2016-09-18T06:34:03.474355Z
# User@Host: isucon[isucon] @ localhost []  Id:     8
# Query_time: 0.672430  Lock_time: 0.000030 Rows_sent: 7102  Rows_examined: 14204
SET timestamp=1474180443;
select * from entry order by keyword_length desc;
# Time: 2016-09-18T06:34:03.474364Z
# User@Host: isucon[isucon] @ localhost []  Id:     7
# Query_time: 0.838944  Lock_time: 0.000063 Rows_sent: 7101  Rows_examined: 14202
SET timestamp=1474180443;
select * from entry order by keyword_length desc;
# Time: 2016-09-18T06:34:03.474470Z
# User@Host: isucon[isucon] @ localhost []  Id:     6
# Query_time: 0.855531  Lock_time: 0.000035 Rows_sent: 7101  Rows_examined: 14202
SET timestamp=1474180443;
select * from entry order by keyword_length desc;
