2016-09-18T08:40:38.670067Z 0 [Warning] Changed limits: max_open_files: 1024 (requested 5000)
2016-09-18T08:40:38.670109Z 0 [Warning] Changed limits: table_open_cache: 431 (requested 2000)
2016-09-18T08:40:38.827226Z 0 [Warning] TIMESTAMP with implicit DEFAULT value is deprecated. Please use --explicit_defaults_for_timestamp server option (see documentation for more details).
2016-09-18T08:40:38.828756Z 0 [Note] /usr/sbin/mysqld (mysqld 5.7.15-0ubuntu0.16.04.1-log) starting as process 39828 ...
2016-09-18T08:40:38.832580Z 0 [Note] InnoDB: PUNCH HOLE support available
2016-09-18T08:40:38.832600Z 0 [Note] InnoDB: Mutexes and rw_locks use GCC atomic builtins
2016-09-18T08:40:38.832603Z 0 [Note] InnoDB: Uses event mutexes
2016-09-18T08:40:38.832606Z 0 [Note] InnoDB: GCC builtin __atomic_thread_fence() is used for memory barrier
2016-09-18T08:40:38.832609Z 0 [Note] InnoDB: Compressed tables use zlib 1.2.8
2016-09-18T08:40:38.832611Z 0 [Note] InnoDB: Using Linux native AIO
2016-09-18T08:40:38.832837Z 0 [Note] InnoDB: Number of pools: 1
2016-09-18T08:40:38.832967Z 0 [Note] InnoDB: Using CPU crc32 instructions
2016-09-18T08:40:38.840578Z 0 [Note] InnoDB: Initializing buffer pool, total size = 3G, instances = 8, chunk size = 128M
2016-09-18T08:40:39.010080Z 0 [Note] InnoDB: Completed initialization of buffer pool
2016-09-18T08:40:39.031546Z 0 [Note] InnoDB: If the mysqld execution user is authorized, page cleaner thread priority can be changed. See the man page of setpriority().
2016-09-18T08:40:39.050722Z 0 [Note] InnoDB: Highest supported file format is Barracuda.
2016-09-18T08:40:39.271580Z 0 [Note] InnoDB: Creating shared tablespace for temporary tables
2016-09-18T08:40:39.271643Z 0 [Note] InnoDB: Setting file './ibtmp1' size to 12 MB. Physically writing the file full; Please wait ...
2016-09-18T08:40:39.456000Z 0 [Note] InnoDB: File './ibtmp1' size is now 12 MB.
2016-09-18T08:40:39.456641Z 0 [Note] InnoDB: 96 redo rollback segment(s) found. 96 redo rollback segment(s) are active.
2016-09-18T08:40:39.456650Z 0 [Note] InnoDB: 32 non-redo rollback segment(s) are active.
2016-09-18T08:40:39.456982Z 0 [Note] InnoDB: Waiting for purge to start
2016-09-18T08:40:39.507428Z 0 [Note] InnoDB: 5.7.15 started; log sequence number 94328444
2016-09-18T08:40:39.507547Z 0 [Note] InnoDB: Loading buffer pool(s) from /var/lib/mysql/ib_buffer_pool
2016-09-18T08:40:39.507613Z 0 [Note] Plugin 'FEDERATED' is disabled.
2016-09-18T08:40:39.512624Z 0 [Warning] Failed to set up SSL because of the following SSL library error: SSL context is not usable without certificate and private key
2016-09-18T08:40:39.512638Z 0 [Note] Server hostname (bind-address): '127.0.0.1'; port: 3306
2016-09-18T08:40:39.512650Z 0 [Note]   - '127.0.0.1' resolves to '127.0.0.1';
2016-09-18T08:40:39.512673Z 0 [Note] Server socket created on IP: '127.0.0.1'.
2016-09-18T08:40:39.528859Z 0 [Note] Event Scheduler: Loaded 0 events
2016-09-18T08:40:39.529006Z 0 [Note] /usr/sbin/mysqld: ready for connections.
Version: '5.7.15-0ubuntu0.16.04.1-log'  socket: '/var/run/mysqld/mysqld.sock'  port: 3306  (Ubuntu)
2016-09-18T08:40:39.671466Z 2 [Note] Access denied for user 'root'@'localhost' (using password: NO)
2016-09-18T08:40:39.734791Z 0 [Note] InnoDB: Buffer pool(s) load completed at 160918 17:40:39
2016-09-18T08:43:18.525954Z 0 [Note] Giving 12 client threads a chance to die gracefully
2016-09-18T08:43:18.525980Z 0 [Note] Shutting down slave threads
2016-09-18T08:43:20.526062Z 0 [Note] Forcefully disconnecting 11 remaining clients
2016-09-18T08:43:20.526091Z 0 [Warning] /usr/sbin/mysqld: Forcing close of thread 9  user: 'isucon'

2016-09-18T08:43:20.526115Z 0 [Warning] /usr/sbin/mysqld: Forcing close of thread 7  user: 'isucon'

2016-09-18T08:43:20.526123Z 0 [Warning] /usr/sbin/mysqld: Forcing close of thread 11  user: 'isucon'

2016-09-18T08:43:20.526132Z 0 [Warning] /usr/sbin/mysqld: Forcing close of thread 8  user: 'isucon'

2016-09-18T08:43:20.526138Z 0 [Warning] /usr/sbin/mysqld: Forcing close of thread 10  user: 'isucon'

2016-09-18T08:43:20.526144Z 0 [Warning] /usr/sbin/mysqld: Forcing close of thread 5  user: 'isucon'

2016-09-18T08:43:20.526165Z 0 [Warning] /usr/sbin/mysqld: Forcing close of thread 13  user: 'isucon'

2016-09-18T08:43:20.526172Z 0 [Warning] /usr/sbin/mysqld: Forcing close of thread 6  user: 'isucon'

2016-09-18T08:43:20.526178Z 0 [Warning] /usr/sbin/mysqld: Forcing close of thread 12  user: 'isucon'

2016-09-18T08:43:20.526184Z 0 [Warning] /usr/sbin/mysqld: Forcing close of thread 4  user: 'isucon'

2016-09-18T08:43:20.526190Z 0 [Warning] /usr/sbin/mysqld: Forcing close of thread 14  user: 'isucon'

2016-09-18T08:43:20.526203Z 0 [Note] Event Scheduler: Purging the queue. 0 events
2016-09-18T08:43:20.526619Z 0 [Note] Binlog end
2016-09-18T08:43:20.527709Z 0 [Note] Shutting down plugin 'ngram'
2016-09-18T08:43:20.527729Z 0 [Note] Shutting down plugin 'ARCHIVE'
2016-09-18T08:43:20.527732Z 0 [Note] Shutting down plugin 'partition'
2016-09-18T08:43:20.527734Z 0 [Note] Shutting down plugin 'BLACKHOLE'
2016-09-18T08:43:20.527737Z 0 [Note] Shutting down plugin 'INNODB_SYS_VIRTUAL'
2016-09-18T08:43:20.527739Z 0 [Note] Shutting down plugin 'INNODB_SYS_DATAFILES'
2016-09-18T08:43:20.527741Z 0 [Note] Shutting down plugin 'INNODB_SYS_TABLESPACES'
2016-09-18T08:43:20.527743Z 0 [Note] Shutting down plugin 'INNODB_SYS_FOREIGN_COLS'
2016-09-18T08:43:20.527745Z 0 [Note] Shutting down plugin 'INNODB_SYS_FOREIGN'
2016-09-18T08:43:20.527747Z 0 [Note] Shutting down plugin 'INNODB_SYS_FIELDS'
2016-09-18T08:43:20.527749Z 0 [Note] Shutting down plugin 'INNODB_SYS_COLUMNS'
2016-09-18T08:43:20.527751Z 0 [Note] Shutting down plugin 'INNODB_SYS_INDEXES'
2016-09-18T08:43:20.527753Z 0 [Note] Shutting down plugin 'INNODB_SYS_TABLESTATS'
2016-09-18T08:43:20.527755Z 0 [Note] Shutting down plugin 'INNODB_SYS_TABLES'
2016-09-18T08:43:20.527767Z 0 [Note] Shutting down plugin 'INNODB_FT_INDEX_TABLE'
2016-09-18T08:43:20.527769Z 0 [Note] Shutting down plugin 'INNODB_FT_INDEX_CACHE'
2016-09-18T08:43:20.527771Z 0 [Note] Shutting down plugin 'INNODB_FT_CONFIG'
2016-09-18T08:43:20.527773Z 0 [Note] Shutting down plugin 'INNODB_FT_BEING_DELETED'
2016-09-18T08:43:20.527775Z 0 [Note] Shutting down plugin 'INNODB_FT_DELETED'
2016-09-18T08:43:20.527777Z 0 [Note] Shutting down plugin 'INNODB_FT_DEFAULT_STOPWORD'
2016-09-18T08:43:20.527779Z 0 [Note] Shutting down plugin 'INNODB_METRICS'
2016-09-18T08:43:20.527781Z 0 [Note] Shutting down plugin 'INNODB_TEMP_TABLE_INFO'
2016-09-18T08:43:20.527782Z 0 [Note] Shutting down plugin 'INNODB_BUFFER_POOL_STATS'
2016-09-18T08:43:20.527784Z 0 [Note] Shutting down plugin 'INNODB_BUFFER_PAGE_LRU'
2016-09-18T08:43:20.527786Z 0 [Note] Shutting down plugin 'INNODB_BUFFER_PAGE'
2016-09-18T08:43:20.527788Z 0 [Note] Shutting down plugin 'INNODB_CMP_PER_INDEX_RESET'
2016-09-18T08:43:20.527790Z 0 [Note] Shutting down plugin 'INNODB_CMP_PER_INDEX'
2016-09-18T08:43:20.527791Z 0 [Note] Shutting down plugin 'INNODB_CMPMEM_RESET'
2016-09-18T08:43:20.527793Z 0 [Note] Shutting down plugin 'INNODB_CMPMEM'
2016-09-18T08:43:20.527795Z 0 [Note] Shutting down plugin 'INNODB_CMP_RESET'
2016-09-18T08:43:20.527797Z 0 [Note] Shutting down plugin 'INNODB_CMP'
2016-09-18T08:43:20.527798Z 0 [Note] Shutting down plugin 'INNODB_LOCK_WAITS'
2016-09-18T08:43:20.527800Z 0 [Note] Shutting down plugin 'INNODB_LOCKS'
2016-09-18T08:43:20.527802Z 0 [Note] Shutting down plugin 'INNODB_TRX'
2016-09-18T08:43:20.527804Z 0 [Note] Shutting down plugin 'InnoDB'
2016-09-18T08:43:20.527891Z 0 [Note] InnoDB: FTS optimize thread exiting.
2016-09-18T08:43:20.527977Z 0 [Note] InnoDB: Starting shutdown...
2016-09-18T08:43:20.628108Z 0 [Note] InnoDB: Dumping buffer pool(s) to /var/lib/mysql/ib_buffer_pool
2016-09-18T08:43:20.628331Z 0 [Note] InnoDB: Buffer pool(s) dump completed at 160918 17:43:20
2016-09-18T08:43:21.831718Z 0 [Note] InnoDB: Shutdown completed; log sequence number 94710493
2016-09-18T08:43:21.831794Z 0 [Note] InnoDB: Removed temporary tablespace data file: "ibtmp1"
2016-09-18T08:43:21.831814Z 0 [Note] Shutting down plugin 'MEMORY'
2016-09-18T08:43:21.831819Z 0 [Note] Shutting down plugin 'PERFORMANCE_SCHEMA'
2016-09-18T08:43:21.831875Z 0 [Note] Shutting down plugin 'MRG_MYISAM'
2016-09-18T08:43:21.831887Z 0 [Note] Shutting down plugin 'MyISAM'
2016-09-18T08:43:21.831893Z 0 [Note] Shutting down plugin 'CSV'
2016-09-18T08:43:21.831896Z 0 [Note] Shutting down plugin 'sha256_password'
2016-09-18T08:43:21.831899Z 0 [Note] Shutting down plugin 'mysql_native_password'
2016-09-18T08:43:21.832078Z 0 [Note] Shutting down plugin 'binlog'
2016-09-18T08:43:21.832739Z 0 [Note] /usr/sbin/mysqld: Shutdown complete

