I, [2016-09-18T17:26:39.828492 #39156]  INFO -- : Refreshing Gem list
I, [2016-09-18T17:26:39.882810 #39156]  INFO -- : unlinking existing socket=/tmp/isuda-unicorn.sock
I, [2016-09-18T17:26:39.882959 #39156]  INFO -- : listening on addr=/tmp/isuda-unicorn.sock fd=7
I, [2016-09-18T17:26:39.883151 #39156]  INFO -- : listening on addr=0.0.0.0:5000 fd=8
I, [2016-09-18T17:26:39.883223 #39156]  INFO -- : worker=0 spawning...
I, [2016-09-18T17:26:39.884090 #39156]  INFO -- : worker=1 spawning...
I, [2016-09-18T17:26:39.884616 #39165]  INFO -- : worker=0 spawned pid=39165
I, [2016-09-18T17:26:39.884712 #39156]  INFO -- : worker=2 spawning...
I, [2016-09-18T17:26:39.884743 #39165]  INFO -- : worker=0 ready
I, [2016-09-18T17:26:39.885306 #39168]  INFO -- : worker=1 spawned pid=39168
I, [2016-09-18T17:26:39.885426 #39168]  INFO -- : worker=1 ready
I, [2016-09-18T17:26:39.885999 #39156]  INFO -- : worker=3 spawning...
I, [2016-09-18T17:26:39.886426 #39171]  INFO -- : worker=2 spawned pid=39171
I, [2016-09-18T17:26:39.886560 #39171]  INFO -- : worker=2 ready
I, [2016-09-18T17:26:39.886737 #39156]  INFO -- : worker=4 spawning...
I, [2016-09-18T17:26:39.887100 #39174]  INFO -- : worker=3 spawned pid=39174
I, [2016-09-18T17:26:39.887209 #39174]  INFO -- : worker=3 ready
I, [2016-09-18T17:26:39.887794 #39156]  INFO -- : master process ready
I, [2016-09-18T17:26:39.888139 #39177]  INFO -- : worker=4 spawned pid=39177
I, [2016-09-18T17:26:39.888251 #39177]  INFO -- : worker=4 ready
I, [2016-09-18T17:28:52.183238 #39156]  INFO -- : reaped #<Process::Status: pid 39165 exit 0> worker=0
I, [2016-09-18T17:28:52.183359 #39156]  INFO -- : reaped #<Process::Status: pid 39168 exit 0> worker=1
I, [2016-09-18T17:28:52.183390 #39156]  INFO -- : reaped #<Process::Status: pid 39171 exit 0> worker=2
I, [2016-09-18T17:28:52.183416 #39156]  INFO -- : reaped #<Process::Status: pid 39174 exit 0> worker=3
I, [2016-09-18T17:28:52.183440 #39156]  INFO -- : reaped #<Process::Status: pid 39177 exit 0> worker=4
I, [2016-09-18T17:28:52.183492 #39156]  INFO -- : master complete
I, [2016-09-18T17:28:52.475353 #39213]  INFO -- : Refreshing Gem list
I, [2016-09-18T17:28:52.533270 #39213]  INFO -- : unlinking existing socket=/tmp/isuda-unicorn.sock
I, [2016-09-18T17:28:52.533397 #39213]  INFO -- : listening on addr=/tmp/isuda-unicorn.sock fd=7
I, [2016-09-18T17:28:52.533594 #39213]  INFO -- : listening on addr=0.0.0.0:5000 fd=8
I, [2016-09-18T17:28:52.533914 #39213]  INFO -- : worker=0 spawning...
I, [2016-09-18T17:28:52.535105 #39213]  INFO -- : worker=1 spawning...
I, [2016-09-18T17:28:52.535631 #39213]  INFO -- : worker=2 spawning...
I, [2016-09-18T17:28:52.535606 #39217]  INFO -- : worker=0 spawned pid=39217
I, [2016-09-18T17:28:52.535717 #39217]  INFO -- : worker=0 ready
I, [2016-09-18T17:28:52.536387 #39213]  INFO -- : worker=3 spawning...
I, [2016-09-18T17:28:52.536683 #39220]  INFO -- : worker=1 spawned pid=39220
I, [2016-09-18T17:28:52.536783 #39220]  INFO -- : worker=1 ready
I, [2016-09-18T17:28:52.536765 #39223]  INFO -- : worker=2 spawned pid=39223
I, [2016-09-18T17:28:52.536870 #39223]  INFO -- : worker=2 ready
I, [2016-09-18T17:28:52.537493 #39213]  INFO -- : worker=4 spawning...
I, [2016-09-18T17:28:52.537870 #39226]  INFO -- : worker=3 spawned pid=39226
I, [2016-09-18T17:28:52.537979 #39226]  INFO -- : worker=3 ready
I, [2016-09-18T17:28:52.538015 #39213]  INFO -- : master process ready
I, [2016-09-18T17:28:52.538591 #39229]  INFO -- : worker=4 spawned pid=39229
I, [2016-09-18T17:28:52.538694 #39229]  INFO -- : worker=4 ready
I, [2016-09-18T17:34:50.479690 #39213]  INFO -- : reaped #<Process::Status: pid 39217 exit 0> worker=0
I, [2016-09-18T17:34:50.479779 #39213]  INFO -- : reaped #<Process::Status: pid 39220 exit 0> worker=1
I, [2016-09-18T17:34:50.479816 #39213]  INFO -- : reaped #<Process::Status: pid 39223 exit 0> worker=2
I, [2016-09-18T17:34:50.479874 #39213]  INFO -- : reaped #<Process::Status: pid 39226 exit 0> worker=3
I, [2016-09-18T17:34:50.479903 #39213]  INFO -- : reaped #<Process::Status: pid 39229 exit 0> worker=4
I, [2016-09-18T17:34:50.479955 #39213]  INFO -- : master complete
I, [2016-09-18T17:34:50.777450 #39314]  INFO -- : Refreshing Gem list
I, [2016-09-18T17:34:50.840648 #39314]  INFO -- : unlinking existing socket=/tmp/isuda-unicorn.sock
I, [2016-09-18T17:34:50.840790 #39314]  INFO -- : listening on addr=/tmp/isuda-unicorn.sock fd=9
I, [2016-09-18T17:34:50.840994 #39314]  INFO -- : listening on addr=0.0.0.0:5000 fd=10
I, [2016-09-18T17:34:50.841069 #39314]  INFO -- : worker=0 spawning...
I, [2016-09-18T17:34:50.841922 #39314]  INFO -- : worker=1 spawning...
I, [2016-09-18T17:34:50.842431 #39317]  INFO -- : worker=0 spawned pid=39317
I, [2016-09-18T17:34:50.842587 #39317]  INFO -- : worker=0 ready
I, [2016-09-18T17:34:50.842728 #39314]  INFO -- : worker=2 spawning...
I, [2016-09-18T17:34:50.843225 #39320]  INFO -- : worker=1 spawned pid=39320
I, [2016-09-18T17:34:50.843335 #39320]  INFO -- : worker=1 ready
I, [2016-09-18T17:34:50.843964 #39314]  INFO -- : worker=3 spawning...
I, [2016-09-18T17:34:50.844431 #39323]  INFO -- : worker=2 spawned pid=39323
I, [2016-09-18T17:34:50.844464 #39314]  INFO -- : worker=4 spawning...
I, [2016-09-18T17:34:50.844592 #39323]  INFO -- : worker=2 ready
I, [2016-09-18T17:34:50.845252 #39314]  INFO -- : master process ready
I, [2016-09-18T17:34:50.845675 #39329]  INFO -- : worker=4 spawned pid=39329
I, [2016-09-18T17:34:50.845730 #39326]  INFO -- : worker=3 spawned pid=39326
I, [2016-09-18T17:34:50.845788 #39329]  INFO -- : worker=4 ready
I, [2016-09-18T17:34:50.845837 #39326]  INFO -- : worker=3 ready
2016-09-18 17:35:01 - NoMethodError - undefined method `join' for nil:NilClass
Did you mean?  JSON:
	/home/isucon/webapp/ruby/lib/isuda/web.rb:172:in `init_keyword_pattern'
	/home/isucon/webapp/ruby/lib/isuda/web.rb:181:in `block in <class:Web>'
	/home/isucon/.local/ruby/lib/ruby/gems/2.3.0/gems/sinatra-1.4.7/lib/sinatra/base.rb:1611:in `call'
	/home/isucon/.local/ruby/lib/ruby/gems/2.3.0/gems/sinatra-1.4.7/lib/sinatra/base.rb:1611:in `block in compile!'
	/home/isucon/.local/ruby/lib/ruby/gems/2.3.0/gems/sinatra-1.4.7/lib/sinatra/base.rb:975:in `block (3 levels) in route!'
	/home/isucon/.local/ruby/lib/ruby/gems/2.3.0/gems/sinatra-1.4.7/lib/sinatra/base.rb:994:in `route_eval'
	/home/isucon/.local/ruby/lib/ruby/gems/2.3.0/gems/sinatra-1.4.7/lib/sinatra/base.rb:975:in `block (2 levels) in route!'
	/home/isucon/.local/ruby/lib/ruby/gems/2.3.0/gems/sinatra-1.4.7/lib/sinatra/base.rb:1015:in `block in process_route'
	/home/isucon/.local/ruby/lib/ruby/gems/2.3.0/gems/sinatra-1.4.7/lib/sinatra/base.rb:1013:in `catch'
	/home/isucon/.local/ruby/lib/ruby/gems/2.3.0/gems/sinatra-1.4.7/lib/sinatra/base.rb:1013:in `process_route'
	/home/isucon/.local/ruby/lib/ruby/gems/2.3.0/gems/sinatra-1.4.7/lib/sinatra/base.rb:973:in `block in route!'
	/home/isucon/.local/ruby/lib/ruby/gems/2.3.0/gems/sinatra-1.4.7/lib/sinatra/base.rb:972:in `each'
	/home/isucon/.local/ruby/lib/ruby/gems/2.3.0/gems/sinatra-1.4.7/lib/sinatra/base.rb:972:in `route!'
	/home/isucon/.local/ruby/lib/ruby/gems/2.3.0/gems/sinatra-1.4.7/lib/sinatra/base.rb:1085:in `block in dispatch!'
	/home/isucon/.local/ruby/lib/ruby/gems/2.3.0/gems/sinatra-1.4.7/lib/sinatra/base.rb:1067:in `block in invoke'
	/home/isucon/.local/ruby/lib/ruby/gems/2.3.0/gems/sinatra-1.4.7/lib/sinatra/base.rb:1067:in `catch'
	/home/isucon/.local/ruby/lib/ruby/gems/2.3.0/gems/sinatra-1.4.7/lib/sinatra/base.rb:1067:in `invoke'
	/home/isucon/.local/ruby/lib/ruby/gems/2.3.0/gems/sinatra-1.4.7/lib/sinatra/base.rb:1082:in `dispatch!'
	/home/isucon/.local/ruby/lib/ruby/gems/2.3.0/gems/sinatra-1.4.7/lib/sinatra/base.rb:907:in `block in call!'
	/home/isucon/.local/ruby/lib/ruby/gems/2.3.0/gems/sinatra-1.4.7/lib/sinatra/base.rb:1067:in `block in invoke'
	/home/isucon/.local/ruby/lib/ruby/gems/2.3.0/gems/sinatra-1.4.7/lib/sinatra/base.rb:1067:in `catch'
	/home/isucon/.local/ruby/lib/ruby/gems/2.3.0/gems/sinatra-1.4.7/lib/sinatra/base.rb:1067:in `invoke'
	/home/isucon/.local/ruby/lib/ruby/gems/2.3.0/gems/sinatra-1.4.7/lib/sinatra/base.rb:907:in `call!'
	/home/isucon/.local/ruby/lib/ruby/gems/2.3.0/gems/sinatra-1.4.7/lib/sinatra/base.rb:895:in `call'
	/home/isucon/.local/ruby/lib/ruby/gems/2.3.0/gems/rack-protection-1.5.3/lib/rack/protection/xss_header.rb:18:in `call'
	/home/isucon/.local/ruby/lib/ruby/gems/2.3.0/gems/rack-protection-1.5.3/lib/rack/protection/base.rb:49:in `call'
	/home/isucon/.local/ruby/lib/ruby/gems/2.3.0/gems/rack-protection-1.5.3/lib/rack/protection/base.rb:49:in `call'
	/home/isucon/.local/ruby/lib/ruby/gems/2.3.0/gems/rack-protection-1.5.3/lib/rack/protection/path_traversal.rb:16:in `call'
	/home/isucon/.local/ruby/lib/ruby/gems/2.3.0/gems/rack-protection-1.5.3/lib/rack/protection/json_csrf.rb:18:in `call'
	/home/isucon/.local/ruby/lib/ruby/gems/2.3.0/gems/rack-protection-1.5.3/lib/rack/protection/base.rb:49:in `call'
	/home/isucon/.local/ruby/lib/ruby/gems/2.3.0/gems/rack-protection-1.5.3/lib/rack/protection/base.rb:49:in `call'
	/home/isucon/.local/ruby/lib/ruby/gems/2.3.0/gems/rack-protection-1.5.3/lib/rack/protection/frame_options.rb:31:in `call'
	/home/isucon/.local/ruby/lib/ruby/gems/2.3.0/gems/rack-1.6.4/lib/rack/session/abstract/id.rb:225:in `context'
	/home/isucon/.local/ruby/lib/ruby/gems/2.3.0/gems/rack-1.6.4/lib/rack/session/abstract/id.rb:220:in `call'
	/home/isucon/.local/ruby/lib/ruby/gems/2.3.0/gems/rack-1.6.4/lib/rack/nulllogger.rb:9:in `call'
	/home/isucon/.local/ruby/lib/ruby/gems/2.3.0/gems/rack-1.6.4/lib/rack/head.rb:13:in `call'
	/home/isucon/.local/ruby/lib/ruby/gems/2.3.0/gems/sinatra-1.4.7/lib/sinatra/base.rb:182:in `call'
	/home/isucon/.local/ruby/lib/ruby/gems/2.3.0/gems/sinatra-1.4.7/lib/sinatra/base.rb:2013:in `call'
	/home/isucon/.local/ruby/lib/ruby/gems/2.3.0/gems/sinatra-1.4.7/lib/sinatra/base.rb:1487:in `block in call'
	/home/isucon/.local/ruby/lib/ruby/gems/2.3.0/gems/sinatra-1.4.7/lib/sinatra/base.rb:1787:in `synchronize'
	/home/isucon/.local/ruby/lib/ruby/gems/2.3.0/gems/sinatra-1.4.7/lib/sinatra/base.rb:1487:in `call'
	/home/isucon/.local/ruby/lib/ruby/gems/2.3.0/gems/unicorn-5.1.0/lib/unicorn/http_server.rb:562:in `process_client'
	/home/isucon/.local/ruby/lib/ruby/gems/2.3.0/gems/unicorn-5.1.0/lib/unicorn/http_server.rb:658:in `worker_loop'
	/home/isucon/.local/ruby/lib/ruby/gems/2.3.0/gems/unicorn-5.1.0/lib/unicorn/http_server.rb:508:in `spawn_missing_workers'
	/home/isucon/.local/ruby/lib/ruby/gems/2.3.0/gems/unicorn-5.1.0/lib/unicorn/http_server.rb:132:in `start'
	/home/isucon/.local/ruby/lib/ruby/gems/2.3.0/gems/unicorn-5.1.0/bin/unicorn:126:in `<top (required)>'
	/home/isucon/webapp/ruby/vendor/bundle/ruby/2.3.0/bin/unicorn:23:in `load'
	/home/isucon/webapp/ruby/vendor/bundle/ruby/2.3.0/bin/unicorn:23:in `<top (required)>'
	/home/isucon/.local/ruby/lib/ruby/gems/2.3.0/gems/bundler-1.13.1/lib/bundler/cli/exec.rb:74:in `load'
	/home/isucon/.local/ruby/lib/ruby/gems/2.3.0/gems/bundler-1.13.1/lib/bundler/cli/exec.rb:74:in `kernel_load'
	/home/isucon/.local/ruby/lib/ruby/gems/2.3.0/gems/bundler-1.13.1/lib/bundler/cli/exec.rb:27:in `run'
	/home/isucon/.local/ruby/lib/ruby/gems/2.3.0/gems/bundler-1.13.1/lib/bundler/cli.rb:332:in `exec'
	/home/isucon/.local/ruby/lib/ruby/gems/2.3.0/gems/bundler-1.13.1/lib/bundler/vendor/thor/lib/thor/command.rb:27:in `run'
	/home/isucon/.local/ruby/lib/ruby/gems/2.3.0/gems/bundler-1.13.1/lib/bundler/vendor/thor/lib/thor/invocation.rb:126:in `invoke_command'
	/home/isucon/.local/ruby/lib/ruby/gems/2.3.0/gems/bundler-1.13.1/lib/bundler/vendor/thor/lib/thor.rb:359:in `dispatch'
	/home/isucon/.local/ruby/lib/ruby/gems/2.3.0/gems/bundler-1.13.1/lib/bundler/cli.rb:20:in `dispatch'
	/home/isucon/.local/ruby/lib/ruby/gems/2.3.0/gems/bundler-1.13.1/lib/bundler/vendor/thor/lib/thor/base.rb:440:in `start'
	/home/isucon/.local/ruby/lib/ruby/gems/2.3.0/gems/bundler-1.13.1/lib/bundler/cli.rb:11:in `start'
	/home/isucon/.local/ruby/lib/ruby/gems/2.3.0/gems/bundler-1.13.1/exe/bundle:34:in `block in <top (required)>'
	/home/isucon/.local/ruby/lib/ruby/gems/2.3.0/gems/bundler-1.13.1/lib/bundler/friendly_errors.rb:100:in `with_friendly_errors'
	/home/isucon/.local/ruby/lib/ruby/gems/2.3.0/gems/bundler-1.13.1/exe/bundle:26:in `<top (required)>'
	/home/isucon/.local/ruby/bin/bundle:23:in `load'
	/home/isucon/.local/ruby/bin/bundle:23:in `<main>'
2016-09-18 17:35:02 - NoMethodError - undefined method `join' for nil:NilClass
Did you mean?  JSON:
	/home/isucon/webapp/ruby/lib/isuda/web.rb:172:in `init_keyword_pattern'
	/home/isucon/webapp/ruby/lib/isuda/web.rb:276:in `block in <class:Web>'
	/home/isucon/.local/ruby/lib/ruby/gems/2.3.0/gems/sinatra-1.4.7/lib/sinatra/base.rb:1611:in `call'
	/home/isucon/.local/ruby/lib/ruby/gems/2.3.0/gems/sinatra-1.4.7/lib/sinatra/base.rb:1611:in `block in compile!'
	/home/isucon/.local/ruby/lib/ruby/gems/2.3.0/gems/sinatra-1.4.7/lib/sinatra/base.rb:975:in `block (3 levels) in route!'
	/home/isucon/.local/ruby/lib/ruby/gems/2.3.0/gems/sinatra-1.4.7/lib/sinatra/base.rb:994:in `route_eval'
	/home/isucon/.local/ruby/lib/ruby/gems/2.3.0/gems/sinatra-1.4.7/lib/sinatra/base.rb:975:in `block (2 levels) in route!'
	/home/isucon/.local/ruby/lib/ruby/gems/2.3.0/gems/sinatra-1.4.7/lib/sinatra/base.rb:1015:in `block in process_route'
	/home/isucon/.local/ruby/lib/ruby/gems/2.3.0/gems/sinatra-1.4.7/lib/sinatra/base.rb:1013:in `catch'
	/home/isucon/.local/ruby/lib/ruby/gems/2.3.0/gems/sinatra-1.4.7/lib/sinatra/base.rb:1013:in `process_route'
	/home/isucon/.local/ruby/lib/ruby/gems/2.3.0/gems/sinatra-1.4.7/lib/sinatra/base.rb:973:in `block in route!'
	/home/isucon/.local/ruby/lib/ruby/gems/2.3.0/gems/sinatra-1.4.7/lib/sinatra/base.rb:972:in `each'
	/home/isucon/.local/ruby/lib/ruby/gems/2.3.0/gems/sinatra-1.4.7/lib/sinatra/base.rb:972:in `route!'
	/home/isucon/.local/ruby/lib/ruby/gems/2.3.0/gems/sinatra-1.4.7/lib/sinatra/base.rb:1085:in `block in dispatch!'
	/home/isucon/.local/ruby/lib/ruby/gems/2.3.0/gems/sinatra-1.4.7/lib/sinatra/base.rb:1067:in `block in invoke'
	/home/isucon/.local/ruby/lib/ruby/gems/2.3.0/gems/sinatra-1.4.7/lib/sinatra/base.rb:1067:in `catch'
	/home/isucon/.local/ruby/lib/ruby/gems/2.3.0/gems/sinatra-1.4.7/lib/sinatra/base.rb:1067:in `invoke'
	/home/isucon/.local/ruby/lib/ruby/gems/2.3.0/gems/sinatra-1.4.7/lib/sinatra/base.rb:1082:in `dispatch!'
	/home/isucon/.local/ruby/lib/ruby/gems/2.3.0/gems/sinatra-1.4.7/lib/sinatra/base.rb:907:in `block in call!'
	/home/isucon/.local/ruby/lib/ruby/gems/2.3.0/gems/sinatra-1.4.7/lib/sinatra/base.rb:1067:in `block in invoke'
	/home/isucon/.local/ruby/lib/ruby/gems/2.3.0/gems/sinatra-1.4.7/lib/sinatra/base.rb:1067:in `catch'
	/home/isucon/.local/ruby/lib/ruby/gems/2.3.0/gems/sinatra-1.4.7/lib/sinatra/base.rb:1067:in `invoke'
	/home/isucon/.local/ruby/lib/ruby/gems/2.3.0/gems/sinatra-1.4.7/lib/sinatra/base.rb:907:in `call!'
	/home/isucon/.local/ruby/lib/ruby/gems/2.3.0/gems/sinatra-1.4.7/lib/sinatra/base.rb:895:in `call'
	/home/isucon/.local/ruby/lib/ruby/gems/2.3.0/gems/rack-protection-1.5.3/lib/rack/protection/xss_header.rb:18:in `call'
	/home/isucon/.local/ruby/lib/ruby/gems/2.3.0/gems/rack-protection-1.5.3/lib/rack/protection/base.rb:49:in `call'
	/home/isucon/.local/ruby/lib/ruby/gems/2.3.0/gems/rack-protection-1.5.3/lib/rack/protection/base.rb:49:in `call'
	/home/isucon/.local/ruby/lib/ruby/gems/2.3.0/gems/rack-protection-1.5.3/lib/rack/protection/path_traversal.rb:16:in `call'
	/home/isucon/.local/ruby/lib/ruby/gems/2.3.0/gems/rack-protection-1.5.3/lib/rack/protection/json_csrf.rb:18:in `call'
	/home/isucon/.local/ruby/lib/ruby/gems/2.3.0/gems/rack-protection-1.5.3/lib/rack/protection/base.rb:49:in `call'
	/home/isucon/.local/ruby/lib/ruby/gems/2.3.0/gems/rack-protection-1.5.3/lib/rack/protection/base.rb:49:in `call'
	/home/isucon/.local/ruby/lib/ruby/gems/2.3.0/gems/rack-protection-1.5.3/lib/rack/protection/frame_options.rb:31:in `call'
	/home/isucon/.local/ruby/lib/ruby/gems/2.3.0/gems/rack-1.6.4/lib/rack/session/abstract/id.rb:225:in `context'
	/home/isucon/.local/ruby/lib/ruby/gems/2.3.0/gems/rack-1.6.4/lib/rack/session/abstract/id.rb:220:in `call'
	/home/isucon/.local/ruby/lib/ruby/gems/2.3.0/gems/rack-1.6.4/lib/rack/nulllogger.rb:9:in `call'
	/home/isucon/.local/ruby/lib/ruby/gems/2.3.0/gems/rack-1.6.4/lib/rack/head.rb:13:in `call'
	/home/isucon/.local/ruby/lib/ruby/gems/2.3.0/gems/sinatra-1.4.7/lib/sinatra/base.rb:182:in `call'
	/home/isucon/.local/ruby/lib/ruby/gems/2.3.0/gems/sinatra-1.4.7/lib/sinatra/base.rb:2013:in `call'
	/home/isucon/.local/ruby/lib/ruby/gems/2.3.0/gems/sinatra-1.4.7/lib/sinatra/base.rb:1487:in `block in call'
	/home/isucon/.local/ruby/lib/ruby/gems/2.3.0/gems/sinatra-1.4.7/lib/sinatra/base.rb:1787:in `synchronize'
	/home/isucon/.local/ruby/lib/ruby/gems/2.3.0/gems/sinatra-1.4.7/lib/sinatra/base.rb:1487:in `call'
	/home/isucon/.local/ruby/lib/ruby/gems/2.3.0/gems/unicorn-5.1.0/lib/unicorn/http_server.rb:562:in `process_client'
	/home/isucon/.local/ruby/lib/ruby/gems/2.3.0/gems/unicorn-5.1.0/lib/unicorn/http_server.rb:658:in `worker_loop'
	/home/isucon/.local/ruby/lib/ruby/gems/2.3.0/gems/unicorn-5.1.0/lib/unicorn/http_server.rb:508:in `spawn_missing_workers'
	/home/isucon/.local/ruby/lib/ruby/gems/2.3.0/gems/unicorn-5.1.0/lib/unicorn/http_server.rb:132:in `start'
	/home/isucon/.local/ruby/lib/ruby/gems/2.3.0/gems/unicorn-5.1.0/bin/unicorn:126:in `<top (required)>'
	/home/isucon/webapp/ruby/vendor/bundle/ruby/2.3.0/bin/unicorn:23:in `load'
	/home/isucon/webapp/ruby/vendor/bundle/ruby/2.3.0/bin/unicorn:23:in `<top (required)>'
	/home/isucon/.local/ruby/lib/ruby/gems/2.3.0/gems/bundler-1.13.1/lib/bundler/cli/exec.rb:74:in `load'
	/home/isucon/.local/ruby/lib/ruby/gems/2.3.0/gems/bundler-1.13.1/lib/bundler/cli/exec.rb:74:in `kernel_load'
	/home/isucon/.local/ruby/lib/ruby/gems/2.3.0/gems/bundler-1.13.1/lib/bundler/cli/exec.rb:27:in `run'
	/home/isucon/.local/ruby/lib/ruby/gems/2.3.0/gems/bundler-1.13.1/lib/bundler/cli.rb:332:in `exec'
	/home/isucon/.local/ruby/lib/ruby/gems/2.3.0/gems/bundler-1.13.1/lib/bundler/vendor/thor/lib/thor/command.rb:27:in `run'
	/home/isucon/.local/ruby/lib/ruby/gems/2.3.0/gems/bundler-1.13.1/lib/bundler/vendor/thor/lib/thor/invocation.rb:126:in `invoke_command'
	/home/isucon/.local/ruby/lib/ruby/gems/2.3.0/gems/bundler-1.13.1/lib/bundler/vendor/thor/lib/thor.rb:359:in `dispatch'
	/home/isucon/.local/ruby/lib/ruby/gems/2.3.0/gems/bundler-1.13.1/lib/bundler/cli.rb:20:in `dispatch'
	/home/isucon/.local/ruby/lib/ruby/gems/2.3.0/gems/bundler-1.13.1/lib/bundler/vendor/thor/lib/thor/base.rb:440:in `start'
	/home/isucon/.local/ruby/lib/ruby/gems/2.3.0/gems/bundler-1.13.1/lib/bundler/cli.rb:11:in `start'
	/home/isucon/.local/ruby/lib/ruby/gems/2.3.0/gems/bundler-1.13.1/exe/bundle:34:in `block in <top (required)>'
	/home/isucon/.local/ruby/lib/ruby/gems/2.3.0/gems/bundler-1.13.1/lib/bundler/friendly_errors.rb:100:in `with_friendly_errors'
	/home/isucon/.local/ruby/lib/ruby/gems/2.3.0/gems/bundler-1.13.1/exe/bundle:26:in `<top (required)>'
	/home/isucon/.local/ruby/bin/bundle:23:in `load'
	/home/isucon/.local/ruby/bin/bundle:23:in `<main>'
2016-09-18 17:35:02 - NoMethodError - undefined method `join' for nil:NilClass
Did you mean?  JSON:
	/home/isucon/webapp/ruby/lib/isuda/web.rb:172:in `init_keyword_pattern'
	/home/isucon/webapp/ruby/lib/isuda/web.rb:276:in `block in <class:Web>'
	/home/isucon/.local/ruby/lib/ruby/gems/2.3.0/gems/sinatra-1.4.7/lib/sinatra/base.rb:1611:in `call'
	/home/isucon/.local/ruby/lib/ruby/gems/2.3.0/gems/sinatra-1.4.7/lib/sinatra/base.rb:1611:in `block in compile!'
	/home/isucon/.local/ruby/lib/ruby/gems/2.3.0/gems/sinatra-1.4.7/lib/sinatra/base.rb:975:in `block (3 levels) in route!'
	/home/isucon/.local/ruby/lib/ruby/gems/2.3.0/gems/sinatra-1.4.7/lib/sinatra/base.rb:994:in `route_eval'
	/home/isucon/.local/ruby/lib/ruby/gems/2.3.0/gems/sinatra-1.4.7/lib/sinatra/base.rb:975:in `block (2 levels) in route!'
	/home/isucon/.local/ruby/lib/ruby/gems/2.3.0/gems/sinatra-1.4.7/lib/sinatra/base.rb:1015:in `block in process_route'
	/home/isucon/.local/ruby/lib/ruby/gems/2.3.0/gems/sinatra-1.4.7/lib/sinatra/base.rb:1013:in `catch'
	/home/isucon/.local/ruby/lib/ruby/gems/2.3.0/gems/sinatra-1.4.7/lib/sinatra/base.rb:1013:in `process_route'
	/home/isucon/.local/ruby/lib/ruby/gems/2.3.0/gems/sinatra-1.4.7/lib/sinatra/base.rb:973:in `block in route!'
	/home/isucon/.local/ruby/lib/ruby/gems/2.3.0/gems/sinatra-1.4.7/lib/sinatra/base.rb:972:in `each'
	/home/isucon/.local/ruby/lib/ruby/gems/2.3.0/gems/sinatra-1.4.7/lib/sinatra/base.rb:972:in `route!'
	/home/isucon/.local/ruby/lib/ruby/gems/2.3.0/gems/sinatra-1.4.7/lib/sinatra/base.rb:1085:in `block in dispatch!'
	/home/isucon/.local/ruby/lib/ruby/gems/2.3.0/gems/sinatra-1.4.7/lib/sinatra/base.rb:1067:in `block in invoke'
	/home/isucon/.local/ruby/lib/ruby/gems/2.3.0/gems/sinatra-1.4.7/lib/sinatra/base.rb:1067:in `catch'
	/home/isucon/.local/ruby/lib/ruby/gems/2.3.0/gems/sinatra-1.4.7/lib/sinatra/base.rb:1067:in `invoke'
	/home/isucon/.local/ruby/lib/ruby/gems/2.3.0/gems/sinatra-1.4.7/lib/sinatra/base.rb:1082:in `dispatch!'
	/home/isucon/.local/ruby/lib/ruby/gems/2.3.0/gems/sinatra-1.4.7/lib/sinatra/base.rb:907:in `block in call!'
	/home/isucon/.local/ruby/lib/ruby/gems/2.3.0/gems/sinatra-1.4.7/lib/sinatra/base.rb:1067:in `block in invoke'
	/home/isucon/.local/ruby/lib/ruby/gems/2.3.0/gems/sinatra-1.4.7/lib/sinatra/base.rb:1067:in `catch'
	/home/isucon/.local/ruby/lib/ruby/gems/2.3.0/gems/sinatra-1.4.7/lib/sinatra/base.rb:1067:in `invoke'
	/home/isucon/.local/ruby/lib/ruby/gems/2.3.0/gems/sinatra-1.4.7/lib/sinatra/base.rb:907:in `call!'
	/home/isucon/.local/ruby/lib/ruby/gems/2.3.0/gems/sinatra-1.4.7/lib/sinatra/base.rb:895:in `call'
	/home/isucon/.local/ruby/lib/ruby/gems/2.3.0/gems/rack-protection-1.5.3/lib/rack/protection/xss_header.rb:18:in `call'
	/home/isucon/.local/ruby/lib/ruby/gems/2.3.0/gems/rack-protection-1.5.3/lib/rack/protection/base.rb:49:in `call'
	/home/isucon/.local/ruby/lib/ruby/gems/2.3.0/gems/rack-protection-1.5.3/lib/rack/protection/base.rb:49:in `call'
	/home/isucon/.local/ruby/lib/ruby/gems/2.3.0/gems/rack-protection-1.5.3/lib/rack/protection/path_traversal.rb:16:in `call'
	/home/isucon/.local/ruby/lib/ruby/gems/2.3.0/gems/rack-protection-1.5.3/lib/rack/protection/json_csrf.rb:18:in `call'
	/home/isucon/.local/ruby/lib/ruby/gems/2.3.0/gems/rack-protection-1.5.3/lib/rack/protection/base.rb:49:in `call'
	/home/isucon/.local/ruby/lib/ruby/gems/2.3.0/gems/rack-protection-1.5.3/lib/rack/protection/base.rb:49:in `call'
	/home/isucon/.local/ruby/lib/ruby/gems/2.3.0/gems/rack-protection-1.5.3/lib/rack/protection/frame_options.rb:31:in `call'
	/home/isucon/.local/ruby/lib/ruby/gems/2.3.0/gems/rack-1.6.4/lib/rack/session/abstract/id.rb:225:in `context'
	/home/isucon/.local/ruby/lib/ruby/gems/2.3.0/gems/rack-1.6.4/lib/rack/session/abstract/id.rb:220:in `call'
	/home/isucon/.local/ruby/lib/ruby/gems/2.3.0/gems/rack-1.6.4/lib/rack/nulllogger.rb:9:in `call'
	/home/isucon/.local/ruby/lib/ruby/gems/2.3.0/gems/rack-1.6.4/lib/rack/head.rb:13:in `call'
	/home/isucon/.local/ruby/lib/ruby/gems/2.3.0/gems/sinatra-1.4.7/lib/sinatra/base.rb:182:in `call'
	/home/isucon/.local/ruby/lib/ruby/gems/2.3.0/gems/sinatra-1.4.7/lib/sinatra/base.rb:2013:in `call'
	/home/isucon/.local/ruby/lib/ruby/gems/2.3.0/gems/sinatra-1.4.7/lib/sinatra/base.rb:1487:in `block in call'
	/home/isucon/.local/ruby/lib/ruby/gems/2.3.0/gems/sinatra-1.4.7/lib/sinatra/base.rb:1787:in `synchronize'
	/home/isucon/.local/ruby/lib/ruby/gems/2.3.0/gems/sinatra-1.4.7/lib/sinatra/base.rb:1487:in `call'
	/home/isucon/.local/ruby/lib/ruby/gems/2.3.0/gems/unicorn-5.1.0/lib/unicorn/http_server.rb:562:in `process_client'
	/home/isucon/.local/ruby/lib/ruby/gems/2.3.0/gems/unicorn-5.1.0/lib/unicorn/http_server.rb:658:in `worker_loop'
	/home/isucon/.local/ruby/lib/ruby/gems/2.3.0/gems/unicorn-5.1.0/lib/unicorn/http_server.rb:508:in `spawn_missing_workers'
	/home/isucon/.local/ruby/lib/ruby/gems/2.3.0/gems/unicorn-5.1.0/lib/unicorn/http_server.rb:132:in `start'
	/home/isucon/.local/ruby/lib/ruby/gems/2.3.0/gems/unicorn-5.1.0/bin/unicorn:126:in `<top (required)>'
	/home/isucon/webapp/ruby/vendor/bundle/ruby/2.3.0/bin/unicorn:23:in `load'
	/home/isucon/webapp/ruby/vendor/bundle/ruby/2.3.0/bin/unicorn:23:in `<top (required)>'
	/home/isucon/.local/ruby/lib/ruby/gems/2.3.0/gems/bundler-1.13.1/lib/bundler/cli/exec.rb:74:in `load'
	/home/isucon/.local/ruby/lib/ruby/gems/2.3.0/gems/bundler-1.13.1/lib/bundler/cli/exec.rb:74:in `kernel_load'
	/home/isucon/.local/ruby/lib/ruby/gems/2.3.0/gems/bundler-1.13.1/lib/bundler/cli/exec.rb:27:in `run'
	/home/isucon/.local/ruby/lib/ruby/gems/2.3.0/gems/bundler-1.13.1/lib/bundler/cli.rb:332:in `exec'
	/home/isucon/.local/ruby/lib/ruby/gems/2.3.0/gems/bundler-1.13.1/lib/bundler/vendor/thor/lib/thor/command.rb:27:in `run'
	/home/isucon/.local/ruby/lib/ruby/gems/2.3.0/gems/bundler-1.13.1/lib/bundler/vendor/thor/lib/thor/invocation.rb:126:in `invoke_command'
	/home/isucon/.local/ruby/lib/ruby/gems/2.3.0/gems/bundler-1.13.1/lib/bundler/vendor/thor/lib/thor.rb:359:in `dispatch'
	/home/isucon/.local/ruby/lib/ruby/gems/2.3.0/gems/bundler-1.13.1/lib/bundler/cli.rb:20:in `dispatch'
	/home/isucon/.local/ruby/lib/ruby/gems/2.3.0/gems/bundler-1.13.1/lib/bundler/vendor/thor/lib/thor/base.rb:440:in `start'
	/home/isucon/.local/ruby/lib/ruby/gems/2.3.0/gems/bundler-1.13.1/lib/bundler/cli.rb:11:in `start'
	/home/isucon/.local/ruby/lib/ruby/gems/2.3.0/gems/bundler-1.13.1/exe/bundle:34:in `block in <top (required)>'
	/home/isucon/.local/ruby/lib/ruby/gems/2.3.0/gems/bundler-1.13.1/lib/bundler/friendly_errors.rb:100:in `with_friendly_errors'
	/home/isucon/.local/ruby/lib/ruby/gems/2.3.0/gems/bundler-1.13.1/exe/bundle:26:in `<top (required)>'
	/home/isucon/.local/ruby/bin/bundle:23:in `load'
	/home/isucon/.local/ruby/bin/bundle:23:in `<main>'
2016-09-18 17:35:50 - NoMethodError - undefined method `join' for nil:NilClass
Did you mean?  JSON:
	/home/isucon/webapp/ruby/lib/isuda/web.rb:172:in `init_keyword_pattern'
	/home/isucon/webapp/ruby/lib/isuda/web.rb:276:in `block in <class:Web>'
	/home/isucon/.local/ruby/lib/ruby/gems/2.3.0/gems/sinatra-1.4.7/lib/sinatra/base.rb:1611:in `call'
	/home/isucon/.local/ruby/lib/ruby/gems/2.3.0/gems/sinatra-1.4.7/lib/sinatra/base.rb:1611:in `block in compile!'
	/home/isucon/.local/ruby/lib/ruby/gems/2.3.0/gems/sinatra-1.4.7/lib/sinatra/base.rb:975:in `block (3 levels) in route!'
	/home/isucon/.local/ruby/lib/ruby/gems/2.3.0/gems/sinatra-1.4.7/lib/sinatra/base.rb:994:in `route_eval'
	/home/isucon/.local/ruby/lib/ruby/gems/2.3.0/gems/sinatra-1.4.7/lib/sinatra/base.rb:975:in `block (2 levels) in route!'
	/home/isucon/.local/ruby/lib/ruby/gems/2.3.0/gems/sinatra-1.4.7/lib/sinatra/base.rb:1015:in `block in process_route'
	/home/isucon/.local/ruby/lib/ruby/gems/2.3.0/gems/sinatra-1.4.7/lib/sinatra/base.rb:1013:in `catch'
	/home/isucon/.local/ruby/lib/ruby/gems/2.3.0/gems/sinatra-1.4.7/lib/sinatra/base.rb:1013:in `process_route'
	/home/isucon/.local/ruby/lib/ruby/gems/2.3.0/gems/sinatra-1.4.7/lib/sinatra/base.rb:973:in `block in route!'
	/home/isucon/.local/ruby/lib/ruby/gems/2.3.0/gems/sinatra-1.4.7/lib/sinatra/base.rb:972:in `each'
	/home/isucon/.local/ruby/lib/ruby/gems/2.3.0/gems/sinatra-1.4.7/lib/sinatra/base.rb:972:in `route!'
	/home/isucon/.local/ruby/lib/ruby/gems/2.3.0/gems/sinatra-1.4.7/lib/sinatra/base.rb:1085:in `block in dispatch!'
	/home/isucon/.local/ruby/lib/ruby/gems/2.3.0/gems/sinatra-1.4.7/lib/sinatra/base.rb:1067:in `block in invoke'
	/home/isucon/.local/ruby/lib/ruby/gems/2.3.0/gems/sinatra-1.4.7/lib/sinatra/base.rb:1067:in `catch'
	/home/isucon/.local/ruby/lib/ruby/gems/2.3.0/gems/sinatra-1.4.7/lib/sinatra/base.rb:1067:in `invoke'
	/home/isucon/.local/ruby/lib/ruby/gems/2.3.0/gems/sinatra-1.4.7/lib/sinatra/base.rb:1082:in `dispatch!'
	/home/isucon/.local/ruby/lib/ruby/gems/2.3.0/gems/sinatra-1.4.7/lib/sinatra/base.rb:907:in `block in call!'
	/home/isucon/.local/ruby/lib/ruby/gems/2.3.0/gems/sinatra-1.4.7/lib/sinatra/base.rb:1067:in `block in invoke'
	/home/isucon/.local/ruby/lib/ruby/gems/2.3.0/gems/sinatra-1.4.7/lib/sinatra/base.rb:1067:in `catch'
	/home/isucon/.local/ruby/lib/ruby/gems/2.3.0/gems/sinatra-1.4.7/lib/sinatra/base.rb:1067:in `invoke'
	/home/isucon/.local/ruby/lib/ruby/gems/2.3.0/gems/sinatra-1.4.7/lib/sinatra/base.rb:907:in `call!'
	/home/isucon/.local/ruby/lib/ruby/gems/2.3.0/gems/sinatra-1.4.7/lib/sinatra/base.rb:895:in `call'
	/home/isucon/.local/ruby/lib/ruby/gems/2.3.0/gems/rack-protection-1.5.3/lib/rack/protection/xss_header.rb:18:in `call'
	/home/isucon/.local/ruby/lib/ruby/gems/2.3.0/gems/rack-protection-1.5.3/lib/rack/protection/base.rb:49:in `call'
	/home/isucon/.local/ruby/lib/ruby/gems/2.3.0/gems/rack-protection-1.5.3/lib/rack/protection/base.rb:49:in `call'
	/home/isucon/.local/ruby/lib/ruby/gems/2.3.0/gems/rack-protection-1.5.3/lib/rack/protection/path_traversal.rb:16:in `call'
	/home/isucon/.local/ruby/lib/ruby/gems/2.3.0/gems/rack-protection-1.5.3/lib/rack/protection/json_csrf.rb:18:in `call'
	/home/isucon/.local/ruby/lib/ruby/gems/2.3.0/gems/rack-protection-1.5.3/lib/rack/protection/base.rb:49:in `call'
	/home/isucon/.local/ruby/lib/ruby/gems/2.3.0/gems/rack-protection-1.5.3/lib/rack/protection/base.rb:49:in `call'
	/home/isucon/.local/ruby/lib/ruby/gems/2.3.0/gems/rack-protection-1.5.3/lib/rack/protection/frame_options.rb:31:in `call'
	/home/isucon/.local/ruby/lib/ruby/gems/2.3.0/gems/rack-1.6.4/lib/rack/session/abstract/id.rb:225:in `context'
	/home/isucon/.local/ruby/lib/ruby/gems/2.3.0/gems/rack-1.6.4/lib/rack/session/abstract/id.rb:220:in `call'
	/home/isucon/.local/ruby/lib/ruby/gems/2.3.0/gems/rack-1.6.4/lib/rack/nulllogger.rb:9:in `call'
	/home/isucon/.local/ruby/lib/ruby/gems/2.3.0/gems/rack-1.6.4/lib/rack/head.rb:13:in `call'
	/home/isucon/.local/ruby/lib/ruby/gems/2.3.0/gems/sinatra-1.4.7/lib/sinatra/base.rb:182:in `call'
	/home/isucon/.local/ruby/lib/ruby/gems/2.3.0/gems/sinatra-1.4.7/lib/sinatra/base.rb:2013:in `call'
	/home/isucon/.local/ruby/lib/ruby/gems/2.3.0/gems/sinatra-1.4.7/lib/sinatra/base.rb:1487:in `block in call'
	/home/isucon/.local/ruby/lib/ruby/gems/2.3.0/gems/sinatra-1.4.7/lib/sinatra/base.rb:1787:in `synchronize'
	/home/isucon/.local/ruby/lib/ruby/gems/2.3.0/gems/sinatra-1.4.7/lib/sinatra/base.rb:1487:in `call'
	/home/isucon/.local/ruby/lib/ruby/gems/2.3.0/gems/unicorn-5.1.0/lib/unicorn/http_server.rb:562:in `process_client'
	/home/isucon/.local/ruby/lib/ruby/gems/2.3.0/gems/unicorn-5.1.0/lib/unicorn/http_server.rb:658:in `worker_loop'
	/home/isucon/.local/ruby/lib/ruby/gems/2.3.0/gems/unicorn-5.1.0/lib/unicorn/http_server.rb:508:in `spawn_missing_workers'
	/home/isucon/.local/ruby/lib/ruby/gems/2.3.0/gems/unicorn-5.1.0/lib/unicorn/http_server.rb:132:in `start'
	/home/isucon/.local/ruby/lib/ruby/gems/2.3.0/gems/unicorn-5.1.0/bin/unicorn:126:in `<top (required)>'
	/home/isucon/webapp/ruby/vendor/bundle/ruby/2.3.0/bin/unicorn:23:in `load'
	/home/isucon/webapp/ruby/vendor/bundle/ruby/2.3.0/bin/unicorn:23:in `<top (required)>'
	/home/isucon/.local/ruby/lib/ruby/gems/2.3.0/gems/bundler-1.13.1/lib/bundler/cli/exec.rb:74:in `load'
	/home/isucon/.local/ruby/lib/ruby/gems/2.3.0/gems/bundler-1.13.1/lib/bundler/cli/exec.rb:74:in `kernel_load'
	/home/isucon/.local/ruby/lib/ruby/gems/2.3.0/gems/bundler-1.13.1/lib/bundler/cli/exec.rb:27:in `run'
	/home/isucon/.local/ruby/lib/ruby/gems/2.3.0/gems/bundler-1.13.1/lib/bundler/cli.rb:332:in `exec'
	/home/isucon/.local/ruby/lib/ruby/gems/2.3.0/gems/bundler-1.13.1/lib/bundler/vendor/thor/lib/thor/command.rb:27:in `run'
	/home/isucon/.local/ruby/lib/ruby/gems/2.3.0/gems/bundler-1.13.1/lib/bundler/vendor/thor/lib/thor/invocation.rb:126:in `invoke_command'
	/home/isucon/.local/ruby/lib/ruby/gems/2.3.0/gems/bundler-1.13.1/lib/bundler/vendor/thor/lib/thor.rb:359:in `dispatch'
	/home/isucon/.local/ruby/lib/ruby/gems/2.3.0/gems/bundler-1.13.1/lib/bundler/cli.rb:20:in `dispatch'
	/home/isucon/.local/ruby/lib/ruby/gems/2.3.0/gems/bundler-1.13.1/lib/bundler/vendor/thor/lib/thor/base.rb:440:in `start'
	/home/isucon/.local/ruby/lib/ruby/gems/2.3.0/gems/bundler-1.13.1/lib/bundler/cli.rb:11:in `start'
	/home/isucon/.local/ruby/lib/ruby/gems/2.3.0/gems/bundler-1.13.1/exe/bundle:34:in `block in <top (required)>'
	/home/isucon/.local/ruby/lib/ruby/gems/2.3.0/gems/bundler-1.13.1/lib/bundler/friendly_errors.rb:100:in `with_friendly_errors'
	/home/isucon/.local/ruby/lib/ruby/gems/2.3.0/gems/bundler-1.13.1/exe/bundle:26:in `<top (required)>'
	/home/isucon/.local/ruby/bin/bundle:23:in `load'
	/home/isucon/.local/ruby/bin/bundle:23:in `<main>'
I, [2016-09-18T17:37:30.118536 #39314]  INFO -- : reaped #<Process::Status: pid 39317 exit 0> worker=0
I, [2016-09-18T17:37:30.118690 #39314]  INFO -- : reaped #<Process::Status: pid 39320 exit 0> worker=1
I, [2016-09-18T17:37:30.118733 #39314]  INFO -- : reaped #<Process::Status: pid 39323 exit 0> worker=2
I, [2016-09-18T17:37:30.118761 #39314]  INFO -- : reaped #<Process::Status: pid 39326 exit 0> worker=3
I, [2016-09-18T17:37:30.118786 #39314]  INFO -- : reaped #<Process::Status: pid 39329 exit 0> worker=4
I, [2016-09-18T17:37:30.118872 #39314]  INFO -- : master complete
