2016-09-18T06:01:45.844272Z 0 [Warning] Changed limits: max_open_files: 1024 (requested 5000)
2016-09-18T06:01:45.844308Z 0 [Warning] Changed limits: table_open_cache: 431 (requested 2000)
2016-09-18T06:01:46.001642Z 0 [Warning] TIMESTAMP with implicit DEFAULT value is deprecated. Please use --explicit_defaults_for_timestamp server option (see documentation for more details).
2016-09-18T06:01:46.003159Z 0 [Note] /usr/sbin/mysqld (mysqld 5.7.15-0ubuntu0.16.04.1-log) starting as process 26003 ...
2016-09-18T06:01:46.006894Z 0 [Note] InnoDB: PUNCH HOLE support available
2016-09-18T06:01:46.006912Z 0 [Note] InnoDB: Mutexes and rw_locks use GCC atomic builtins
2016-09-18T06:01:46.006916Z 0 [Note] InnoDB: Uses event mutexes
2016-09-18T06:01:46.006919Z 0 [Note] InnoDB: GCC builtin __atomic_thread_fence() is used for memory barrier
2016-09-18T06:01:46.006923Z 0 [Note] InnoDB: Compressed tables use zlib 1.2.8
2016-09-18T06:01:46.006926Z 0 [Note] InnoDB: Using Linux native AIO
2016-09-18T06:01:46.007150Z 0 [Note] InnoDB: Number of pools: 1
2016-09-18T06:01:46.007252Z 0 [Note] InnoDB: Using CPU crc32 instructions
2016-09-18T06:01:46.012744Z 0 [Note] InnoDB: Initializing buffer pool, total size = 3G, instances = 8, chunk size = 128M
2016-09-18T06:01:46.205160Z 0 [Note] InnoDB: Completed initialization of buffer pool
2016-09-18T06:01:46.225406Z 0 [Note] InnoDB: If the mysqld execution user is authorized, page cleaner thread priority can be changed. See the man page of setpriority().
2016-09-18T06:01:46.243504Z 0 [Note] InnoDB: Highest supported file format is Barracuda.
2016-09-18T06:01:46.463076Z 0 [Note] InnoDB: Creating shared tablespace for temporary tables
2016-09-18T06:01:46.463144Z 0 [Note] InnoDB: Setting file './ibtmp1' size to 12 MB. Physically writing the file full; Please wait ...
2016-09-18T06:01:46.741540Z 0 [Note] InnoDB: File './ibtmp1' size is now 12 MB.
2016-09-18T06:01:46.742168Z 0 [Note] InnoDB: 96 redo rollback segment(s) found. 96 redo rollback segment(s) are active.
2016-09-18T06:01:46.742177Z 0 [Note] InnoDB: 32 non-redo rollback segment(s) are active.
2016-09-18T06:01:46.742468Z 0 [Note] InnoDB: Waiting for purge to start
2016-09-18T06:01:46.793104Z 0 [Note] InnoDB: 5.7.15 started; log sequence number 35470571
2016-09-18T06:01:46.793256Z 0 [Note] InnoDB: Loading buffer pool(s) from /var/lib/mysql/ib_buffer_pool
2016-09-18T06:01:46.793327Z 0 [Note] Plugin 'FEDERATED' is disabled.
2016-09-18T06:01:46.799364Z 0 [Warning] Failed to set up SSL because of the following SSL library error: SSL context is not usable without certificate and private key
2016-09-18T06:01:46.799378Z 0 [Note] Server hostname (bind-address): '127.0.0.1'; port: 3306
2016-09-18T06:01:46.799390Z 0 [Note]   - '127.0.0.1' resolves to '127.0.0.1';
2016-09-18T06:01:46.799415Z 0 [Note] Server socket created on IP: '127.0.0.1'.
2016-09-18T06:01:46.815524Z 0 [Note] Event Scheduler: Loaded 0 events
2016-09-18T06:01:46.816049Z 0 [Note] /usr/sbin/mysqld: ready for connections.
Version: '5.7.15-0ubuntu0.16.04.1-log'  socket: '/var/run/mysqld/mysqld.sock'  port: 3306  (Ubuntu)
2016-09-18T06:01:46.847466Z 2 [Note] Access denied for user 'root'@'localhost' (using password: NO)
2016-09-18T06:01:47.215548Z 0 [Note] InnoDB: Buffer pool(s) load completed at 160918 15:01:47
2016-09-18T06:06:10.323194Z 4 [Note] Access denied for user 'isucon'@'localhost' (using password: YES)
2016-09-18T06:06:32.484489Z 5 [Note] Access denied for user 'isucon'@'localhost' (using password: YES)
2016-09-18T06:06:44.732068Z 6 [Note] Access denied for user 'isucon'@'localhost' (using password: YES)
2016-09-18T06:07:06.491596Z 9 [Note] Aborted connection 9 to db: 'isuda' user: 'isucon' host: 'localhost' (Got an error reading communication packets)
2016-09-18T06:11:16.616611Z 0 [Note] Giving 18 client threads a chance to die gracefully
2016-09-18T06:11:16.616641Z 0 [Note] Shutting down slave threads
2016-09-18T06:11:18.616739Z 0 [Note] Forcefully disconnecting 17 remaining clients
2016-09-18T06:11:18.616771Z 0 [Warning] /usr/sbin/mysqld: Forcing close of thread 13  user: 'isucon'

2016-09-18T06:11:18.616789Z 0 [Warning] /usr/sbin/mysqld: Forcing close of thread 12  user: 'isucon'

2016-09-18T06:11:18.616808Z 0 [Warning] /usr/sbin/mysqld: Forcing close of thread 14  user: 'isucon'

2016-09-18T06:11:18.616814Z 0 [Warning] /usr/sbin/mysqld: Forcing close of thread 10  user: 'isucon'

2016-09-18T06:11:18.616819Z 0 [Warning] /usr/sbin/mysqld: Forcing close of thread 11  user: 'isucon'

2016-09-18T06:11:18.616825Z 0 [Warning] /usr/sbin/mysqld: Forcing close of thread 15  user: 'isucon'

2016-09-18T06:11:18.616830Z 0 [Warning] /usr/sbin/mysqld: Forcing close of thread 7  user: 'isucon'

2016-09-18T06:11:18.617047Z 0 [Warning] /usr/sbin/mysqld: Forcing close of thread 16  user: 'isucon'

2016-09-18T06:11:18.617059Z 0 [Warning] /usr/sbin/mysqld: Forcing close of thread 8  user: 'isucon'

2016-09-18T06:11:18.617128Z 0 [Warning] /usr/sbin/mysqld: Forcing close of thread 18  user: 'isucon'

2016-09-18T06:11:18.617140Z 0 [Warning] /usr/sbin/mysqld: Forcing close of thread 17  user: 'isucon'

2016-09-18T06:11:18.617146Z 0 [Warning] /usr/sbin/mysqld: Forcing close of thread 19  user: 'isucon'

2016-09-18T06:11:18.617151Z 0 [Warning] /usr/sbin/mysqld: Forcing close of thread 20  user: 'isucon'

2016-09-18T06:11:18.617157Z 0 [Warning] /usr/sbin/mysqld: Forcing close of thread 21  user: 'isucon'

2016-09-18T06:11:18.617162Z 0 [Warning] /usr/sbin/mysqld: Forcing close of thread 22  user: 'isucon'

2016-09-18T06:11:18.617168Z 0 [Warning] /usr/sbin/mysqld: Forcing close of thread 23  user: 'isucon'

2016-09-18T06:11:18.617174Z 0 [Warning] /usr/sbin/mysqld: Forcing close of thread 24  user: 'isucon'

2016-09-18T06:11:18.617189Z 0 [Note] Event Scheduler: Purging the queue. 0 events
2016-09-18T06:11:18.617722Z 0 [Note] Binlog end
2016-09-18T06:11:18.618716Z 0 [Note] Shutting down plugin 'ngram'
2016-09-18T06:11:18.618726Z 0 [Note] Shutting down plugin 'ARCHIVE'
2016-09-18T06:11:18.618729Z 0 [Note] Shutting down plugin 'partition'
2016-09-18T06:11:18.618731Z 0 [Note] Shutting down plugin 'BLACKHOLE'
2016-09-18T06:11:18.618734Z 0 [Note] Shutting down plugin 'INNODB_SYS_VIRTUAL'
2016-09-18T06:11:18.618737Z 0 [Note] Shutting down plugin 'INNODB_SYS_DATAFILES'
2016-09-18T06:11:18.618739Z 0 [Note] Shutting down plugin 'INNODB_SYS_TABLESPACES'
2016-09-18T06:11:18.618741Z 0 [Note] Shutting down plugin 'INNODB_SYS_FOREIGN_COLS'
2016-09-18T06:11:18.618743Z 0 [Note] Shutting down plugin 'INNODB_SYS_FOREIGN'
2016-09-18T06:11:18.618745Z 0 [Note] Shutting down plugin 'INNODB_SYS_FIELDS'
2016-09-18T06:11:18.618747Z 0 [Note] Shutting down plugin 'INNODB_SYS_COLUMNS'
2016-09-18T06:11:18.618749Z 0 [Note] Shutting down plugin 'INNODB_SYS_INDEXES'
2016-09-18T06:11:18.618751Z 0 [Note] Shutting down plugin 'INNODB_SYS_TABLESTATS'
2016-09-18T06:11:18.618753Z 0 [Note] Shutting down plugin 'INNODB_SYS_TABLES'
2016-09-18T06:11:18.618755Z 0 [Note] Shutting down plugin 'INNODB_FT_INDEX_TABLE'
2016-09-18T06:11:18.618757Z 0 [Note] Shutting down plugin 'INNODB_FT_INDEX_CACHE'
2016-09-18T06:11:18.618759Z 0 [Note] Shutting down plugin 'INNODB_FT_CONFIG'
2016-09-18T06:11:18.618762Z 0 [Note] Shutting down plugin 'INNODB_FT_BEING_DELETED'
2016-09-18T06:11:18.618764Z 0 [Note] Shutting down plugin 'INNODB_FT_DELETED'
2016-09-18T06:11:18.618766Z 0 [Note] Shutting down plugin 'INNODB_FT_DEFAULT_STOPWORD'
2016-09-18T06:11:18.618768Z 0 [Note] Shutting down plugin 'INNODB_METRICS'
2016-09-18T06:11:18.618770Z 0 [Note] Shutting down plugin 'INNODB_TEMP_TABLE_INFO'
2016-09-18T06:11:18.618772Z 0 [Note] Shutting down plugin 'INNODB_BUFFER_POOL_STATS'
2016-09-18T06:11:18.618774Z 0 [Note] Shutting down plugin 'INNODB_BUFFER_PAGE_LRU'
2016-09-18T06:11:18.618776Z 0 [Note] Shutting down plugin 'INNODB_BUFFER_PAGE'
2016-09-18T06:11:18.618778Z 0 [Note] Shutting down plugin 'INNODB_CMP_PER_INDEX_RESET'
2016-09-18T06:11:18.618780Z 0 [Note] Shutting down plugin 'INNODB_CMP_PER_INDEX'
2016-09-18T06:11:18.618782Z 0 [Note] Shutting down plugin 'INNODB_CMPMEM_RESET'
2016-09-18T06:11:18.618784Z 0 [Note] Shutting down plugin 'INNODB_CMPMEM'
2016-09-18T06:11:18.618786Z 0 [Note] Shutting down plugin 'INNODB_CMP_RESET'
2016-09-18T06:11:18.618794Z 0 [Note] Shutting down plugin 'INNODB_CMP'
2016-09-18T06:11:18.618796Z 0 [Note] Shutting down plugin 'INNODB_LOCK_WAITS'
2016-09-18T06:11:18.618798Z 0 [Note] Shutting down plugin 'INNODB_LOCKS'
2016-09-18T06:11:18.618800Z 0 [Note] Shutting down plugin 'INNODB_TRX'
2016-09-18T06:11:18.618802Z 0 [Note] Shutting down plugin 'InnoDB'
2016-09-18T06:11:18.618844Z 0 [Note] InnoDB: FTS optimize thread exiting.
2016-09-18T06:11:18.618914Z 0 [Note] InnoDB: Starting shutdown...
2016-09-18T06:11:18.719135Z 0 [Note] InnoDB: Dumping buffer pool(s) to /var/lib/mysql/ib_buffer_pool
2016-09-18T06:11:18.719507Z 0 [Note] InnoDB: Buffer pool(s) dump completed at 160918 15:11:18
2016-09-18T06:11:20.230967Z 0 [Note] InnoDB: Shutdown completed; log sequence number 35678748
2016-09-18T06:11:20.231058Z 0 [Note] InnoDB: Removed temporary tablespace data file: "ibtmp1"
2016-09-18T06:11:20.231067Z 0 [Note] Shutting down plugin 'MEMORY'
2016-09-18T06:11:20.231072Z 0 [Note] Shutting down plugin 'PERFORMANCE_SCHEMA'
2016-09-18T06:11:20.231095Z 0 [Note] Shutting down plugin 'MRG_MYISAM'
2016-09-18T06:11:20.231099Z 0 [Note] Shutting down plugin 'MyISAM'
2016-09-18T06:11:20.231104Z 0 [Note] Shutting down plugin 'CSV'
2016-09-18T06:11:20.231108Z 0 [Note] Shutting down plugin 'sha256_password'
2016-09-18T06:11:20.231111Z 0 [Note] Shutting down plugin 'mysql_native_password'
2016-09-18T06:11:20.231237Z 0 [Note] Shutting down plugin 'binlog'
2016-09-18T06:11:20.231719Z 0 [Note] /usr/sbin/mysqld: Shutdown complete

