/usr/sbin/mysqld, Version: 5.7.15-0ubuntu0.16.04.1-log ((Ubuntu)). started with:
Tcp port: 3306  Unix socket: /var/run/mysqld/mysqld.sock
Time                 Id Command    Argument
# Time: 2016-09-18T06:08:34.966634Z
# User@Host: isucon[isucon] @ localhost []  Id:    14
# Query_time: 1.022062  Lock_time: 0.000038 Rows_sent: 7101  Rows_examined: 14202
use isuda;
SET timestamp=1474178914;
select * from entry order by character_length(keyword) desc;
# Time: 2016-09-18T06:08:34.972887Z
# User@Host: isucon[isucon] @ localhost []  Id:    13
# Query_time: 0.976143  Lock_time: 0.000040 Rows_sent: 7102  Rows_examined: 14204
SET timestamp=1474178914;
select * from entry order by character_length(keyword) desc;
# Time: 2016-09-18T06:08:34.978443Z
# User@Host: isucon[isucon] @ localhost []  Id:    15
# Query_time: 0.894483  Lock_time: 0.000178 Rows_sent: 7102  Rows_examined: 14204
SET timestamp=1474178914;
select * from entry order by character_length(keyword) desc;
# Time: 2016-09-18T06:08:34.982294Z
# User@Host: isucon[isucon] @ localhost []  Id:    10
# Query_time: 1.061296  Lock_time: 0.000047 Rows_sent: 7101  Rows_examined: 14202
SET timestamp=1474178914;
select * from entry order by character_length(keyword) desc;
# Time: 2016-09-18T06:08:34.982327Z
# User@Host: isucon[isucon] @ localhost []  Id:    12
# Query_time: 1.038370  Lock_time: 0.000046 Rows_sent: 7101  Rows_examined: 14202
SET timestamp=1474178914;
select * from entry order by character_length(keyword) desc;
