2016-09-18T07:46:47.113493Z 0 [Warning] Changed limits: max_open_files: 1024 (requested 5000)
2016-09-18T07:46:47.113529Z 0 [Warning] Changed limits: table_open_cache: 431 (requested 2000)
2016-09-18T07:46:47.265534Z 0 [Warning] TIMESTAMP with implicit DEFAULT value is deprecated. Please use --explicit_defaults_for_timestamp server option (see documentation for more details).
2016-09-18T07:46:47.268039Z 0 [Note] /usr/sbin/mysqld (mysqld 5.7.15-0ubuntu0.16.04.1-log) starting as process 36397 ...
2016-09-18T07:46:47.271735Z 0 [Note] InnoDB: PUNCH HOLE support available
2016-09-18T07:46:47.271751Z 0 [Note] InnoDB: Mutexes and rw_locks use GCC atomic builtins
2016-09-18T07:46:47.271754Z 0 [Note] InnoDB: Uses event mutexes
2016-09-18T07:46:47.271759Z 0 [Note] InnoDB: GCC builtin __atomic_thread_fence() is used for memory barrier
2016-09-18T07:46:47.271762Z 0 [Note] InnoDB: Compressed tables use zlib 1.2.8
2016-09-18T07:46:47.271765Z 0 [Note] InnoDB: Using Linux native AIO
2016-09-18T07:46:47.271981Z 0 [Note] InnoDB: Number of pools: 1
2016-09-18T07:46:47.272081Z 0 [Note] InnoDB: Using CPU crc32 instructions
2016-09-18T07:46:47.276987Z 0 [Note] InnoDB: Initializing buffer pool, total size = 3G, instances = 8, chunk size = 128M
2016-09-18T07:46:47.453502Z 0 [Note] InnoDB: Completed initialization of buffer pool
2016-09-18T07:46:47.475649Z 0 [Note] InnoDB: If the mysqld execution user is authorized, page cleaner thread priority can be changed. See the man page of setpriority().
2016-09-18T07:46:47.494576Z 0 [Note] InnoDB: Highest supported file format is Barracuda.
2016-09-18T07:46:47.712262Z 0 [Note] InnoDB: Creating shared tablespace for temporary tables
2016-09-18T07:46:47.712327Z 0 [Note] InnoDB: Setting file './ibtmp1' size to 12 MB. Physically writing the file full; Please wait ...
2016-09-18T07:46:47.947531Z 0 [Note] InnoDB: File './ibtmp1' size is now 12 MB.
2016-09-18T07:46:47.948218Z 0 [Note] InnoDB: 96 redo rollback segment(s) found. 96 redo rollback segment(s) are active.
2016-09-18T07:46:47.948226Z 0 [Note] InnoDB: 32 non-redo rollback segment(s) are active.
2016-09-18T07:46:47.948914Z 0 [Note] InnoDB: Waiting for purge to start
2016-09-18T07:46:47.999368Z 0 [Note] InnoDB: 5.7.15 started; log sequence number 91541221
2016-09-18T07:46:48.000482Z 0 [Note] InnoDB: Loading buffer pool(s) from /var/lib/mysql/ib_buffer_pool
2016-09-18T07:46:48.000543Z 0 [Note] Plugin 'FEDERATED' is disabled.
2016-09-18T07:46:48.007096Z 0 [Warning] Failed to set up SSL because of the following SSL library error: SSL context is not usable without certificate and private key
2016-09-18T07:46:48.007110Z 0 [Note] Server hostname (bind-address): '127.0.0.1'; port: 3306
2016-09-18T07:46:48.007122Z 0 [Note]   - '127.0.0.1' resolves to '127.0.0.1';
2016-09-18T07:46:48.007145Z 0 [Note] Server socket created on IP: '127.0.0.1'.
2016-09-18T07:46:48.039734Z 0 [Note] Event Scheduler: Loaded 0 events
2016-09-18T07:46:48.039915Z 0 [Note] /usr/sbin/mysqld: ready for connections.
Version: '5.7.15-0ubuntu0.16.04.1-log'  socket: '/var/run/mysqld/mysqld.sock'  port: 3306  (Ubuntu)
2016-09-18T07:46:48.116674Z 2 [Note] Access denied for user 'root'@'localhost' (using password: NO)
2016-09-18T07:46:48.391521Z 0 [Note] InnoDB: Buffer pool(s) load completed at 160918 16:46:48
2016-09-18T07:51:38.416870Z 0 [Note] Giving 11 client threads a chance to die gracefully
2016-09-18T07:51:38.416920Z 0 [Note] Shutting down slave threads
2016-09-18T07:51:40.417034Z 0 [Note] Forcefully disconnecting 10 remaining clients
2016-09-18T07:51:40.417077Z 0 [Warning] /usr/sbin/mysqld: Forcing close of thread 8  user: 'isucon'

2016-09-18T07:51:40.417102Z 0 [Warning] /usr/sbin/mysqld: Forcing close of thread 6  user: 'isucon'

2016-09-18T07:51:40.417110Z 0 [Warning] /usr/sbin/mysqld: Forcing close of thread 10  user: 'isucon'

2016-09-18T07:51:40.417117Z 0 [Warning] /usr/sbin/mysqld: Forcing close of thread 7  user: 'isucon'

2016-09-18T07:51:40.417123Z 0 [Warning] /usr/sbin/mysqld: Forcing close of thread 9  user: 'isucon'

2016-09-18T07:51:40.417129Z 0 [Warning] /usr/sbin/mysqld: Forcing close of thread 5  user: 'isucon'

2016-09-18T07:51:40.417148Z 0 [Warning] /usr/sbin/mysqld: Forcing close of thread 12  user: 'isucon'

2016-09-18T07:51:40.417155Z 0 [Warning] /usr/sbin/mysqld: Forcing close of thread 11  user: 'isucon'

2016-09-18T07:51:40.417161Z 0 [Warning] /usr/sbin/mysqld: Forcing close of thread 4  user: 'isucon'

2016-09-18T07:51:40.417166Z 0 [Warning] /usr/sbin/mysqld: Forcing close of thread 13  user: 'isucon'

2016-09-18T07:51:40.417176Z 0 [Note] Event Scheduler: Purging the queue. 0 events
2016-09-18T07:51:40.417543Z 0 [Note] Binlog end
2016-09-18T07:51:40.418501Z 0 [Note] Shutting down plugin 'ngram'
2016-09-18T07:51:40.418512Z 0 [Note] Shutting down plugin 'ARCHIVE'
2016-09-18T07:51:40.418515Z 0 [Note] Shutting down plugin 'partition'
2016-09-18T07:51:40.418517Z 0 [Note] Shutting down plugin 'BLACKHOLE'
2016-09-18T07:51:40.418521Z 0 [Note] Shutting down plugin 'INNODB_SYS_VIRTUAL'
2016-09-18T07:51:40.418523Z 0 [Note] Shutting down plugin 'INNODB_SYS_DATAFILES'
2016-09-18T07:51:40.418525Z 0 [Note] Shutting down plugin 'INNODB_SYS_TABLESPACES'
2016-09-18T07:51:40.418527Z 0 [Note] Shutting down plugin 'INNODB_SYS_FOREIGN_COLS'
2016-09-18T07:51:40.418529Z 0 [Note] Shutting down plugin 'INNODB_SYS_FOREIGN'
2016-09-18T07:51:40.418531Z 0 [Note] Shutting down plugin 'INNODB_SYS_FIELDS'
2016-09-18T07:51:40.418533Z 0 [Note] Shutting down plugin 'INNODB_SYS_COLUMNS'
2016-09-18T07:51:40.418536Z 0 [Note] Shutting down plugin 'INNODB_SYS_INDEXES'
2016-09-18T07:51:40.418538Z 0 [Note] Shutting down plugin 'INNODB_SYS_TABLESTATS'
2016-09-18T07:51:40.418540Z 0 [Note] Shutting down plugin 'INNODB_SYS_TABLES'
2016-09-18T07:51:40.418542Z 0 [Note] Shutting down plugin 'INNODB_FT_INDEX_TABLE'
2016-09-18T07:51:40.418544Z 0 [Note] Shutting down plugin 'INNODB_FT_INDEX_CACHE'
2016-09-18T07:51:40.418546Z 0 [Note] Shutting down plugin 'INNODB_FT_CONFIG'
2016-09-18T07:51:40.418548Z 0 [Note] Shutting down plugin 'INNODB_FT_BEING_DELETED'
2016-09-18T07:51:40.418550Z 0 [Note] Shutting down plugin 'INNODB_FT_DELETED'
2016-09-18T07:51:40.418552Z 0 [Note] Shutting down plugin 'INNODB_FT_DEFAULT_STOPWORD'
2016-09-18T07:51:40.418555Z 0 [Note] Shutting down plugin 'INNODB_METRICS'
2016-09-18T07:51:40.418557Z 0 [Note] Shutting down plugin 'INNODB_TEMP_TABLE_INFO'
2016-09-18T07:51:40.418559Z 0 [Note] Shutting down plugin 'INNODB_BUFFER_POOL_STATS'
2016-09-18T07:51:40.418561Z 0 [Note] Shutting down plugin 'INNODB_BUFFER_PAGE_LRU'
2016-09-18T07:51:40.418563Z 0 [Note] Shutting down plugin 'INNODB_BUFFER_PAGE'
2016-09-18T07:51:40.418565Z 0 [Note] Shutting down plugin 'INNODB_CMP_PER_INDEX_RESET'
2016-09-18T07:51:40.418567Z 0 [Note] Shutting down plugin 'INNODB_CMP_PER_INDEX'
2016-09-18T07:51:40.418569Z 0 [Note] Shutting down plugin 'INNODB_CMPMEM_RESET'
2016-09-18T07:51:40.418571Z 0 [Note] Shutting down plugin 'INNODB_CMPMEM'
2016-09-18T07:51:40.418573Z 0 [Note] Shutting down plugin 'INNODB_CMP_RESET'
2016-09-18T07:51:40.418576Z 0 [Note] Shutting down plugin 'INNODB_CMP'
2016-09-18T07:51:40.418578Z 0 [Note] Shutting down plugin 'INNODB_LOCK_WAITS'
2016-09-18T07:51:40.418580Z 0 [Note] Shutting down plugin 'INNODB_LOCKS'
2016-09-18T07:51:40.418582Z 0 [Note] Shutting down plugin 'INNODB_TRX'
2016-09-18T07:51:40.418584Z 0 [Note] Shutting down plugin 'InnoDB'
2016-09-18T07:51:40.418660Z 0 [Note] InnoDB: FTS optimize thread exiting.
2016-09-18T07:51:40.418749Z 0 [Note] InnoDB: Starting shutdown...
2016-09-18T07:51:40.518888Z 0 [Note] InnoDB: Dumping buffer pool(s) to /var/lib/mysql/ib_buffer_pool
2016-09-18T07:51:40.519213Z 0 [Note] InnoDB: Buffer pool(s) dump completed at 160918 16:51:40
2016-09-18T07:51:41.712751Z 0 [Note] InnoDB: Shutdown completed; log sequence number 91919660
2016-09-18T07:51:41.712838Z 0 [Note] InnoDB: Removed temporary tablespace data file: "ibtmp1"
2016-09-18T07:51:41.712846Z 0 [Note] Shutting down plugin 'MEMORY'
2016-09-18T07:51:41.712851Z 0 [Note] Shutting down plugin 'PERFORMANCE_SCHEMA'
2016-09-18T07:51:41.712872Z 0 [Note] Shutting down plugin 'MRG_MYISAM'
2016-09-18T07:51:41.712938Z 0 [Note] Shutting down plugin 'MyISAM'
2016-09-18T07:51:41.712956Z 0 [Note] Shutting down plugin 'CSV'
2016-09-18T07:51:41.712960Z 0 [Note] Shutting down plugin 'sha256_password'
2016-09-18T07:51:41.712962Z 0 [Note] Shutting down plugin 'mysql_native_password'
2016-09-18T07:51:41.713086Z 0 [Note] Shutting down plugin 'binlog'
2016-09-18T07:51:41.713457Z 0 [Note] /usr/sbin/mysqld: Shutdown complete

