/usr/sbin/mysqld, Version: 5.7.15-0ubuntu0.16.04.1-log ((Ubuntu)). started with:
Tcp port: 3306  Unix socket: /var/run/mysqld/mysqld.sock
Time                 Id Command    Argument
# Time: 2016-09-18T07:49:49.766320Z
# User@Host: isucon[isucon] @ localhost []  Id:     4
# Query_time: 0.541879  Lock_time: 0.000031 Rows_sent: 7101  Rows_examined: 14202
use isuda;
SET timestamp=1474184989;
select keyword from entry order by keyword_length desc;
# Time: 2016-09-18T07:49:49.775175Z
# User@Host: isucon[isucon] @ localhost []  Id:     6
# Query_time: 0.585845  Lock_time: 0.000032 Rows_sent: 7101  Rows_examined: 14202
SET timestamp=1474184989;
select keyword from entry order by keyword_length desc;
# Time: 2016-09-18T07:49:49.777772Z
# User@Host: isucon[isucon] @ localhost []  Id:     8
# Query_time: 0.543220  Lock_time: 0.000030 Rows_sent: 7101  Rows_examined: 14202
SET timestamp=1474184989;
select keyword from entry order by keyword_length desc;
# Time: 2016-09-18T07:49:49.778271Z
# User@Host: isucon[isucon] @ localhost []  Id:     7
# Query_time: 0.534980  Lock_time: 0.000029 Rows_sent: 7102  Rows_examined: 14204
SET timestamp=1474184989;
select keyword from entry order by keyword_length desc;
