2016-09-18T08:48:13.786078Z 0 [Warning] Changed limits: max_open_files: 1024 (requested 5000)
2016-09-18T08:48:13.786114Z 0 [Warning] Changed limits: table_open_cache: 431 (requested 2000)
2016-09-18T08:48:13.942978Z 0 [Warning] TIMESTAMP with implicit DEFAULT value is deprecated. Please use --explicit_defaults_for_timestamp server option (see documentation for more details).
2016-09-18T08:48:13.944551Z 0 [Note] /usr/sbin/mysqld (mysqld 5.7.15-0ubuntu0.16.04.1-log) starting as process 40390 ...
2016-09-18T08:48:13.948362Z 0 [Note] InnoDB: PUNCH HOLE support available
2016-09-18T08:48:13.948381Z 0 [Note] InnoDB: Mutexes and rw_locks use GCC atomic builtins
2016-09-18T08:48:13.948385Z 0 [Note] InnoDB: Uses event mutexes
2016-09-18T08:48:13.948388Z 0 [Note] InnoDB: GCC builtin __atomic_thread_fence() is used for memory barrier
2016-09-18T08:48:13.948391Z 0 [Note] InnoDB: Compressed tables use zlib 1.2.8
2016-09-18T08:48:13.948394Z 0 [Note] InnoDB: Using Linux native AIO
2016-09-18T08:48:13.948641Z 0 [Note] InnoDB: Number of pools: 1
2016-09-18T08:48:13.948741Z 0 [Note] InnoDB: Using CPU crc32 instructions
2016-09-18T08:48:13.954599Z 0 [Note] InnoDB: Initializing buffer pool, total size = 3G, instances = 8, chunk size = 128M
2016-09-18T08:48:14.126569Z 0 [Note] InnoDB: Completed initialization of buffer pool
2016-09-18T08:48:14.148125Z 0 [Note] InnoDB: If the mysqld execution user is authorized, page cleaner thread priority can be changed. See the man page of setpriority().
2016-09-18T08:48:14.165993Z 0 [Note] InnoDB: Highest supported file format is Barracuda.
2016-09-18T08:48:14.355998Z 0 [Note] InnoDB: Creating shared tablespace for temporary tables
2016-09-18T08:48:14.356065Z 0 [Note] InnoDB: Setting file './ibtmp1' size to 12 MB. Physically writing the file full; Please wait ...
2016-09-18T08:48:14.541862Z 0 [Note] InnoDB: File './ibtmp1' size is now 12 MB.
2016-09-18T08:48:14.542551Z 0 [Note] InnoDB: 96 redo rollback segment(s) found. 96 redo rollback segment(s) are active.
2016-09-18T08:48:14.542561Z 0 [Note] InnoDB: 32 non-redo rollback segment(s) are active.
2016-09-18T08:48:14.542847Z 0 [Note] InnoDB: Waiting for purge to start
2016-09-18T08:48:14.593607Z 0 [Note] InnoDB: 5.7.15 started; log sequence number 94710521
2016-09-18T08:48:14.593730Z 0 [Note] InnoDB: Loading buffer pool(s) from /var/lib/mysql/ib_buffer_pool
2016-09-18T08:48:14.593804Z 0 [Note] Plugin 'FEDERATED' is disabled.
2016-09-18T08:48:14.601230Z 0 [Warning] Failed to set up SSL because of the following SSL library error: SSL context is not usable without certificate and private key
2016-09-18T08:48:14.601244Z 0 [Note] Server hostname (bind-address): '127.0.0.1'; port: 3306
2016-09-18T08:48:14.601256Z 0 [Note]   - '127.0.0.1' resolves to '127.0.0.1';
2016-09-18T08:48:14.601280Z 0 [Note] Server socket created on IP: '127.0.0.1'.
2016-09-18T08:48:14.619092Z 0 [Note] Event Scheduler: Loaded 0 events
2016-09-18T08:48:14.619774Z 0 [Note] /usr/sbin/mysqld: ready for connections.
Version: '5.7.15-0ubuntu0.16.04.1-log'  socket: '/var/run/mysqld/mysqld.sock'  port: 3306  (Ubuntu)
2016-09-18T08:48:14.741395Z 0 [Note] InnoDB: Buffer pool(s) load completed at 160918 17:48:14
2016-09-18T08:48:14.790029Z 2 [Note] Access denied for user 'root'@'localhost' (using password: NO)
2016-09-18T08:52:49.370016Z 3 [Note] Aborted connection 3 to db: 'unconnected' user: 'isucon' host: 'localhost' (Got an error reading communication packets)
2016-09-18T08:54:34.960818Z 5 [Note] Aborted connection 5 to db: 'isutar' user: 'isucon' host: 'localhost' (Got an error reading communication packets)
2016-09-18T08:54:34.960903Z 4 [Note] Aborted connection 4 to db: 'isuda' user: 'isucon' host: 'localhost' (Got an error reading communication packets)
2016-09-18T08:54:34.961870Z 7 [Note] Aborted connection 7 to db: 'isutar' user: 'isucon' host: 'localhost' (Got an error reading communication packets)
2016-09-18T08:54:34.961886Z 6 [Note] Aborted connection 6 to db: 'isuda' user: 'isucon' host: 'localhost' (Got an error reading communication packets)
2016-09-18T09:12:12.265912Z 19 [Note] Aborted connection 19 to db: 'unconnected' user: 'isucon' host: 'localhost' (Got an error reading communication packets)
2016-09-18T09:12:12.266034Z 18 [Note] Aborted connection 18 to db: 'isutar' user: 'isucon' host: 'localhost' (Got an error reading communication packets)
2016-09-18T16:59:37.486083Z 12 [Note] Aborted connection 12 to db: 'isuda' user: 'isucon' host: 'localhost' (Got timeout reading communication packets)
2016-09-18T16:59:37.495846Z 16 [Note] Aborted connection 16 to db: 'isutar' user: 'isucon' host: 'localhost' (Got timeout reading communication packets)
2016-09-18T16:59:38.496082Z 14 [Note] Aborted connection 14 to db: 'isutar' user: 'isucon' host: 'localhost' (Got timeout reading communication packets)
2016-09-18T16:59:38.518976Z 11 [Note] Aborted connection 11 to db: 'isuda' user: 'isucon' host: 'localhost' (Got timeout reading communication packets)
2016-09-18T16:59:43.092310Z 15 [Note] Aborted connection 15 to db: 'isutar' user: 'isucon' host: 'localhost' (Got timeout reading communication packets)
2016-09-18T16:59:43.111147Z 10 [Note] Aborted connection 10 to db: 'isuda' user: 'isucon' host: 'localhost' (Got timeout reading communication packets)
2016-09-18T16:59:44.949832Z 9 [Note] Aborted connection 9 to db: 'isutar' user: 'isucon' host: 'localhost' (Got timeout reading communication packets)
2016-09-18T16:59:44.949982Z 8 [Note] Aborted connection 8 to db: 'isuda' user: 'isucon' host: 'localhost' (Got timeout reading communication packets)
2016-09-18T21:40:48.487959Z 13 [Note] Aborted connection 13 to db: 'isuda' user: 'isucon' host: 'localhost' (Got timeout reading communication packets)
2016-09-18T21:40:48.510340Z 17 [Note] Aborted connection 17 to db: 'isutar' user: 'isucon' host: 'localhost' (Got timeout reading communication packets)
2016-09-18T23:14:36.224870Z 0 [Note] Giving 1 client threads a chance to die gracefully
2016-09-18T23:14:36.224903Z 0 [Note] Shutting down slave threads
2016-09-18T23:14:38.225004Z 0 [Note] Forcefully disconnecting 1 remaining clients
2016-09-18T23:14:38.225033Z 0 [Warning] /usr/sbin/mysqld: Forcing close of thread 20  user: 'isucon'

2016-09-18T23:14:38.225073Z 0 [Note] Event Scheduler: Purging the queue. 0 events
2016-09-18T23:14:38.225284Z 0 [Note] Binlog end
2016-09-18T23:14:38.225873Z 0 [Note] Shutting down plugin 'ngram'
2016-09-18T23:14:38.225880Z 0 [Note] Shutting down plugin 'ARCHIVE'
2016-09-18T23:14:38.225883Z 0 [Note] Shutting down plugin 'partition'
2016-09-18T23:14:38.225886Z 0 [Note] Shutting down plugin 'BLACKHOLE'
2016-09-18T23:14:38.225889Z 0 [Note] Shutting down plugin 'INNODB_SYS_VIRTUAL'
2016-09-18T23:14:38.225904Z 0 [Note] Shutting down plugin 'INNODB_SYS_DATAFILES'
2016-09-18T23:14:38.225907Z 0 [Note] Shutting down plugin 'INNODB_SYS_TABLESPACES'
2016-09-18T23:14:38.225909Z 0 [Note] Shutting down plugin 'INNODB_SYS_FOREIGN_COLS'
2016-09-18T23:14:38.225922Z 0 [Note] Shutting down plugin 'INNODB_SYS_FOREIGN'
2016-09-18T23:14:38.225925Z 0 [Note] Shutting down plugin 'INNODB_SYS_FIELDS'
2016-09-18T23:14:38.225927Z 0 [Note] Shutting down plugin 'INNODB_SYS_COLUMNS'
2016-09-18T23:14:38.225929Z 0 [Note] Shutting down plugin 'INNODB_SYS_INDEXES'
2016-09-18T23:14:38.225944Z 0 [Note] Shutting down plugin 'INNODB_SYS_TABLESTATS'
2016-09-18T23:14:38.225946Z 0 [Note] Shutting down plugin 'INNODB_SYS_TABLES'
2016-09-18T23:14:38.225948Z 0 [Note] Shutting down plugin 'INNODB_FT_INDEX_TABLE'
2016-09-18T23:14:38.225950Z 0 [Note] Shutting down plugin 'INNODB_FT_INDEX_CACHE'
2016-09-18T23:14:38.225964Z 0 [Note] Shutting down plugin 'INNODB_FT_CONFIG'
2016-09-18T23:14:38.225966Z 0 [Note] Shutting down plugin 'INNODB_FT_BEING_DELETED'
2016-09-18T23:14:38.225968Z 0 [Note] Shutting down plugin 'INNODB_FT_DELETED'
2016-09-18T23:14:38.225971Z 0 [Note] Shutting down plugin 'INNODB_FT_DEFAULT_STOPWORD'
2016-09-18T23:14:38.225973Z 0 [Note] Shutting down plugin 'INNODB_METRICS'
2016-09-18T23:14:38.225975Z 0 [Note] Shutting down plugin 'INNODB_TEMP_TABLE_INFO'
2016-09-18T23:14:38.225978Z 0 [Note] Shutting down plugin 'INNODB_BUFFER_POOL_STATS'
2016-09-18T23:14:38.225980Z 0 [Note] Shutting down plugin 'INNODB_BUFFER_PAGE_LRU'
2016-09-18T23:14:38.225992Z 0 [Note] Shutting down plugin 'INNODB_BUFFER_PAGE'
2016-09-18T23:14:38.225995Z 0 [Note] Shutting down plugin 'INNODB_CMP_PER_INDEX_RESET'
2016-09-18T23:14:38.225997Z 0 [Note] Shutting down plugin 'INNODB_CMP_PER_INDEX'
2016-09-18T23:14:38.225999Z 0 [Note] Shutting down plugin 'INNODB_CMPMEM_RESET'
2016-09-18T23:14:38.226001Z 0 [Note] Shutting down plugin 'INNODB_CMPMEM'
2016-09-18T23:14:38.226003Z 0 [Note] Shutting down plugin 'INNODB_CMP_RESET'
2016-09-18T23:14:38.226005Z 0 [Note] Shutting down plugin 'INNODB_CMP'
2016-09-18T23:14:38.226007Z 0 [Note] Shutting down plugin 'INNODB_LOCK_WAITS'
2016-09-18T23:14:38.226010Z 0 [Note] Shutting down plugin 'INNODB_LOCKS'
2016-09-18T23:14:38.226012Z 0 [Note] Shutting down plugin 'INNODB_TRX'
2016-09-18T23:14:38.226014Z 0 [Note] Shutting down plugin 'InnoDB'
2016-09-18T23:14:38.226068Z 0 [Note] InnoDB: FTS optimize thread exiting.
2016-09-18T23:14:38.226164Z 0 [Note] InnoDB: Starting shutdown...
2016-09-18T23:14:38.326356Z 0 [Note] InnoDB: Dumping buffer pool(s) to /var/lib/mysql/ib_buffer_pool
2016-09-18T23:14:38.326675Z 0 [Note] InnoDB: Buffer pool(s) dump completed at 160919  8:14:38
2016-09-18T23:14:40.129266Z 0 [Note] InnoDB: Shutdown completed; log sequence number 95896606
2016-09-18T23:14:40.129495Z 0 [Note] InnoDB: Removed temporary tablespace data file: "ibtmp1"
2016-09-18T23:14:40.129508Z 0 [Note] Shutting down plugin 'MEMORY'
2016-09-18T23:14:40.129512Z 0 [Note] Shutting down plugin 'PERFORMANCE_SCHEMA'
2016-09-18T23:14:40.129534Z 0 [Note] Shutting down plugin 'MRG_MYISAM'
2016-09-18T23:14:40.129537Z 0 [Note] Shutting down plugin 'MyISAM'
2016-09-18T23:14:40.129542Z 0 [Note] Shutting down plugin 'CSV'
2016-09-18T23:14:40.129546Z 0 [Note] Shutting down plugin 'sha256_password'
2016-09-18T23:14:40.129548Z 0 [Note] Shutting down plugin 'mysql_native_password'
2016-09-18T23:14:40.129852Z 0 [Note] Shutting down plugin 'binlog'
2016-09-18T23:14:40.130751Z 0 [Note] /usr/sbin/mysqld: Shutdown complete

