/usr/sbin/mysqld, Version: 5.7.15-0ubuntu0.16.04.1-log ((Ubuntu)). started with:
Tcp port: 3306  Unix socket: /var/run/mysqld/mysqld.sock
Time                 Id Command    Argument
# Time: 2016-09-18T05:59:31.968691Z
# User@Host: isucon[isucon] @ localhost []  Id:     8
# Query_time: 0.678734  Lock_time: 0.000038 Rows_sent: 7102  Rows_examined: 14204
use isuda;
SET timestamp=1474178371;
select * from entry order by character_length(keyword) desc;
# Time: 2016-09-18T05:59:31.974576Z
# User@Host: isucon[isucon] @ localhost []  Id:     4
# Query_time: 1.245820  Lock_time: 0.000054 Rows_sent: 7101  Rows_examined: 14202
SET timestamp=1474178371;
select * from entry order by character_length(keyword) desc;
# Time: 2016-09-18T05:59:31.974693Z
# User@Host: isucon[isucon] @ localhost []  Id:     7
# Query_time: 1.253396  Lock_time: 0.000072 Rows_sent: 7101  Rows_examined: 14202
SET timestamp=1474178371;
select * from entry order by character_length(keyword) desc;
# Time: 2016-09-18T05:59:31.978263Z
# User@Host: isucon[isucon] @ localhost []  Id:    10
# Query_time: 1.243138  Lock_time: 0.000036 Rows_sent: 7101  Rows_examined: 14202
SET timestamp=1474178371;
select * from entry order by character_length(keyword) desc;
# Time: 2016-09-18T05:59:32.002371Z
# User@Host: isucon[isucon] @ localhost []  Id:     6
# Query_time: 1.308876  Lock_time: 0.000052 Rows_sent: 7101  Rows_examined: 14202
SET timestamp=1474178372;
select * from entry order by character_length(keyword) desc;
