/usr/sbin/mysqld, Version: 5.7.15-0ubuntu0.16.04.1-log ((Ubuntu)). started with:
Tcp port: 3306  Unix socket: /var/run/mysqld/mysqld.sock
Time                 Id Command    Argument
# Time: 2016-09-18T06:55:07.106257Z
# User@Host: isucon[isucon] @ localhost []  Id:     4
# Query_time: 0.798071  Lock_time: 0.000031 Rows_sent: 7102  Rows_examined: 14204
use isuda;
SET timestamp=1474181707;
select * from entry order by keyword_length desc;
# Time: 2016-09-18T06:55:07.106406Z
# User@Host: isucon[isucon] @ localhost []  Id:     6
# Query_time: 0.817318  Lock_time: 0.000034 Rows_sent: 7102  Rows_examined: 14204
SET timestamp=1474181707;
select * from entry order by keyword_length desc;
# Time: 2016-09-18T06:55:07.106509Z
# User@Host: isucon[isucon] @ localhost []  Id:     8
# Query_time: 0.740855  Lock_time: 0.000030 Rows_sent: 7102  Rows_examined: 14204
SET timestamp=1474181707;
select * from entry order by keyword_length desc;
# Time: 2016-09-18T06:55:07.110255Z
# User@Host: isucon[isucon] @ localhost []  Id:     9
# Query_time: 0.818050  Lock_time: 0.000032 Rows_sent: 7102  Rows_examined: 14204
SET timestamp=1474181707;
select * from entry order by keyword_length desc;
# Time: 2016-09-18T06:55:07.110374Z
# User@Host: isucon[isucon] @ localhost []  Id:     7
# Query_time: 0.838375  Lock_time: 0.000034 Rows_sent: 7101  Rows_examined: 14202
SET timestamp=1474181707;
select * from entry order by keyword_length desc;
