2016-09-18T07:42:32.740220Z 0 [Warning] Changed limits: max_open_files: 1024 (requested 5000)
2016-09-18T07:42:32.740267Z 0 [Warning] Changed limits: table_open_cache: 431 (requested 2000)
2016-09-18T07:42:32.902660Z 0 [Warning] TIMESTAMP with implicit DEFAULT value is deprecated. Please use --explicit_defaults_for_timestamp server option (see documentation for more details).
2016-09-18T07:42:32.904222Z 0 [Note] /usr/sbin/mysqld (mysqld 5.7.15-0ubuntu0.16.04.1-log) starting as process 36120 ...
2016-09-18T07:42:32.908082Z 0 [Note] InnoDB: PUNCH HOLE support available
2016-09-18T07:42:32.908104Z 0 [Note] InnoDB: Mutexes and rw_locks use GCC atomic builtins
2016-09-18T07:42:32.908108Z 0 [Note] InnoDB: Uses event mutexes
2016-09-18T07:42:32.908111Z 0 [Note] InnoDB: GCC builtin __atomic_thread_fence() is used for memory barrier
2016-09-18T07:42:32.908114Z 0 [Note] InnoDB: Compressed tables use zlib 1.2.8
2016-09-18T07:42:32.908117Z 0 [Note] InnoDB: Using Linux native AIO
2016-09-18T07:42:32.908420Z 0 [Note] InnoDB: Number of pools: 1
2016-09-18T07:42:32.908520Z 0 [Note] InnoDB: Using CPU crc32 instructions
2016-09-18T07:42:32.918037Z 0 [Note] InnoDB: Initializing buffer pool, total size = 3G, instances = 8, chunk size = 128M
2016-09-18T07:42:33.088362Z 0 [Note] InnoDB: Completed initialization of buffer pool
2016-09-18T07:42:33.109931Z 0 [Note] InnoDB: If the mysqld execution user is authorized, page cleaner thread priority can be changed. See the man page of setpriority().
2016-09-18T07:42:33.129599Z 0 [Note] InnoDB: Highest supported file format is Barracuda.
2016-09-18T07:42:33.333474Z 0 [Note] InnoDB: Creating shared tablespace for temporary tables
2016-09-18T07:42:33.333537Z 0 [Note] InnoDB: Setting file './ibtmp1' size to 12 MB. Physically writing the file full; Please wait ...
2016-09-18T07:42:33.563906Z 0 [Note] InnoDB: File './ibtmp1' size is now 12 MB.
2016-09-18T07:42:33.564531Z 0 [Note] InnoDB: 96 redo rollback segment(s) found. 96 redo rollback segment(s) are active.
2016-09-18T07:42:33.564539Z 0 [Note] InnoDB: 32 non-redo rollback segment(s) are active.
2016-09-18T07:42:33.565546Z 0 [Note] InnoDB: 5.7.15 started; log sequence number 91188405
2016-09-18T07:42:33.565772Z 0 [Note] Plugin 'FEDERATED' is disabled.
2016-09-18T07:42:33.566169Z 0 [Note] InnoDB: Loading buffer pool(s) from /var/lib/mysql/ib_buffer_pool
2016-09-18T07:42:33.576761Z 0 [Warning] Failed to set up SSL because of the following SSL library error: SSL context is not usable without certificate and private key
2016-09-18T07:42:33.576776Z 0 [Note] Server hostname (bind-address): '127.0.0.1'; port: 3306
2016-09-18T07:42:33.576789Z 0 [Note]   - '127.0.0.1' resolves to '127.0.0.1';
2016-09-18T07:42:33.576814Z 0 [Note] Server socket created on IP: '127.0.0.1'.
2016-09-18T07:42:33.603071Z 0 [Note] Event Scheduler: Loaded 0 events
2016-09-18T07:42:33.603305Z 0 [Note] /usr/sbin/mysqld: ready for connections.
Version: '5.7.15-0ubuntu0.16.04.1-log'  socket: '/var/run/mysqld/mysqld.sock'  port: 3306  (Ubuntu)
2016-09-18T07:42:33.738747Z 2 [Note] Access denied for user 'root'@'localhost' (using password: NO)
2016-09-18T07:42:33.902513Z 0 [Note] InnoDB: Buffer pool(s) load completed at 160918 16:42:33
2016-09-18T07:46:43.961259Z 0 [Note] Giving 11 client threads a chance to die gracefully
2016-09-18T07:46:43.961285Z 0 [Note] Shutting down slave threads
2016-09-18T07:46:45.961364Z 0 [Note] Forcefully disconnecting 10 remaining clients
2016-09-18T07:46:45.961388Z 0 [Warning] /usr/sbin/mysqld: Forcing close of thread 9  user: 'isucon'

2016-09-18T07:46:45.961408Z 0 [Warning] /usr/sbin/mysqld: Forcing close of thread 7  user: 'isucon'

2016-09-18T07:46:45.961415Z 0 [Warning] /usr/sbin/mysqld: Forcing close of thread 11  user: 'isucon'

2016-09-18T07:46:45.961422Z 0 [Warning] /usr/sbin/mysqld: Forcing close of thread 8  user: 'isucon'

2016-09-18T07:46:45.961428Z 0 [Warning] /usr/sbin/mysqld: Forcing close of thread 10  user: 'isucon'

2016-09-18T07:46:45.961434Z 0 [Warning] /usr/sbin/mysqld: Forcing close of thread 5  user: 'isucon'

2016-09-18T07:46:45.961440Z 0 [Warning] /usr/sbin/mysqld: Forcing close of thread 13  user: 'isucon'

2016-09-18T07:46:45.961466Z 0 [Warning] /usr/sbin/mysqld: Forcing close of thread 6  user: 'isucon'

2016-09-18T07:46:45.961474Z 0 [Warning] /usr/sbin/mysqld: Forcing close of thread 12  user: 'isucon'

2016-09-18T07:46:45.961481Z 0 [Warning] /usr/sbin/mysqld: Forcing close of thread 4  user: 'isucon'

2016-09-18T07:46:45.961491Z 0 [Note] Event Scheduler: Purging the queue. 0 events
2016-09-18T07:46:45.962062Z 0 [Note] Binlog end
2016-09-18T07:46:45.963012Z 0 [Note] Shutting down plugin 'ngram'
2016-09-18T07:46:45.963022Z 0 [Note] Shutting down plugin 'ARCHIVE'
2016-09-18T07:46:45.963025Z 0 [Note] Shutting down plugin 'partition'
2016-09-18T07:46:45.963027Z 0 [Note] Shutting down plugin 'BLACKHOLE'
2016-09-18T07:46:45.963030Z 0 [Note] Shutting down plugin 'INNODB_SYS_VIRTUAL'
2016-09-18T07:46:45.963033Z 0 [Note] Shutting down plugin 'INNODB_SYS_DATAFILES'
2016-09-18T07:46:45.963035Z 0 [Note] Shutting down plugin 'INNODB_SYS_TABLESPACES'
2016-09-18T07:46:45.963037Z 0 [Note] Shutting down plugin 'INNODB_SYS_FOREIGN_COLS'
2016-09-18T07:46:45.963040Z 0 [Note] Shutting down plugin 'INNODB_SYS_FOREIGN'
2016-09-18T07:46:45.963042Z 0 [Note] Shutting down plugin 'INNODB_SYS_FIELDS'
2016-09-18T07:46:45.963044Z 0 [Note] Shutting down plugin 'INNODB_SYS_COLUMNS'
2016-09-18T07:46:45.963046Z 0 [Note] Shutting down plugin 'INNODB_SYS_INDEXES'
2016-09-18T07:46:45.963048Z 0 [Note] Shutting down plugin 'INNODB_SYS_TABLESTATS'
2016-09-18T07:46:45.963050Z 0 [Note] Shutting down plugin 'INNODB_SYS_TABLES'
2016-09-18T07:46:45.963052Z 0 [Note] Shutting down plugin 'INNODB_FT_INDEX_TABLE'
2016-09-18T07:46:45.963054Z 0 [Note] Shutting down plugin 'INNODB_FT_INDEX_CACHE'
2016-09-18T07:46:45.963056Z 0 [Note] Shutting down plugin 'INNODB_FT_CONFIG'
2016-09-18T07:46:45.963058Z 0 [Note] Shutting down plugin 'INNODB_FT_BEING_DELETED'
2016-09-18T07:46:45.963060Z 0 [Note] Shutting down plugin 'INNODB_FT_DELETED'
2016-09-18T07:46:45.963062Z 0 [Note] Shutting down plugin 'INNODB_FT_DEFAULT_STOPWORD'
2016-09-18T07:46:45.963064Z 0 [Note] Shutting down plugin 'INNODB_METRICS'
2016-09-18T07:46:45.963066Z 0 [Note] Shutting down plugin 'INNODB_TEMP_TABLE_INFO'
2016-09-18T07:46:45.963068Z 0 [Note] Shutting down plugin 'INNODB_BUFFER_POOL_STATS'
2016-09-18T07:46:45.963070Z 0 [Note] Shutting down plugin 'INNODB_BUFFER_PAGE_LRU'
2016-09-18T07:46:45.963072Z 0 [Note] Shutting down plugin 'INNODB_BUFFER_PAGE'
2016-09-18T07:46:45.963075Z 0 [Note] Shutting down plugin 'INNODB_CMP_PER_INDEX_RESET'
2016-09-18T07:46:45.963077Z 0 [Note] Shutting down plugin 'INNODB_CMP_PER_INDEX'
2016-09-18T07:46:45.963079Z 0 [Note] Shutting down plugin 'INNODB_CMPMEM_RESET'
2016-09-18T07:46:45.963081Z 0 [Note] Shutting down plugin 'INNODB_CMPMEM'
2016-09-18T07:46:45.963083Z 0 [Note] Shutting down plugin 'INNODB_CMP_RESET'
2016-09-18T07:46:45.963085Z 0 [Note] Shutting down plugin 'INNODB_CMP'
2016-09-18T07:46:45.963087Z 0 [Note] Shutting down plugin 'INNODB_LOCK_WAITS'
2016-09-18T07:46:45.963089Z 0 [Note] Shutting down plugin 'INNODB_LOCKS'
2016-09-18T07:46:45.963091Z 0 [Note] Shutting down plugin 'INNODB_TRX'
2016-09-18T07:46:45.963093Z 0 [Note] Shutting down plugin 'InnoDB'
2016-09-18T07:46:45.963145Z 0 [Note] InnoDB: FTS optimize thread exiting.
2016-09-18T07:46:45.963232Z 0 [Note] InnoDB: Starting shutdown...
2016-09-18T07:46:46.063431Z 0 [Note] InnoDB: Dumping buffer pool(s) to /var/lib/mysql/ib_buffer_pool
2016-09-18T07:46:46.063694Z 0 [Note] InnoDB: Buffer pool(s) dump completed at 160918 16:46:46
2016-09-18T07:46:47.058626Z 0 [Note] InnoDB: Shutdown completed; log sequence number 91541221
2016-09-18T07:46:47.058712Z 0 [Note] InnoDB: Removed temporary tablespace data file: "ibtmp1"
2016-09-18T07:46:47.058721Z 0 [Note] Shutting down plugin 'MEMORY'
2016-09-18T07:46:47.058725Z 0 [Note] Shutting down plugin 'PERFORMANCE_SCHEMA'
2016-09-18T07:46:47.058748Z 0 [Note] Shutting down plugin 'MRG_MYISAM'
2016-09-18T07:46:47.058751Z 0 [Note] Shutting down plugin 'MyISAM'
2016-09-18T07:46:47.058757Z 0 [Note] Shutting down plugin 'CSV'
2016-09-18T07:46:47.058768Z 0 [Note] Shutting down plugin 'sha256_password'
2016-09-18T07:46:47.058771Z 0 [Note] Shutting down plugin 'mysql_native_password'
2016-09-18T07:46:47.059446Z 0 [Note] Shutting down plugin 'binlog'
2016-09-18T07:46:47.060207Z 0 [Note] /usr/sbin/mysqld: Shutdown complete

