2016-09-18T04:47:05.584898Z 0 [Warning] Changed limits: max_open_files: 1024 (requested 5000)
2016-09-18T04:47:05.584938Z 0 [Warning] Changed limits: table_open_cache: 431 (requested 2000)
2016-09-18T04:47:05.755304Z 0 [Warning] TIMESTAMP with implicit DEFAULT value is deprecated. Please use --explicit_defaults_for_timestamp server option (see documentation for more details).
2016-09-18T04:47:05.758371Z 0 [Note] /usr/sbin/mysqld (mysqld 5.7.15-0ubuntu0.16.04.1-log) starting as process 16282 ...
2016-09-18T04:47:05.762008Z 0 [Note] InnoDB: PUNCH HOLE support available
2016-09-18T04:47:05.762024Z 0 [Note] InnoDB: Mutexes and rw_locks use GCC atomic builtins
2016-09-18T04:47:05.762028Z 0 [Note] InnoDB: Uses event mutexes
2016-09-18T04:47:05.762031Z 0 [Note] InnoDB: GCC builtin __atomic_thread_fence() is used for memory barrier
2016-09-18T04:47:05.762036Z 0 [Note] InnoDB: Compressed tables use zlib 1.2.8
2016-09-18T04:47:05.762039Z 0 [Note] InnoDB: Using Linux native AIO
2016-09-18T04:47:05.762285Z 0 [Note] InnoDB: Number of pools: 1
2016-09-18T04:47:05.762388Z 0 [Note] InnoDB: Using CPU crc32 instructions
2016-09-18T04:47:05.769174Z 0 [Note] InnoDB: Initializing buffer pool, total size = 3G, instances = 8, chunk size = 128M
2016-09-18T04:47:05.948525Z 0 [Note] InnoDB: Completed initialization of buffer pool
2016-09-18T04:47:05.971205Z 0 [Note] InnoDB: If the mysqld execution user is authorized, page cleaner thread priority can be changed. See the man page of setpriority().
2016-09-18T04:47:05.989398Z 0 [Note] InnoDB: Highest supported file format is Barracuda.
2016-09-18T04:47:06.240739Z 0 [Note] InnoDB: Creating shared tablespace for temporary tables
2016-09-18T04:47:06.240799Z 0 [Note] InnoDB: Setting file './ibtmp1' size to 12 MB. Physically writing the file full; Please wait ...
2016-09-18T04:47:06.524106Z 0 [Note] InnoDB: File './ibtmp1' size is now 12 MB.
2016-09-18T04:47:06.525143Z 0 [Note] InnoDB: 96 redo rollback segment(s) found. 96 redo rollback segment(s) are active.
2016-09-18T04:47:06.525152Z 0 [Note] InnoDB: 32 non-redo rollback segment(s) are active.
2016-09-18T04:47:06.525452Z 0 [Note] InnoDB: Waiting for purge to start
2016-09-18T04:47:06.575995Z 0 [Note] InnoDB: 5.7.15 started; log sequence number 33743203
2016-09-18T04:47:06.576208Z 0 [Note] Plugin 'FEDERATED' is disabled.
2016-09-18T04:47:06.579248Z 0 [Note] InnoDB: Loading buffer pool(s) from /var/lib/mysql/ib_buffer_pool
2016-09-18T04:47:06.582559Z 0 [Warning] Failed to set up SSL because of the following SSL library error: SSL context is not usable without certificate and private key
2016-09-18T04:47:06.582572Z 0 [Note] Server hostname (bind-address): '127.0.0.1'; port: 3306
2016-09-18T04:47:06.582585Z 0 [Note]   - '127.0.0.1' resolves to '127.0.0.1';
2016-09-18T04:47:06.582608Z 0 [Note] Server socket created on IP: '127.0.0.1'.
2016-09-18T04:47:06.600844Z 0 [Note] Event Scheduler: Loaded 0 events
2016-09-18T04:47:06.601382Z 0 [Note] /usr/sbin/mysqld: ready for connections.
Version: '5.7.15-0ubuntu0.16.04.1-log'  socket: '/var/run/mysqld/mysqld.sock'  port: 3306  (Ubuntu)
2016-09-18T04:47:06.603099Z 3 [Note] Access denied for user 'root'@'localhost' (using password: NO)
2016-09-18T04:47:06.994043Z 0 [Note] InnoDB: Buffer pool(s) load completed at 160918 13:47:06
2016-09-18T04:50:42.203767Z 12 [Note] Aborted connection 12 to db: 'isutar' user: 'isucon' host: 'localhost' (Got an error reading communication packets)
2016-09-18T04:50:42.205461Z 6 [Note] Aborted connection 6 to db: 'isuda' user: 'isucon' host: 'localhost' (Got an error reading communication packets)
2016-09-18T04:50:42.205554Z 9 [Note] Aborted connection 9 to db: 'isutar' user: 'isucon' host: 'localhost' (Got an error reading communication packets)
2016-09-18T04:50:42.205601Z 4 [Note] Aborted connection 4 to db: 'isuda' user: 'isucon' host: 'localhost' (Got an error reading communication packets)
2016-09-18T04:50:42.205659Z 5 [Note] Aborted connection 5 to db: 'isuda' user: 'isucon' host: 'localhost' (Got an error reading communication packets)
2016-09-18T04:50:42.205700Z 10 [Note] Aborted connection 10 to db: 'isutar' user: 'isucon' host: 'localhost' (Got an error reading communication packets)
2016-09-18T04:50:42.206970Z 11 [Note] Aborted connection 11 to db: 'isutar' user: 'isucon' host: 'localhost' (Got an error reading communication packets)
2016-09-18T04:50:42.207015Z 7 [Note] Aborted connection 7 to db: 'isuda' user: 'isucon' host: 'localhost' (Got an error reading communication packets)
2016-09-18T04:50:42.207251Z 13 [Note] Aborted connection 13 to db: 'isutar' user: 'isucon' host: 'localhost' (Got an error reading communication packets)
2016-09-18T04:50:42.207252Z 8 [Note] Aborted connection 8 to db: 'isuda' user: 'isucon' host: 'localhost' (Got an error reading communication packets)
2016-09-18T04:50:42.332779Z 16 [Note] Aborted connection 16 to db: 'isutar' user: 'isucon' host: 'localhost' (Got an error reading communication packets)
2016-09-18T04:50:42.333657Z 17 [Note] Aborted connection 17 to db: 'isutar' user: 'isucon' host: 'localhost' (Got an error reading communication packets)
2016-09-18T04:50:42.333735Z 18 [Note] Aborted connection 18 to db: 'isutar' user: 'isucon' host: 'localhost' (Got an error reading communication packets)
2016-09-18T04:50:42.333797Z 14 [Note] Aborted connection 14 to db: 'isutar' user: 'isucon' host: 'localhost' (Got an error reading communication packets)
2016-09-18T04:50:42.335152Z 15 [Note] Aborted connection 15 to db: 'isutar' user: 'isucon' host: 'localhost' (Got an error reading communication packets)
2016-09-18T04:55:58.302291Z 24 [Note] Aborted connection 24 to db: 'isuda' user: 'isucon' host: 'localhost' (Got an error reading communication packets)
2016-09-18T04:55:58.308804Z 23 [Note] Aborted connection 23 to db: 'isuda' user: 'isucon' host: 'localhost' (Got an error reading communication packets)
2016-09-18T04:55:58.317474Z 21 [Note] Aborted connection 21 to db: 'isuda' user: 'isucon' host: 'localhost' (Got an error reading communication packets)
2016-09-18T04:55:58.318287Z 22 [Note] Aborted connection 22 to db: 'isuda' user: 'isucon' host: 'localhost' (Got an error reading communication packets)
2016-09-18T04:55:58.319136Z 19 [Note] Aborted connection 19 to db: 'isuda' user: 'isucon' host: 'localhost' (Got an error reading communication packets)
2016-09-18T04:55:58.436515Z 20 [Note] Aborted connection 20 to db: 'isutar' user: 'isucon' host: 'localhost' (Got an error reading communication packets)
2016-09-18T04:55:58.436543Z 27 [Note] Aborted connection 27 to db: 'isutar' user: 'isucon' host: 'localhost' (Got an error reading communication packets)
2016-09-18T04:55:58.437695Z 26 [Note] Aborted connection 26 to db: 'isutar' user: 'isucon' host: 'localhost' (Got an error reading communication packets)
2016-09-18T04:55:58.438857Z 25 [Note] Aborted connection 25 to db: 'isutar' user: 'isucon' host: 'localhost' (Got an error reading communication packets)
2016-09-18T04:55:58.440006Z 28 [Note] Aborted connection 28 to db: 'isutar' user: 'isucon' host: 'localhost' (Got an error reading communication packets)
2016-09-18T04:58:59.869500Z 0 [Note] Giving 5 client threads a chance to die gracefully
2016-09-18T04:58:59.869526Z 0 [Note] Shutting down slave threads
2016-09-18T04:59:01.869621Z 0 [Note] Forcefully disconnecting 4 remaining clients
2016-09-18T04:59:01.869653Z 0 [Warning] /usr/sbin/mysqld: Forcing close of thread 31  user: 'isucon'

2016-09-18T04:59:01.869673Z 0 [Warning] /usr/sbin/mysqld: Forcing close of thread 29  user: 'isucon'

2016-09-18T04:59:01.869688Z 0 [Warning] /usr/sbin/mysqld: Forcing close of thread 30  user: 'isucon'

2016-09-18T04:59:01.869696Z 0 [Warning] /usr/sbin/mysqld: Forcing close of thread 32  user: 'isucon'

2016-09-18T04:59:01.869707Z 0 [Note] Event Scheduler: Purging the queue. 0 events
2016-09-18T04:59:01.869946Z 0 [Note] Binlog end
2016-09-18T04:59:01.870392Z 0 [Note] Shutting down plugin 'ngram'
2016-09-18T04:59:01.870401Z 0 [Note] Shutting down plugin 'ARCHIVE'
2016-09-18T04:59:01.870405Z 0 [Note] Shutting down plugin 'partition'
2016-09-18T04:59:01.870407Z 0 [Note] Shutting down plugin 'BLACKHOLE'
2016-09-18T04:59:01.870410Z 0 [Note] Shutting down plugin 'INNODB_SYS_VIRTUAL'
2016-09-18T04:59:01.870423Z 0 [Note] Shutting down plugin 'INNODB_SYS_DATAFILES'
2016-09-18T04:59:01.870426Z 0 [Note] Shutting down plugin 'INNODB_SYS_TABLESPACES'
2016-09-18T04:59:01.870428Z 0 [Note] Shutting down plugin 'INNODB_SYS_FOREIGN_COLS'
2016-09-18T04:59:01.870430Z 0 [Note] Shutting down plugin 'INNODB_SYS_FOREIGN'
2016-09-18T04:59:01.870432Z 0 [Note] Shutting down plugin 'INNODB_SYS_FIELDS'
2016-09-18T04:59:01.870435Z 0 [Note] Shutting down plugin 'INNODB_SYS_COLUMNS'
2016-09-18T04:59:01.870437Z 0 [Note] Shutting down plugin 'INNODB_SYS_INDEXES'
2016-09-18T04:59:01.870439Z 0 [Note] Shutting down plugin 'INNODB_SYS_TABLESTATS'
2016-09-18T04:59:01.870441Z 0 [Note] Shutting down plugin 'INNODB_SYS_TABLES'
2016-09-18T04:59:01.870443Z 0 [Note] Shutting down plugin 'INNODB_FT_INDEX_TABLE'
2016-09-18T04:59:01.870445Z 0 [Note] Shutting down plugin 'INNODB_FT_INDEX_CACHE'
2016-09-18T04:59:01.870447Z 0 [Note] Shutting down plugin 'INNODB_FT_CONFIG'
2016-09-18T04:59:01.870450Z 0 [Note] Shutting down plugin 'INNODB_FT_BEING_DELETED'
2016-09-18T04:59:01.870452Z 0 [Note] Shutting down plugin 'INNODB_FT_DELETED'
2016-09-18T04:59:01.870454Z 0 [Note] Shutting down plugin 'INNODB_FT_DEFAULT_STOPWORD'
2016-09-18T04:59:01.870456Z 0 [Note] Shutting down plugin 'INNODB_METRICS'
2016-09-18T04:59:01.870458Z 0 [Note] Shutting down plugin 'INNODB_TEMP_TABLE_INFO'
2016-09-18T04:59:01.870461Z 0 [Note] Shutting down plugin 'INNODB_BUFFER_POOL_STATS'
2016-09-18T04:59:01.870463Z 0 [Note] Shutting down plugin 'INNODB_BUFFER_PAGE_LRU'
2016-09-18T04:59:01.870465Z 0 [Note] Shutting down plugin 'INNODB_BUFFER_PAGE'
2016-09-18T04:59:01.870467Z 0 [Note] Shutting down plugin 'INNODB_CMP_PER_INDEX_RESET'
2016-09-18T04:59:01.870469Z 0 [Note] Shutting down plugin 'INNODB_CMP_PER_INDEX'
2016-09-18T04:59:01.870471Z 0 [Note] Shutting down plugin 'INNODB_CMPMEM_RESET'
2016-09-18T04:59:01.870474Z 0 [Note] Shutting down plugin 'INNODB_CMPMEM'
2016-09-18T04:59:01.870476Z 0 [Note] Shutting down plugin 'INNODB_CMP_RESET'
2016-09-18T04:59:01.870478Z 0 [Note] Shutting down plugin 'INNODB_CMP'
2016-09-18T04:59:01.870480Z 0 [Note] Shutting down plugin 'INNODB_LOCK_WAITS'
2016-09-18T04:59:01.870482Z 0 [Note] Shutting down plugin 'INNODB_LOCKS'
2016-09-18T04:59:01.870484Z 0 [Note] Shutting down plugin 'INNODB_TRX'
2016-09-18T04:59:01.870486Z 0 [Note] Shutting down plugin 'InnoDB'
2016-09-18T04:59:01.870538Z 0 [Note] InnoDB: FTS optimize thread exiting.
2016-09-18T04:59:01.870631Z 0 [Note] InnoDB: Starting shutdown...
2016-09-18T04:59:01.970824Z 0 [Note] InnoDB: Dumping buffer pool(s) to /var/lib/mysql/ib_buffer_pool
2016-09-18T04:59:01.971143Z 0 [Note] InnoDB: Buffer pool(s) dump completed at 160918 13:59:01
2016-09-18T04:59:03.476882Z 0 [Note] InnoDB: Shutdown completed; log sequence number 33964655
2016-09-18T04:59:03.476963Z 0 [Note] InnoDB: Removed temporary tablespace data file: "ibtmp1"
2016-09-18T04:59:03.476972Z 0 [Note] Shutting down plugin 'MEMORY'
2016-09-18T04:59:03.476977Z 0 [Note] Shutting down plugin 'PERFORMANCE_SCHEMA'
2016-09-18T04:59:03.476999Z 0 [Note] Shutting down plugin 'MRG_MYISAM'
2016-09-18T04:59:03.477003Z 0 [Note] Shutting down plugin 'MyISAM'
2016-09-18T04:59:03.477008Z 0 [Note] Shutting down plugin 'CSV'
2016-09-18T04:59:03.477012Z 0 [Note] Shutting down plugin 'sha256_password'
2016-09-18T04:59:03.477014Z 0 [Note] Shutting down plugin 'mysql_native_password'
2016-09-18T04:59:03.477141Z 0 [Note] Shutting down plugin 'binlog'
2016-09-18T04:59:03.477537Z 0 [Note] /usr/sbin/mysqld: Shutdown complete

