2016-09-18T07:14:15.919596Z 0 [Warning] Changed limits: max_open_files: 1024 (requested 5000)
2016-09-18T07:14:15.919654Z 0 [Warning] Changed limits: table_open_cache: 431 (requested 2000)
2016-09-18T07:14:16.072281Z 0 [Warning] TIMESTAMP with implicit DEFAULT value is deprecated. Please use --explicit_defaults_for_timestamp server option (see documentation for more details).
2016-09-18T07:14:16.073755Z 0 [Note] /usr/sbin/mysqld (mysqld 5.7.15-0ubuntu0.16.04.1-log) starting as process 33553 ...
2016-09-18T07:14:16.077574Z 0 [Note] InnoDB: PUNCH HOLE support available
2016-09-18T07:14:16.077589Z 0 [Note] InnoDB: Mutexes and rw_locks use GCC atomic builtins
2016-09-18T07:14:16.077593Z 0 [Note] InnoDB: Uses event mutexes
2016-09-18T07:14:16.077596Z 0 [Note] InnoDB: GCC builtin __atomic_thread_fence() is used for memory barrier
2016-09-18T07:14:16.077599Z 0 [Note] InnoDB: Compressed tables use zlib 1.2.8
2016-09-18T07:14:16.077602Z 0 [Note] InnoDB: Using Linux native AIO
2016-09-18T07:14:16.077816Z 0 [Note] InnoDB: Number of pools: 1
2016-09-18T07:14:16.077915Z 0 [Note] InnoDB: Using CPU crc32 instructions
2016-09-18T07:14:16.082792Z 0 [Note] InnoDB: Initializing buffer pool, total size = 3G, instances = 8, chunk size = 128M
2016-09-18T07:14:16.251134Z 0 [Note] InnoDB: Completed initialization of buffer pool
2016-09-18T07:14:16.271746Z 0 [Note] InnoDB: If the mysqld execution user is authorized, page cleaner thread priority can be changed. See the man page of setpriority().
2016-09-18T07:14:16.289954Z 0 [Note] InnoDB: Highest supported file format is Barracuda.
2016-09-18T07:14:16.485329Z 0 [Note] InnoDB: Creating shared tablespace for temporary tables
2016-09-18T07:14:16.485393Z 0 [Note] InnoDB: Setting file './ibtmp1' size to 12 MB. Physically writing the file full; Please wait ...
2016-09-18T07:14:16.667875Z 0 [Note] InnoDB: File './ibtmp1' size is now 12 MB.
2016-09-18T07:14:16.668576Z 0 [Note] InnoDB: 96 redo rollback segment(s) found. 96 redo rollback segment(s) are active.
2016-09-18T07:14:16.668584Z 0 [Note] InnoDB: 32 non-redo rollback segment(s) are active.
2016-09-18T07:14:16.668910Z 0 [Note] InnoDB: Waiting for purge to start
2016-09-18T07:14:16.719397Z 0 [Note] InnoDB: 5.7.15 started; log sequence number 90368975
2016-09-18T07:14:16.720005Z 0 [Note] InnoDB: Loading buffer pool(s) from /var/lib/mysql/ib_buffer_pool
2016-09-18T07:14:16.720079Z 0 [Note] Plugin 'FEDERATED' is disabled.
2016-09-18T07:14:16.725874Z 0 [Warning] Failed to set up SSL because of the following SSL library error: SSL context is not usable without certificate and private key
2016-09-18T07:14:16.725887Z 0 [Note] Server hostname (bind-address): '127.0.0.1'; port: 3306
2016-09-18T07:14:16.725900Z 0 [Note]   - '127.0.0.1' resolves to '127.0.0.1';
2016-09-18T07:14:16.725923Z 0 [Note] Server socket created on IP: '127.0.0.1'.
2016-09-18T07:14:16.742520Z 0 [Note] Event Scheduler: Loaded 0 events
2016-09-18T07:14:16.742681Z 0 [Note] /usr/sbin/mysqld: ready for connections.
Version: '5.7.15-0ubuntu0.16.04.1-log'  socket: '/var/run/mysqld/mysqld.sock'  port: 3306  (Ubuntu)
2016-09-18T07:14:16.923653Z 2 [Note] Access denied for user 'root'@'localhost' (using password: NO)
2016-09-18T07:14:17.024577Z 0 [Note] InnoDB: Buffer pool(s) load completed at 160918 16:14:17
2016-09-18T07:19:13.713057Z 0 [Note] Giving 22 client threads a chance to die gracefully
2016-09-18T07:19:13.713115Z 0 [Note] Shutting down slave threads
2016-09-18T07:19:15.713190Z 0 [Note] Forcefully disconnecting 21 remaining clients
2016-09-18T07:19:15.713225Z 0 [Warning] /usr/sbin/mysqld: Forcing close of thread 9  user: 'isucon'

2016-09-18T07:19:15.713243Z 0 [Warning] /usr/sbin/mysqld: Forcing close of thread 22  user: 'isucon'

2016-09-18T07:19:15.713250Z 0 [Warning] /usr/sbin/mysqld: Forcing close of thread 7  user: 'isucon'

2016-09-18T07:19:15.713257Z 0 [Warning] /usr/sbin/mysqld: Forcing close of thread 11  user: 'isucon'

2016-09-18T07:19:15.713264Z 0 [Warning] /usr/sbin/mysqld: Forcing close of thread 8  user: 'isucon'

2016-09-18T07:19:15.713281Z 0 [Warning] /usr/sbin/mysqld: Forcing close of thread 10  user: 'isucon'

2016-09-18T07:19:15.713300Z 0 [Warning] /usr/sbin/mysqld: Forcing close of thread 23  user: 'isucon'

2016-09-18T07:19:15.713307Z 0 [Warning] /usr/sbin/mysqld: Forcing close of thread 5  user: 'isucon'

2016-09-18T07:19:15.713313Z 0 [Warning] /usr/sbin/mysqld: Forcing close of thread 12  user: 'isucon'

2016-09-18T07:19:15.713319Z 0 [Warning] /usr/sbin/mysqld: Forcing close of thread 6  user: 'isucon'

2016-09-18T07:19:15.713325Z 0 [Warning] /usr/sbin/mysqld: Forcing close of thread 24  user: 'isucon'

2016-09-18T07:19:15.713350Z 0 [Warning] /usr/sbin/mysqld: Forcing close of thread 14  user: 'isucon'

2016-09-18T07:19:15.713371Z 0 [Warning] /usr/sbin/mysqld: Forcing close of thread 4  user: 'isucon'

2016-09-18T07:19:15.713376Z 0 [Warning] /usr/sbin/mysqld: Forcing close of thread 13  user: 'isucon'

2016-09-18T07:19:15.713382Z 0 [Warning] /usr/sbin/mysqld: Forcing close of thread 15  user: 'isucon'

2016-09-18T07:19:15.713392Z 0 [Warning] /usr/sbin/mysqld: Forcing close of thread 16  user: 'isucon'

2016-09-18T07:19:15.713399Z 0 [Warning] /usr/sbin/mysqld: Forcing close of thread 17  user: 'isucon'

2016-09-18T07:19:15.713405Z 0 [Warning] /usr/sbin/mysqld: Forcing close of thread 19  user: 'isucon'

2016-09-18T07:19:15.713411Z 0 [Warning] /usr/sbin/mysqld: Forcing close of thread 18  user: 'isucon'

2016-09-18T07:19:15.713421Z 0 [Warning] /usr/sbin/mysqld: Forcing close of thread 20  user: 'isucon'

2016-09-18T07:19:15.713428Z 0 [Warning] /usr/sbin/mysqld: Forcing close of thread 21  user: 'isucon'

2016-09-18T07:19:15.713442Z 0 [Note] Event Scheduler: Purging the queue. 0 events
2016-09-18T07:19:15.714216Z 0 [Note] Binlog end
2016-09-18T07:19:15.714712Z 0 [Note] Shutting down plugin 'ngram'
2016-09-18T07:19:15.714719Z 0 [Note] Shutting down plugin 'ARCHIVE'
2016-09-18T07:19:15.714722Z 0 [Note] Shutting down plugin 'partition'
2016-09-18T07:19:15.714724Z 0 [Note] Shutting down plugin 'BLACKHOLE'
2016-09-18T07:19:15.714727Z 0 [Note] Shutting down plugin 'INNODB_SYS_VIRTUAL'
2016-09-18T07:19:15.714729Z 0 [Note] Shutting down plugin 'INNODB_SYS_DATAFILES'
2016-09-18T07:19:15.714731Z 0 [Note] Shutting down plugin 'INNODB_SYS_TABLESPACES'
2016-09-18T07:19:15.714733Z 0 [Note] Shutting down plugin 'INNODB_SYS_FOREIGN_COLS'
2016-09-18T07:19:15.714735Z 0 [Note] Shutting down plugin 'INNODB_SYS_FOREIGN'
2016-09-18T07:19:15.714737Z 0 [Note] Shutting down plugin 'INNODB_SYS_FIELDS'
2016-09-18T07:19:15.714739Z 0 [Note] Shutting down plugin 'INNODB_SYS_COLUMNS'
2016-09-18T07:19:15.714741Z 0 [Note] Shutting down plugin 'INNODB_SYS_INDEXES'
2016-09-18T07:19:15.714742Z 0 [Note] Shutting down plugin 'INNODB_SYS_TABLESTATS'
2016-09-18T07:19:15.714744Z 0 [Note] Shutting down plugin 'INNODB_SYS_TABLES'
2016-09-18T07:19:15.714746Z 0 [Note] Shutting down plugin 'INNODB_FT_INDEX_TABLE'
2016-09-18T07:19:15.714748Z 0 [Note] Shutting down plugin 'INNODB_FT_INDEX_CACHE'
2016-09-18T07:19:15.714750Z 0 [Note] Shutting down plugin 'INNODB_FT_CONFIG'
2016-09-18T07:19:15.714752Z 0 [Note] Shutting down plugin 'INNODB_FT_BEING_DELETED'
2016-09-18T07:19:15.714754Z 0 [Note] Shutting down plugin 'INNODB_FT_DELETED'
2016-09-18T07:19:15.714755Z 0 [Note] Shutting down plugin 'INNODB_FT_DEFAULT_STOPWORD'
2016-09-18T07:19:15.714757Z 0 [Note] Shutting down plugin 'INNODB_METRICS'
2016-09-18T07:19:15.714759Z 0 [Note] Shutting down plugin 'INNODB_TEMP_TABLE_INFO'
2016-09-18T07:19:15.714761Z 0 [Note] Shutting down plugin 'INNODB_BUFFER_POOL_STATS'
2016-09-18T07:19:15.714763Z 0 [Note] Shutting down plugin 'INNODB_BUFFER_PAGE_LRU'
2016-09-18T07:19:15.714765Z 0 [Note] Shutting down plugin 'INNODB_BUFFER_PAGE'
2016-09-18T07:19:15.714767Z 0 [Note] Shutting down plugin 'INNODB_CMP_PER_INDEX_RESET'
2016-09-18T07:19:15.714768Z 0 [Note] Shutting down plugin 'INNODB_CMP_PER_INDEX'
2016-09-18T07:19:15.714770Z 0 [Note] Shutting down plugin 'INNODB_CMPMEM_RESET'
2016-09-18T07:19:15.714772Z 0 [Note] Shutting down plugin 'INNODB_CMPMEM'
2016-09-18T07:19:15.714774Z 0 [Note] Shutting down plugin 'INNODB_CMP_RESET'
2016-09-18T07:19:15.714776Z 0 [Note] Shutting down plugin 'INNODB_CMP'
2016-09-18T07:19:15.714783Z 0 [Note] Shutting down plugin 'INNODB_LOCK_WAITS'
2016-09-18T07:19:15.714786Z 0 [Note] Shutting down plugin 'INNODB_LOCKS'
2016-09-18T07:19:15.714787Z 0 [Note] Shutting down plugin 'INNODB_TRX'
2016-09-18T07:19:15.714789Z 0 [Note] Shutting down plugin 'InnoDB'
2016-09-18T07:19:15.714822Z 0 [Note] InnoDB: FTS optimize thread exiting.
2016-09-18T07:19:15.715017Z 0 [Note] InnoDB: Starting shutdown...
2016-09-18T07:19:15.815135Z 0 [Note] InnoDB: Dumping buffer pool(s) to /var/lib/mysql/ib_buffer_pool
2016-09-18T07:19:15.815481Z 0 [Note] InnoDB: Buffer pool(s) dump completed at 160918 16:19:15
2016-09-18T07:19:17.427525Z 0 [Note] InnoDB: Shutdown completed; log sequence number 90547232
2016-09-18T07:19:17.427617Z 0 [Note] InnoDB: Removed temporary tablespace data file: "ibtmp1"
2016-09-18T07:19:17.427626Z 0 [Note] Shutting down plugin 'MEMORY'
2016-09-18T07:19:17.427631Z 0 [Note] Shutting down plugin 'PERFORMANCE_SCHEMA'
2016-09-18T07:19:17.427652Z 0 [Note] Shutting down plugin 'MRG_MYISAM'
2016-09-18T07:19:17.427655Z 0 [Note] Shutting down plugin 'MyISAM'
2016-09-18T07:19:17.427661Z 0 [Note] Shutting down plugin 'CSV'
2016-09-18T07:19:17.427664Z 0 [Note] Shutting down plugin 'sha256_password'
2016-09-18T07:19:17.427667Z 0 [Note] Shutting down plugin 'mysql_native_password'
2016-09-18T07:19:17.427788Z 0 [Note] Shutting down plugin 'binlog'
2016-09-18T07:19:17.428268Z 0 [Note] /usr/sbin/mysqld: Shutdown complete

