2016-09-18T07:51:41.758348Z 0 [Warning] Changed limits: max_open_files: 1024 (requested 5000)
2016-09-18T07:51:41.758383Z 0 [Warning] Changed limits: table_open_cache: 431 (requested 2000)
2016-09-18T07:51:41.909591Z 0 [Warning] TIMESTAMP with implicit DEFAULT value is deprecated. Please use --explicit_defaults_for_timestamp server option (see documentation for more details).
2016-09-18T07:51:41.911178Z 0 [Note] /usr/sbin/mysqld (mysqld 5.7.15-0ubuntu0.16.04.1-log) starting as process 36712 ...
2016-09-18T07:51:41.915080Z 0 [Note] InnoDB: PUNCH HOLE support available
2016-09-18T07:51:41.915099Z 0 [Note] InnoDB: Mutexes and rw_locks use GCC atomic builtins
2016-09-18T07:51:41.915102Z 0 [Note] InnoDB: Uses event mutexes
2016-09-18T07:51:41.915106Z 0 [Note] InnoDB: GCC builtin __atomic_thread_fence() is used for memory barrier
2016-09-18T07:51:41.915109Z 0 [Note] InnoDB: Compressed tables use zlib 1.2.8
2016-09-18T07:51:41.915112Z 0 [Note] InnoDB: Using Linux native AIO
2016-09-18T07:51:41.915330Z 0 [Note] InnoDB: Number of pools: 1
2016-09-18T07:51:41.915451Z 0 [Note] InnoDB: Using CPU crc32 instructions
2016-09-18T07:51:41.935705Z 0 [Note] InnoDB: Initializing buffer pool, total size = 3G, instances = 8, chunk size = 128M
2016-09-18T07:51:42.106506Z 0 [Note] InnoDB: Completed initialization of buffer pool
2016-09-18T07:51:42.128220Z 0 [Note] InnoDB: If the mysqld execution user is authorized, page cleaner thread priority can be changed. See the man page of setpriority().
2016-09-18T07:51:42.146392Z 0 [Note] InnoDB: Highest supported file format is Barracuda.
2016-09-18T07:51:42.344993Z 0 [Note] InnoDB: Creating shared tablespace for temporary tables
2016-09-18T07:51:42.345058Z 0 [Note] InnoDB: Setting file './ibtmp1' size to 12 MB. Physically writing the file full; Please wait ...
2016-09-18T07:51:42.550583Z 0 [Note] InnoDB: File './ibtmp1' size is now 12 MB.
2016-09-18T07:51:42.551195Z 0 [Note] InnoDB: 96 redo rollback segment(s) found. 96 redo rollback segment(s) are active.
2016-09-18T07:51:42.551203Z 0 [Note] InnoDB: 32 non-redo rollback segment(s) are active.
2016-09-18T07:51:42.551870Z 0 [Note] InnoDB: Waiting for purge to start
2016-09-18T07:51:42.602515Z 0 [Note] InnoDB: 5.7.15 started; log sequence number 91919660
2016-09-18T07:51:42.602697Z 0 [Note] InnoDB: Loading buffer pool(s) from /var/lib/mysql/ib_buffer_pool
2016-09-18T07:51:42.602757Z 0 [Note] Plugin 'FEDERATED' is disabled.
2016-09-18T07:51:42.608272Z 0 [Warning] Failed to set up SSL because of the following SSL library error: SSL context is not usable without certificate and private key
2016-09-18T07:51:42.608286Z 0 [Note] Server hostname (bind-address): '127.0.0.1'; port: 3306
2016-09-18T07:51:42.608298Z 0 [Note]   - '127.0.0.1' resolves to '127.0.0.1';
2016-09-18T07:51:42.608321Z 0 [Note] Server socket created on IP: '127.0.0.1'.
2016-09-18T07:51:42.624744Z 0 [Note] Event Scheduler: Loaded 0 events
2016-09-18T07:51:42.624946Z 0 [Note] /usr/sbin/mysqld: ready for connections.
Version: '5.7.15-0ubuntu0.16.04.1-log'  socket: '/var/run/mysqld/mysqld.sock'  port: 3306  (Ubuntu)
2016-09-18T07:51:42.761827Z 2 [Note] Access denied for user 'root'@'localhost' (using password: NO)
2016-09-18T07:51:42.855793Z 0 [Note] InnoDB: Buffer pool(s) load completed at 160918 16:51:42
2016-09-18T07:55:26.750220Z 0 [Note] Giving 11 client threads a chance to die gracefully
2016-09-18T07:55:26.750259Z 0 [Note] Shutting down slave threads
2016-09-18T07:55:28.750337Z 0 [Note] Forcefully disconnecting 10 remaining clients
2016-09-18T07:55:28.750364Z 0 [Warning] /usr/sbin/mysqld: Forcing close of thread 9  user: 'isucon'

2016-09-18T07:55:28.750389Z 0 [Warning] /usr/sbin/mysqld: Forcing close of thread 7  user: 'isucon'

2016-09-18T07:55:28.750398Z 0 [Warning] /usr/sbin/mysqld: Forcing close of thread 11  user: 'isucon'

2016-09-18T07:55:28.750404Z 0 [Warning] /usr/sbin/mysqld: Forcing close of thread 8  user: 'isucon'

2016-09-18T07:55:28.750410Z 0 [Warning] /usr/sbin/mysqld: Forcing close of thread 10  user: 'isucon'

2016-09-18T07:55:28.750416Z 0 [Warning] /usr/sbin/mysqld: Forcing close of thread 5  user: 'isucon'

2016-09-18T07:55:28.750439Z 0 [Warning] /usr/sbin/mysqld: Forcing close of thread 13  user: 'isucon'

2016-09-18T07:55:28.750446Z 0 [Warning] /usr/sbin/mysqld: Forcing close of thread 6  user: 'isucon'

2016-09-18T07:55:28.750461Z 0 [Warning] /usr/sbin/mysqld: Forcing close of thread 12  user: 'isucon'

2016-09-18T07:55:28.750468Z 0 [Warning] /usr/sbin/mysqld: Forcing close of thread 4  user: 'isucon'

2016-09-18T07:55:28.750481Z 0 [Note] Event Scheduler: Purging the queue. 0 events
2016-09-18T07:55:28.750829Z 0 [Note] Binlog end
2016-09-18T07:55:28.751803Z 0 [Note] Shutting down plugin 'ngram'
2016-09-18T07:55:28.751811Z 0 [Note] Shutting down plugin 'ARCHIVE'
2016-09-18T07:55:28.751814Z 0 [Note] Shutting down plugin 'partition'
2016-09-18T07:55:28.751816Z 0 [Note] Shutting down plugin 'BLACKHOLE'
2016-09-18T07:55:28.751819Z 0 [Note] Shutting down plugin 'INNODB_SYS_VIRTUAL'
2016-09-18T07:55:28.751822Z 0 [Note] Shutting down plugin 'INNODB_SYS_DATAFILES'
2016-09-18T07:55:28.751824Z 0 [Note] Shutting down plugin 'INNODB_SYS_TABLESPACES'
2016-09-18T07:55:28.751826Z 0 [Note] Shutting down plugin 'INNODB_SYS_FOREIGN_COLS'
2016-09-18T07:55:28.751828Z 0 [Note] Shutting down plugin 'INNODB_SYS_FOREIGN'
2016-09-18T07:55:28.751830Z 0 [Note] Shutting down plugin 'INNODB_SYS_FIELDS'
2016-09-18T07:55:28.751832Z 0 [Note] Shutting down plugin 'INNODB_SYS_COLUMNS'
2016-09-18T07:55:28.751834Z 0 [Note] Shutting down plugin 'INNODB_SYS_INDEXES'
2016-09-18T07:55:28.751836Z 0 [Note] Shutting down plugin 'INNODB_SYS_TABLESTATS'
2016-09-18T07:55:28.751838Z 0 [Note] Shutting down plugin 'INNODB_SYS_TABLES'
2016-09-18T07:55:28.751841Z 0 [Note] Shutting down plugin 'INNODB_FT_INDEX_TABLE'
2016-09-18T07:55:28.751843Z 0 [Note] Shutting down plugin 'INNODB_FT_INDEX_CACHE'
2016-09-18T07:55:28.751845Z 0 [Note] Shutting down plugin 'INNODB_FT_CONFIG'
2016-09-18T07:55:28.751847Z 0 [Note] Shutting down plugin 'INNODB_FT_BEING_DELETED'
2016-09-18T07:55:28.751849Z 0 [Note] Shutting down plugin 'INNODB_FT_DELETED'
2016-09-18T07:55:28.751851Z 0 [Note] Shutting down plugin 'INNODB_FT_DEFAULT_STOPWORD'
2016-09-18T07:55:28.751853Z 0 [Note] Shutting down plugin 'INNODB_METRICS'
2016-09-18T07:55:28.751855Z 0 [Note] Shutting down plugin 'INNODB_TEMP_TABLE_INFO'
2016-09-18T07:55:28.751857Z 0 [Note] Shutting down plugin 'INNODB_BUFFER_POOL_STATS'
2016-09-18T07:55:28.751859Z 0 [Note] Shutting down plugin 'INNODB_BUFFER_PAGE_LRU'
2016-09-18T07:55:28.751861Z 0 [Note] Shutting down plugin 'INNODB_BUFFER_PAGE'
2016-09-18T07:55:28.751864Z 0 [Note] Shutting down plugin 'INNODB_CMP_PER_INDEX_RESET'
2016-09-18T07:55:28.751866Z 0 [Note] Shutting down plugin 'INNODB_CMP_PER_INDEX'
2016-09-18T07:55:28.751868Z 0 [Note] Shutting down plugin 'INNODB_CMPMEM_RESET'
2016-09-18T07:55:28.751870Z 0 [Note] Shutting down plugin 'INNODB_CMPMEM'
2016-09-18T07:55:28.751872Z 0 [Note] Shutting down plugin 'INNODB_CMP_RESET'
2016-09-18T07:55:28.751874Z 0 [Note] Shutting down plugin 'INNODB_CMP'
2016-09-18T07:55:28.751876Z 0 [Note] Shutting down plugin 'INNODB_LOCK_WAITS'
2016-09-18T07:55:28.751878Z 0 [Note] Shutting down plugin 'INNODB_LOCKS'
2016-09-18T07:55:28.751880Z 0 [Note] Shutting down plugin 'INNODB_TRX'
2016-09-18T07:55:28.751882Z 0 [Note] Shutting down plugin 'InnoDB'
2016-09-18T07:55:28.751957Z 0 [Note] InnoDB: FTS optimize thread exiting.
2016-09-18T07:55:28.752038Z 0 [Note] InnoDB: Starting shutdown...
2016-09-18T07:55:28.852211Z 0 [Note] InnoDB: Dumping buffer pool(s) to /var/lib/mysql/ib_buffer_pool
2016-09-18T07:55:28.852451Z 0 [Note] InnoDB: Buffer pool(s) dump completed at 160918 16:55:28
2016-09-18T07:55:30.647107Z 0 [Note] InnoDB: Shutdown completed; log sequence number 92324821
2016-09-18T07:55:30.647186Z 0 [Note] InnoDB: Removed temporary tablespace data file: "ibtmp1"
2016-09-18T07:55:30.647195Z 0 [Note] Shutting down plugin 'MEMORY'
2016-09-18T07:55:30.647199Z 0 [Note] Shutting down plugin 'PERFORMANCE_SCHEMA'
2016-09-18T07:55:30.647220Z 0 [Note] Shutting down plugin 'MRG_MYISAM'
2016-09-18T07:55:30.647224Z 0 [Note] Shutting down plugin 'MyISAM'
2016-09-18T07:55:30.647239Z 0 [Note] Shutting down plugin 'CSV'
2016-09-18T07:55:30.647243Z 0 [Note] Shutting down plugin 'sha256_password'
2016-09-18T07:55:30.647246Z 0 [Note] Shutting down plugin 'mysql_native_password'
2016-09-18T07:55:30.647372Z 0 [Note] Shutting down plugin 'binlog'
2016-09-18T07:55:30.647795Z 0 [Note] /usr/sbin/mysqld: Shutdown complete

