2016-09-18T07:55:30.700632Z 0 [Warning] Changed limits: max_open_files: 1024 (requested 5000)
2016-09-18T07:55:30.700666Z 0 [Warning] Changed limits: table_open_cache: 431 (requested 2000)
2016-09-18T07:55:30.851962Z 0 [Warning] TIMESTAMP with implicit DEFAULT value is deprecated. Please use --explicit_defaults_for_timestamp server option (see documentation for more details).
2016-09-18T07:55:30.852973Z 0 [Note] /usr/sbin/mysqld (mysqld 5.7.15-0ubuntu0.16.04.1-log) starting as process 36958 ...
2016-09-18T07:55:30.856363Z 0 [Note] InnoDB: PUNCH HOLE support available
2016-09-18T07:55:30.856377Z 0 [Note] InnoDB: Mutexes and rw_locks use GCC atomic builtins
2016-09-18T07:55:30.856381Z 0 [Note] InnoDB: Uses event mutexes
2016-09-18T07:55:30.856385Z 0 [Note] InnoDB: GCC builtin __atomic_thread_fence() is used for memory barrier
2016-09-18T07:55:30.856388Z 0 [Note] InnoDB: Compressed tables use zlib 1.2.8
2016-09-18T07:55:30.856391Z 0 [Note] InnoDB: Using Linux native AIO
2016-09-18T07:55:30.856611Z 0 [Note] InnoDB: Number of pools: 1
2016-09-18T07:55:30.856715Z 0 [Note] InnoDB: Using CPU crc32 instructions
2016-09-18T07:55:30.861332Z 0 [Note] InnoDB: Initializing buffer pool, total size = 3G, instances = 8, chunk size = 128M
2016-09-18T07:55:31.034403Z 0 [Note] InnoDB: Completed initialization of buffer pool
2016-09-18T07:55:31.056082Z 0 [Note] InnoDB: If the mysqld execution user is authorized, page cleaner thread priority can be changed. See the man page of setpriority().
2016-09-18T07:55:31.073756Z 0 [Note] InnoDB: Highest supported file format is Barracuda.
2016-09-18T07:55:31.278989Z 0 [Note] InnoDB: Creating shared tablespace for temporary tables
2016-09-18T07:55:31.279051Z 0 [Note] InnoDB: Setting file './ibtmp1' size to 12 MB. Physically writing the file full; Please wait ...
2016-09-18T07:55:31.459799Z 0 [Note] InnoDB: File './ibtmp1' size is now 12 MB.
2016-09-18T07:55:31.460406Z 0 [Note] InnoDB: 96 redo rollback segment(s) found. 96 redo rollback segment(s) are active.
2016-09-18T07:55:31.460414Z 0 [Note] InnoDB: 32 non-redo rollback segment(s) are active.
2016-09-18T07:55:31.460717Z 0 [Note] InnoDB: Waiting for purge to start
2016-09-18T07:55:31.511182Z 0 [Note] InnoDB: 5.7.15 started; log sequence number 92324821
2016-09-18T07:55:31.511719Z 0 [Note] InnoDB: Loading buffer pool(s) from /var/lib/mysql/ib_buffer_pool
2016-09-18T07:55:31.511803Z 0 [Note] Plugin 'FEDERATED' is disabled.
2016-09-18T07:55:31.517337Z 0 [Warning] Failed to set up SSL because of the following SSL library error: SSL context is not usable without certificate and private key
2016-09-18T07:55:31.517350Z 0 [Note] Server hostname (bind-address): '127.0.0.1'; port: 3306
2016-09-18T07:55:31.517362Z 0 [Note]   - '127.0.0.1' resolves to '127.0.0.1';
2016-09-18T07:55:31.517381Z 0 [Note] Server socket created on IP: '127.0.0.1'.
2016-09-18T07:55:31.532002Z 0 [Note] Event Scheduler: Loaded 0 events
2016-09-18T07:55:31.532130Z 0 [Note] /usr/sbin/mysqld: ready for connections.
Version: '5.7.15-0ubuntu0.16.04.1-log'  socket: '/var/run/mysqld/mysqld.sock'  port: 3306  (Ubuntu)
2016-09-18T07:55:31.700491Z 2 [Note] Access denied for user 'root'@'localhost' (using password: NO)
2016-09-18T07:55:31.727148Z 0 [Note] InnoDB: Buffer pool(s) load completed at 160918 16:55:31
2016-09-18T08:00:58.778548Z 0 [Note] Giving 11 client threads a chance to die gracefully
2016-09-18T08:00:58.778572Z 0 [Note] Shutting down slave threads
2016-09-18T08:01:00.778676Z 0 [Note] Forcefully disconnecting 10 remaining clients
2016-09-18T08:01:00.778704Z 0 [Warning] /usr/sbin/mysqld: Forcing close of thread 8  user: 'isucon'

2016-09-18T08:01:00.778723Z 0 [Warning] /usr/sbin/mysqld: Forcing close of thread 9  user: 'isucon'

2016-09-18T08:01:00.778736Z 0 [Warning] /usr/sbin/mysqld: Forcing close of thread 6  user: 'isucon'

2016-09-18T08:01:00.778745Z 0 [Warning] /usr/sbin/mysqld: Forcing close of thread 11  user: 'isucon'

2016-09-18T08:01:00.778751Z 0 [Warning] /usr/sbin/mysqld: Forcing close of thread 7  user: 'isucon'

2016-09-18T08:01:00.778757Z 0 [Warning] /usr/sbin/mysqld: Forcing close of thread 10  user: 'isucon'

2016-09-18T08:01:00.778779Z 0 [Warning] /usr/sbin/mysqld: Forcing close of thread 4  user: 'isucon'

2016-09-18T08:01:00.778787Z 0 [Warning] /usr/sbin/mysqld: Forcing close of thread 13  user: 'isucon'

2016-09-18T08:01:00.778793Z 0 [Warning] /usr/sbin/mysqld: Forcing close of thread 5  user: 'isucon'

2016-09-18T08:01:00.778799Z 0 [Warning] /usr/sbin/mysqld: Forcing close of thread 12  user: 'isucon'

2016-09-18T08:01:00.778809Z 0 [Note] Event Scheduler: Purging the queue. 0 events
2016-09-18T08:01:00.779207Z 0 [Note] Binlog end
2016-09-18T08:01:00.779603Z 0 [Note] Shutting down plugin 'ngram'
2016-09-18T08:01:00.779609Z 0 [Note] Shutting down plugin 'ARCHIVE'
2016-09-18T08:01:00.779612Z 0 [Note] Shutting down plugin 'partition'
2016-09-18T08:01:00.779614Z 0 [Note] Shutting down plugin 'BLACKHOLE'
2016-09-18T08:01:00.779617Z 0 [Note] Shutting down plugin 'INNODB_SYS_VIRTUAL'
2016-09-18T08:01:00.779620Z 0 [Note] Shutting down plugin 'INNODB_SYS_DATAFILES'
2016-09-18T08:01:00.779622Z 0 [Note] Shutting down plugin 'INNODB_SYS_TABLESPACES'
2016-09-18T08:01:00.779624Z 0 [Note] Shutting down plugin 'INNODB_SYS_FOREIGN_COLS'
2016-09-18T08:01:00.779626Z 0 [Note] Shutting down plugin 'INNODB_SYS_FOREIGN'
2016-09-18T08:01:00.779629Z 0 [Note] Shutting down plugin 'INNODB_SYS_FIELDS'
2016-09-18T08:01:00.779631Z 0 [Note] Shutting down plugin 'INNODB_SYS_COLUMNS'
2016-09-18T08:01:00.779633Z 0 [Note] Shutting down plugin 'INNODB_SYS_INDEXES'
2016-09-18T08:01:00.779635Z 0 [Note] Shutting down plugin 'INNODB_SYS_TABLESTATS'
2016-09-18T08:01:00.779637Z 0 [Note] Shutting down plugin 'INNODB_SYS_TABLES'
2016-09-18T08:01:00.779639Z 0 [Note] Shutting down plugin 'INNODB_FT_INDEX_TABLE'
2016-09-18T08:01:00.779641Z 0 [Note] Shutting down plugin 'INNODB_FT_INDEX_CACHE'
2016-09-18T08:01:00.779643Z 0 [Note] Shutting down plugin 'INNODB_FT_CONFIG'
2016-09-18T08:01:00.779646Z 0 [Note] Shutting down plugin 'INNODB_FT_BEING_DELETED'
2016-09-18T08:01:00.779648Z 0 [Note] Shutting down plugin 'INNODB_FT_DELETED'
2016-09-18T08:01:00.779650Z 0 [Note] Shutting down plugin 'INNODB_FT_DEFAULT_STOPWORD'
2016-09-18T08:01:00.779652Z 0 [Note] Shutting down plugin 'INNODB_METRICS'
2016-09-18T08:01:00.779654Z 0 [Note] Shutting down plugin 'INNODB_TEMP_TABLE_INFO'
2016-09-18T08:01:00.779656Z 0 [Note] Shutting down plugin 'INNODB_BUFFER_POOL_STATS'
2016-09-18T08:01:00.779658Z 0 [Note] Shutting down plugin 'INNODB_BUFFER_PAGE_LRU'
2016-09-18T08:01:00.779661Z 0 [Note] Shutting down plugin 'INNODB_BUFFER_PAGE'
2016-09-18T08:01:00.779663Z 0 [Note] Shutting down plugin 'INNODB_CMP_PER_INDEX_RESET'
2016-09-18T08:01:00.779670Z 0 [Note] Shutting down plugin 'INNODB_CMP_PER_INDEX'
2016-09-18T08:01:00.779672Z 0 [Note] Shutting down plugin 'INNODB_CMPMEM_RESET'
2016-09-18T08:01:00.779674Z 0 [Note] Shutting down plugin 'INNODB_CMPMEM'
2016-09-18T08:01:00.779676Z 0 [Note] Shutting down plugin 'INNODB_CMP_RESET'
2016-09-18T08:01:00.779678Z 0 [Note] Shutting down plugin 'INNODB_CMP'
2016-09-18T08:01:00.779680Z 0 [Note] Shutting down plugin 'INNODB_LOCK_WAITS'
2016-09-18T08:01:00.779683Z 0 [Note] Shutting down plugin 'INNODB_LOCKS'
2016-09-18T08:01:00.779685Z 0 [Note] Shutting down plugin 'INNODB_TRX'
2016-09-18T08:01:00.779687Z 0 [Note] Shutting down plugin 'InnoDB'
2016-09-18T08:01:00.779761Z 0 [Note] InnoDB: FTS optimize thread exiting.
2016-09-18T08:01:00.779977Z 0 [Note] InnoDB: Starting shutdown...
2016-09-18T08:01:00.880126Z 0 [Note] InnoDB: Dumping buffer pool(s) to /var/lib/mysql/ib_buffer_pool
2016-09-18T08:01:00.880380Z 0 [Note] InnoDB: Buffer pool(s) dump completed at 160918 17:01:00
2016-09-18T08:01:02.474103Z 0 [Note] InnoDB: Shutdown completed; log sequence number 92744681
2016-09-18T08:01:02.474177Z 0 [Note] InnoDB: Removed temporary tablespace data file: "ibtmp1"
2016-09-18T08:01:02.474186Z 0 [Note] Shutting down plugin 'MEMORY'
2016-09-18T08:01:02.474190Z 0 [Note] Shutting down plugin 'PERFORMANCE_SCHEMA'
2016-09-18T08:01:02.474212Z 0 [Note] Shutting down plugin 'MRG_MYISAM'
2016-09-18T08:01:02.474215Z 0 [Note] Shutting down plugin 'MyISAM'
2016-09-18T08:01:02.474230Z 0 [Note] Shutting down plugin 'CSV'
2016-09-18T08:01:02.474234Z 0 [Note] Shutting down plugin 'sha256_password'
2016-09-18T08:01:02.474236Z 0 [Note] Shutting down plugin 'mysql_native_password'
2016-09-18T08:01:02.474372Z 0 [Note] Shutting down plugin 'binlog'
2016-09-18T08:01:02.474701Z 0 [Note] /usr/sbin/mysqld: Shutdown complete

